[2025-08-27T03:32:42.903+0000] {processor.py:186} INFO - Started process (PID=175) to work on /opt/airflow/dags/etl_batch_dag.py
[2025-08-27T03:32:42.906+0000] {processor.py:914} INFO - Processing file /opt/airflow/dags/etl_batch_dag.py for tasks to queue
[2025-08-27T03:32:42.912+0000] {logging_mixin.py:190} INFO - [2025-08-27T03:32:42.912+0000] {dagbag.py:588} INFO - Filling up the DagBag from /opt/airflow/dags/etl_batch_dag.py
[2025-08-27T03:32:42.977+0000] {processor.py:925} INFO - DAG(s) 'etl_batch' retrieved from /opt/airflow/dags/etl_batch_dag.py
[2025-08-27T03:32:43.380+0000] {logging_mixin.py:190} INFO - [2025-08-27T03:32:43.379+0000] {override.py:1900} INFO - Created Permission View: can delete on DAG:etl_batch
[2025-08-27T03:32:43.420+0000] {logging_mixin.py:190} INFO - [2025-08-27T03:32:43.419+0000] {override.py:1900} INFO - Created Permission View: can read on DAG:etl_batch
[2025-08-27T03:32:43.431+0000] {logging_mixin.py:190} INFO - [2025-08-27T03:32:43.431+0000] {override.py:1900} INFO - Created Permission View: can edit on DAG:etl_batch
[2025-08-27T03:32:43.445+0000] {logging_mixin.py:190} INFO - [2025-08-27T03:32:43.445+0000] {override.py:1900} INFO - Created Permission View: menu access on DAG Run:etl_batch
[2025-08-27T03:32:43.454+0000] {logging_mixin.py:190} INFO - [2025-08-27T03:32:43.454+0000] {override.py:1900} INFO - Created Permission View: can delete on DAG Run:etl_batch
[2025-08-27T03:32:43.463+0000] {logging_mixin.py:190} INFO - [2025-08-27T03:32:43.462+0000] {override.py:1900} INFO - Created Permission View: can read on DAG Run:etl_batch
[2025-08-27T03:32:43.472+0000] {logging_mixin.py:190} INFO - [2025-08-27T03:32:43.472+0000] {override.py:1900} INFO - Created Permission View: can create on DAG Run:etl_batch
[2025-08-27T03:32:43.473+0000] {logging_mixin.py:190} INFO - [2025-08-27T03:32:43.473+0000] {dag.py:3239} INFO - Sync 1 DAGs
[2025-08-27T03:32:43.512+0000] {logging_mixin.py:190} INFO - [2025-08-27T03:32:43.512+0000] {dag.py:3262} INFO - Creating ORM DAG for etl_batch
[2025-08-27T03:32:43.533+0000] {logging_mixin.py:190} INFO - [2025-08-27T03:32:43.533+0000] {dag.py:4180} INFO - Setting next_dagrun for etl_batch to 2025-08-26 02:00:00+00:00, run_after=2025-08-27 02:00:00+00:00
[2025-08-27T03:32:43.582+0000] {processor.py:208} INFO - Processing /opt/airflow/dags/etl_batch_dag.py took 0.694 seconds
[2025-08-27T03:33:13.993+0000] {processor.py:186} INFO - Started process (PID=185) to work on /opt/airflow/dags/etl_batch_dag.py
[2025-08-27T03:33:13.996+0000] {processor.py:914} INFO - Processing file /opt/airflow/dags/etl_batch_dag.py for tasks to queue
[2025-08-27T03:33:14.003+0000] {logging_mixin.py:190} INFO - [2025-08-27T03:33:14.003+0000] {dagbag.py:588} INFO - Filling up the DagBag from /opt/airflow/dags/etl_batch_dag.py
[2025-08-27T03:33:14.067+0000] {processor.py:925} INFO - DAG(s) 'etl_batch' retrieved from /opt/airflow/dags/etl_batch_dag.py
[2025-08-27T03:33:14.208+0000] {logging_mixin.py:190} INFO - [2025-08-27T03:33:14.207+0000] {dag.py:3239} INFO - Sync 1 DAGs
[2025-08-27T03:33:14.345+0000] {logging_mixin.py:190} INFO - [2025-08-27T03:33:14.345+0000] {dag.py:4180} INFO - Setting next_dagrun for etl_batch to 2025-08-26 02:00:00+00:00, run_after=2025-08-27 02:00:00+00:00
[2025-08-27T03:33:14.403+0000] {processor.py:208} INFO - Processing /opt/airflow/dags/etl_batch_dag.py took 0.416 seconds
[2025-08-27T03:33:44.732+0000] {processor.py:186} INFO - Started process (PID=195) to work on /opt/airflow/dags/etl_batch_dag.py
[2025-08-27T03:33:44.733+0000] {processor.py:914} INFO - Processing file /opt/airflow/dags/etl_batch_dag.py for tasks to queue
[2025-08-27T03:33:44.735+0000] {logging_mixin.py:190} INFO - [2025-08-27T03:33:44.734+0000] {dagbag.py:588} INFO - Filling up the DagBag from /opt/airflow/dags/etl_batch_dag.py
[2025-08-27T03:33:44.761+0000] {processor.py:925} INFO - DAG(s) 'etl_batch' retrieved from /opt/airflow/dags/etl_batch_dag.py
[2025-08-27T03:33:44.826+0000] {logging_mixin.py:190} INFO - [2025-08-27T03:33:44.826+0000] {dag.py:3239} INFO - Sync 1 DAGs
[2025-08-27T03:33:44.879+0000] {logging_mixin.py:190} INFO - [2025-08-27T03:33:44.879+0000] {dag.py:4180} INFO - Setting next_dagrun for etl_batch to 2025-08-26 02:00:00+00:00, run_after=2025-08-27 02:00:00+00:00
[2025-08-27T03:33:44.921+0000] {processor.py:208} INFO - Processing /opt/airflow/dags/etl_batch_dag.py took 0.194 seconds
[2025-08-27T03:34:15.346+0000] {processor.py:186} INFO - Started process (PID=205) to work on /opt/airflow/dags/etl_batch_dag.py
[2025-08-27T03:34:15.355+0000] {processor.py:914} INFO - Processing file /opt/airflow/dags/etl_batch_dag.py for tasks to queue
[2025-08-27T03:34:15.358+0000] {logging_mixin.py:190} INFO - [2025-08-27T03:34:15.358+0000] {dagbag.py:588} INFO - Filling up the DagBag from /opt/airflow/dags/etl_batch_dag.py
[2025-08-27T03:34:15.411+0000] {processor.py:925} INFO - DAG(s) 'etl_batch' retrieved from /opt/airflow/dags/etl_batch_dag.py
[2025-08-27T03:34:15.489+0000] {logging_mixin.py:190} INFO - [2025-08-27T03:34:15.489+0000] {dag.py:3239} INFO - Sync 1 DAGs
[2025-08-27T03:34:15.548+0000] {logging_mixin.py:190} INFO - [2025-08-27T03:34:15.548+0000] {dag.py:4180} INFO - Setting next_dagrun for etl_batch to 2025-08-26 02:00:00+00:00, run_after=2025-08-27 02:00:00+00:00
[2025-08-27T03:34:15.618+0000] {processor.py:208} INFO - Processing /opt/airflow/dags/etl_batch_dag.py took 0.276 seconds
[2025-08-27T03:34:46.086+0000] {processor.py:186} INFO - Started process (PID=215) to work on /opt/airflow/dags/etl_batch_dag.py
[2025-08-27T03:34:46.090+0000] {processor.py:914} INFO - Processing file /opt/airflow/dags/etl_batch_dag.py for tasks to queue
[2025-08-27T03:34:46.092+0000] {logging_mixin.py:190} INFO - [2025-08-27T03:34:46.092+0000] {dagbag.py:588} INFO - Filling up the DagBag from /opt/airflow/dags/etl_batch_dag.py
[2025-08-27T03:34:46.140+0000] {processor.py:925} INFO - DAG(s) 'etl_batch' retrieved from /opt/airflow/dags/etl_batch_dag.py
[2025-08-27T03:34:46.469+0000] {logging_mixin.py:190} INFO - [2025-08-27T03:34:46.469+0000] {dag.py:3239} INFO - Sync 1 DAGs
[2025-08-27T03:34:46.546+0000] {logging_mixin.py:190} INFO - [2025-08-27T03:34:46.545+0000] {dag.py:4180} INFO - Setting next_dagrun for etl_batch to 2025-08-26 02:00:00+00:00, run_after=2025-08-27 02:00:00+00:00
[2025-08-27T03:34:46.592+0000] {processor.py:208} INFO - Processing /opt/airflow/dags/etl_batch_dag.py took 0.510 seconds
[2025-08-27T03:35:16.995+0000] {processor.py:186} INFO - Started process (PID=225) to work on /opt/airflow/dags/etl_batch_dag.py
[2025-08-27T03:35:16.997+0000] {processor.py:914} INFO - Processing file /opt/airflow/dags/etl_batch_dag.py for tasks to queue
[2025-08-27T03:35:17.002+0000] {logging_mixin.py:190} INFO - [2025-08-27T03:35:17.002+0000] {dagbag.py:588} INFO - Filling up the DagBag from /opt/airflow/dags/etl_batch_dag.py
[2025-08-27T03:35:17.074+0000] {processor.py:925} INFO - DAG(s) 'etl_batch' retrieved from /opt/airflow/dags/etl_batch_dag.py
[2025-08-27T03:35:17.181+0000] {logging_mixin.py:190} INFO - [2025-08-27T03:35:17.180+0000] {dag.py:3239} INFO - Sync 1 DAGs
[2025-08-27T03:35:17.246+0000] {logging_mixin.py:190} INFO - [2025-08-27T03:35:17.246+0000] {dag.py:4180} INFO - Setting next_dagrun for etl_batch to 2025-08-26 02:00:00+00:00, run_after=2025-08-27 02:00:00+00:00
[2025-08-27T03:35:17.312+0000] {processor.py:208} INFO - Processing /opt/airflow/dags/etl_batch_dag.py took 0.347 seconds
[2025-08-27T03:35:47.824+0000] {processor.py:186} INFO - Started process (PID=235) to work on /opt/airflow/dags/etl_batch_dag.py
[2025-08-27T03:35:47.825+0000] {processor.py:914} INFO - Processing file /opt/airflow/dags/etl_batch_dag.py for tasks to queue
[2025-08-27T03:35:47.828+0000] {logging_mixin.py:190} INFO - [2025-08-27T03:35:47.828+0000] {dagbag.py:588} INFO - Filling up the DagBag from /opt/airflow/dags/etl_batch_dag.py
[2025-08-27T03:35:47.874+0000] {processor.py:925} INFO - DAG(s) 'etl_batch' retrieved from /opt/airflow/dags/etl_batch_dag.py
[2025-08-27T03:35:47.979+0000] {logging_mixin.py:190} INFO - [2025-08-27T03:35:47.979+0000] {dag.py:3239} INFO - Sync 1 DAGs
[2025-08-27T03:35:48.060+0000] {logging_mixin.py:190} INFO - [2025-08-27T03:35:48.059+0000] {dag.py:4180} INFO - Setting next_dagrun for etl_batch to 2025-08-26 02:00:00+00:00, run_after=2025-08-27 02:00:00+00:00
[2025-08-27T03:35:48.122+0000] {processor.py:208} INFO - Processing /opt/airflow/dags/etl_batch_dag.py took 0.319 seconds
[2025-08-27T03:36:18.600+0000] {processor.py:186} INFO - Started process (PID=245) to work on /opt/airflow/dags/etl_batch_dag.py
[2025-08-27T03:36:18.605+0000] {processor.py:914} INFO - Processing file /opt/airflow/dags/etl_batch_dag.py for tasks to queue
[2025-08-27T03:36:18.621+0000] {logging_mixin.py:190} INFO - [2025-08-27T03:36:18.620+0000] {dagbag.py:588} INFO - Filling up the DagBag from /opt/airflow/dags/etl_batch_dag.py
[2025-08-27T03:36:18.686+0000] {processor.py:925} INFO - DAG(s) 'etl_batch' retrieved from /opt/airflow/dags/etl_batch_dag.py
[2025-08-27T03:36:18.740+0000] {logging_mixin.py:190} INFO - [2025-08-27T03:36:18.740+0000] {dag.py:3239} INFO - Sync 1 DAGs
[2025-08-27T03:36:18.779+0000] {logging_mixin.py:190} INFO - [2025-08-27T03:36:18.779+0000] {dag.py:4180} INFO - Setting next_dagrun for etl_batch to 2025-08-26 02:00:00+00:00, run_after=2025-08-27 02:00:00+00:00
[2025-08-27T03:36:18.835+0000] {processor.py:208} INFO - Processing /opt/airflow/dags/etl_batch_dag.py took 0.245 seconds
[2025-08-27T03:36:49.339+0000] {processor.py:186} INFO - Started process (PID=255) to work on /opt/airflow/dags/etl_batch_dag.py
[2025-08-27T03:36:49.340+0000] {processor.py:914} INFO - Processing file /opt/airflow/dags/etl_batch_dag.py for tasks to queue
[2025-08-27T03:36:49.343+0000] {logging_mixin.py:190} INFO - [2025-08-27T03:36:49.342+0000] {dagbag.py:588} INFO - Filling up the DagBag from /opt/airflow/dags/etl_batch_dag.py
[2025-08-27T03:36:49.389+0000] {processor.py:925} INFO - DAG(s) 'etl_batch' retrieved from /opt/airflow/dags/etl_batch_dag.py
[2025-08-27T03:36:49.480+0000] {logging_mixin.py:190} INFO - [2025-08-27T03:36:49.480+0000] {dag.py:3239} INFO - Sync 1 DAGs
[2025-08-27T03:36:49.536+0000] {logging_mixin.py:190} INFO - [2025-08-27T03:36:49.536+0000] {dag.py:4180} INFO - Setting next_dagrun for etl_batch to 2025-08-26 02:00:00+00:00, run_after=2025-08-27 02:00:00+00:00
[2025-08-27T03:36:49.596+0000] {processor.py:208} INFO - Processing /opt/airflow/dags/etl_batch_dag.py took 0.269 seconds
[2025-08-27T03:37:20.019+0000] {processor.py:186} INFO - Started process (PID=265) to work on /opt/airflow/dags/etl_batch_dag.py
[2025-08-27T03:37:20.020+0000] {processor.py:914} INFO - Processing file /opt/airflow/dags/etl_batch_dag.py for tasks to queue
[2025-08-27T03:37:20.022+0000] {logging_mixin.py:190} INFO - [2025-08-27T03:37:20.021+0000] {dagbag.py:588} INFO - Filling up the DagBag from /opt/airflow/dags/etl_batch_dag.py
[2025-08-27T03:37:20.067+0000] {processor.py:925} INFO - DAG(s) 'etl_batch' retrieved from /opt/airflow/dags/etl_batch_dag.py
[2025-08-27T03:37:20.151+0000] {logging_mixin.py:190} INFO - [2025-08-27T03:37:20.151+0000] {dag.py:3239} INFO - Sync 1 DAGs
[2025-08-27T03:37:20.225+0000] {logging_mixin.py:190} INFO - [2025-08-27T03:37:20.224+0000] {dag.py:4180} INFO - Setting next_dagrun for etl_batch to 2025-08-26 02:00:00+00:00, run_after=2025-08-27 02:00:00+00:00
[2025-08-27T03:37:20.264+0000] {processor.py:208} INFO - Processing /opt/airflow/dags/etl_batch_dag.py took 0.250 seconds
[2025-08-27T03:37:50.749+0000] {processor.py:186} INFO - Started process (PID=275) to work on /opt/airflow/dags/etl_batch_dag.py
[2025-08-27T03:37:50.750+0000] {processor.py:914} INFO - Processing file /opt/airflow/dags/etl_batch_dag.py for tasks to queue
[2025-08-27T03:37:50.752+0000] {logging_mixin.py:190} INFO - [2025-08-27T03:37:50.752+0000] {dagbag.py:588} INFO - Filling up the DagBag from /opt/airflow/dags/etl_batch_dag.py
[2025-08-27T03:37:50.789+0000] {processor.py:925} INFO - DAG(s) 'etl_batch' retrieved from /opt/airflow/dags/etl_batch_dag.py
[2025-08-27T03:37:50.868+0000] {logging_mixin.py:190} INFO - [2025-08-27T03:37:50.867+0000] {dag.py:3239} INFO - Sync 1 DAGs
[2025-08-27T03:37:50.930+0000] {logging_mixin.py:190} INFO - [2025-08-27T03:37:50.929+0000] {dag.py:4180} INFO - Setting next_dagrun for etl_batch to 2025-08-26 02:00:00+00:00, run_after=2025-08-27 02:00:00+00:00
[2025-08-27T03:37:51.001+0000] {processor.py:208} INFO - Processing /opt/airflow/dags/etl_batch_dag.py took 0.257 seconds
[2025-08-27T03:38:21.435+0000] {processor.py:186} INFO - Started process (PID=285) to work on /opt/airflow/dags/etl_batch_dag.py
[2025-08-27T03:38:21.437+0000] {processor.py:914} INFO - Processing file /opt/airflow/dags/etl_batch_dag.py for tasks to queue
[2025-08-27T03:38:21.440+0000] {logging_mixin.py:190} INFO - [2025-08-27T03:38:21.440+0000] {dagbag.py:588} INFO - Filling up the DagBag from /opt/airflow/dags/etl_batch_dag.py
[2025-08-27T03:38:21.479+0000] {processor.py:925} INFO - DAG(s) 'etl_batch' retrieved from /opt/airflow/dags/etl_batch_dag.py
[2025-08-27T03:38:21.572+0000] {logging_mixin.py:190} INFO - [2025-08-27T03:38:21.572+0000] {dag.py:3239} INFO - Sync 1 DAGs
[2025-08-27T03:38:21.620+0000] {logging_mixin.py:190} INFO - [2025-08-27T03:38:21.620+0000] {dag.py:4180} INFO - Setting next_dagrun for etl_batch to 2025-08-26 02:00:00+00:00, run_after=2025-08-27 02:00:00+00:00
[2025-08-27T03:38:21.674+0000] {processor.py:208} INFO - Processing /opt/airflow/dags/etl_batch_dag.py took 0.249 seconds
[2025-08-27T03:38:51.900+0000] {processor.py:186} INFO - Started process (PID=295) to work on /opt/airflow/dags/etl_batch_dag.py
[2025-08-27T03:38:51.902+0000] {processor.py:914} INFO - Processing file /opt/airflow/dags/etl_batch_dag.py for tasks to queue
[2025-08-27T03:38:51.904+0000] {logging_mixin.py:190} INFO - [2025-08-27T03:38:51.904+0000] {dagbag.py:588} INFO - Filling up the DagBag from /opt/airflow/dags/etl_batch_dag.py
[2025-08-27T03:38:51.943+0000] {processor.py:925} INFO - DAG(s) 'etl_batch' retrieved from /opt/airflow/dags/etl_batch_dag.py
[2025-08-27T03:38:52.050+0000] {logging_mixin.py:190} INFO - [2025-08-27T03:38:52.049+0000] {dag.py:3239} INFO - Sync 1 DAGs
[2025-08-27T03:38:52.100+0000] {logging_mixin.py:190} INFO - [2025-08-27T03:38:52.100+0000] {dag.py:4180} INFO - Setting next_dagrun for etl_batch to 2025-08-26 02:00:00+00:00, run_after=2025-08-27 02:00:00+00:00
[2025-08-27T03:38:52.162+0000] {processor.py:208} INFO - Processing /opt/airflow/dags/etl_batch_dag.py took 0.275 seconds
[2025-08-27T03:39:22.903+0000] {processor.py:186} INFO - Started process (PID=305) to work on /opt/airflow/dags/etl_batch_dag.py
[2025-08-27T03:39:22.905+0000] {processor.py:914} INFO - Processing file /opt/airflow/dags/etl_batch_dag.py for tasks to queue
[2025-08-27T03:39:22.907+0000] {logging_mixin.py:190} INFO - [2025-08-27T03:39:22.907+0000] {dagbag.py:588} INFO - Filling up the DagBag from /opt/airflow/dags/etl_batch_dag.py
[2025-08-27T03:39:22.994+0000] {processor.py:925} INFO - DAG(s) 'etl_batch' retrieved from /opt/airflow/dags/etl_batch_dag.py
[2025-08-27T03:39:23.481+0000] {logging_mixin.py:190} INFO - [2025-08-27T03:39:23.481+0000] {dag.py:3239} INFO - Sync 1 DAGs
[2025-08-27T03:39:23.990+0000] {logging_mixin.py:190} INFO - [2025-08-27T03:39:23.990+0000] {dag.py:4180} INFO - Setting next_dagrun for etl_batch to 2025-08-26 02:00:00+00:00, run_after=2025-08-27 02:00:00+00:00
[2025-08-27T03:39:24.065+0000] {processor.py:208} INFO - Processing /opt/airflow/dags/etl_batch_dag.py took 1.170 seconds
[2025-08-27T03:39:54.530+0000] {processor.py:186} INFO - Started process (PID=315) to work on /opt/airflow/dags/etl_batch_dag.py
[2025-08-27T03:39:54.531+0000] {processor.py:914} INFO - Processing file /opt/airflow/dags/etl_batch_dag.py for tasks to queue
[2025-08-27T03:39:54.537+0000] {logging_mixin.py:190} INFO - [2025-08-27T03:39:54.537+0000] {dagbag.py:588} INFO - Filling up the DagBag from /opt/airflow/dags/etl_batch_dag.py
[2025-08-27T03:39:54.604+0000] {processor.py:925} INFO - DAG(s) 'etl_batch' retrieved from /opt/airflow/dags/etl_batch_dag.py
[2025-08-27T03:39:54.786+0000] {logging_mixin.py:190} INFO - [2025-08-27T03:39:54.786+0000] {dag.py:3239} INFO - Sync 1 DAGs
[2025-08-27T03:39:54.954+0000] {logging_mixin.py:190} INFO - [2025-08-27T03:39:54.954+0000] {dag.py:4180} INFO - Setting next_dagrun for etl_batch to 2025-08-26 02:00:00+00:00, run_after=2025-08-27 02:00:00+00:00
[2025-08-27T03:39:55.095+0000] {processor.py:208} INFO - Processing /opt/airflow/dags/etl_batch_dag.py took 0.597 seconds
[2025-08-27T03:40:25.626+0000] {processor.py:186} INFO - Started process (PID=325) to work on /opt/airflow/dags/etl_batch_dag.py
[2025-08-27T03:40:25.628+0000] {processor.py:914} INFO - Processing file /opt/airflow/dags/etl_batch_dag.py for tasks to queue
[2025-08-27T03:40:25.630+0000] {logging_mixin.py:190} INFO - [2025-08-27T03:40:25.630+0000] {dagbag.py:588} INFO - Filling up the DagBag from /opt/airflow/dags/etl_batch_dag.py
[2025-08-27T03:40:25.666+0000] {processor.py:925} INFO - DAG(s) 'etl_batch' retrieved from /opt/airflow/dags/etl_batch_dag.py
[2025-08-27T03:40:25.794+0000] {logging_mixin.py:190} INFO - [2025-08-27T03:40:25.794+0000] {dag.py:3239} INFO - Sync 1 DAGs
[2025-08-27T03:40:25.863+0000] {logging_mixin.py:190} INFO - [2025-08-27T03:40:25.863+0000] {dag.py:4180} INFO - Setting next_dagrun for etl_batch to 2025-08-26 02:00:00+00:00, run_after=2025-08-27 02:00:00+00:00
[2025-08-27T03:40:25.940+0000] {processor.py:208} INFO - Processing /opt/airflow/dags/etl_batch_dag.py took 0.320 seconds
[2025-08-27T03:40:52.573+0000] {processor.py:186} INFO - Started process (PID=332) to work on /opt/airflow/dags/etl_batch_dag.py
[2025-08-27T03:40:52.574+0000] {processor.py:914} INFO - Processing file /opt/airflow/dags/etl_batch_dag.py for tasks to queue
[2025-08-27T03:40:52.589+0000] {logging_mixin.py:190} INFO - [2025-08-27T03:40:52.588+0000] {dagbag.py:588} INFO - Filling up the DagBag from /opt/airflow/dags/etl_batch_dag.py
[2025-08-27T03:40:52.733+0000] {processor.py:925} INFO - DAG(s) 'etl_batch' retrieved from /opt/airflow/dags/etl_batch_dag.py
[2025-08-27T03:40:53.420+0000] {logging_mixin.py:190} INFO - [2025-08-27T03:40:53.419+0000] {dag.py:3239} INFO - Sync 1 DAGs
[2025-08-27T03:40:55.363+0000] {logging_mixin.py:190} INFO - [2025-08-27T03:40:55.362+0000] {dag.py:4180} INFO - Setting next_dagrun for etl_batch to 2025-08-25 11:00:00+00:00, run_after=2025-08-26 11:00:00+00:00
[2025-08-27T03:40:55.454+0000] {processor.py:208} INFO - Processing /opt/airflow/dags/etl_batch_dag.py took 2.893 seconds
[2025-08-27T03:41:26.127+0000] {processor.py:186} INFO - Started process (PID=342) to work on /opt/airflow/dags/etl_batch_dag.py
[2025-08-27T03:41:26.129+0000] {processor.py:914} INFO - Processing file /opt/airflow/dags/etl_batch_dag.py for tasks to queue
[2025-08-27T03:41:26.133+0000] {logging_mixin.py:190} INFO - [2025-08-27T03:41:26.133+0000] {dagbag.py:588} INFO - Filling up the DagBag from /opt/airflow/dags/etl_batch_dag.py
[2025-08-27T03:41:26.170+0000] {processor.py:925} INFO - DAG(s) 'etl_batch' retrieved from /opt/airflow/dags/etl_batch_dag.py
[2025-08-27T03:41:26.225+0000] {logging_mixin.py:190} INFO - [2025-08-27T03:41:26.224+0000] {dag.py:3239} INFO - Sync 1 DAGs
[2025-08-27T03:41:26.292+0000] {logging_mixin.py:190} INFO - [2025-08-27T03:41:26.292+0000] {dag.py:4180} INFO - Setting next_dagrun for etl_batch to 2025-08-25 11:00:00+00:00, run_after=2025-08-26 11:00:00+00:00
[2025-08-27T03:41:26.348+0000] {processor.py:208} INFO - Processing /opt/airflow/dags/etl_batch_dag.py took 0.235 seconds
[2025-08-27T03:41:56.902+0000] {processor.py:186} INFO - Started process (PID=352) to work on /opt/airflow/dags/etl_batch_dag.py
[2025-08-27T03:41:56.908+0000] {processor.py:914} INFO - Processing file /opt/airflow/dags/etl_batch_dag.py for tasks to queue
[2025-08-27T03:41:56.920+0000] {logging_mixin.py:190} INFO - [2025-08-27T03:41:56.919+0000] {dagbag.py:588} INFO - Filling up the DagBag from /opt/airflow/dags/etl_batch_dag.py
[2025-08-27T03:41:57.001+0000] {processor.py:925} INFO - DAG(s) 'etl_batch' retrieved from /opt/airflow/dags/etl_batch_dag.py
[2025-08-27T03:41:57.140+0000] {logging_mixin.py:190} INFO - [2025-08-27T03:41:57.140+0000] {dag.py:3239} INFO - Sync 1 DAGs
[2025-08-27T03:41:57.228+0000] {logging_mixin.py:190} INFO - [2025-08-27T03:41:57.227+0000] {dag.py:4180} INFO - Setting next_dagrun for etl_batch to 2025-08-25 11:00:00+00:00, run_after=2025-08-26 11:00:00+00:00
[2025-08-27T03:41:57.295+0000] {processor.py:208} INFO - Processing /opt/airflow/dags/etl_batch_dag.py took 0.414 seconds
[2025-08-27T03:42:27.519+0000] {processor.py:186} INFO - Started process (PID=362) to work on /opt/airflow/dags/etl_batch_dag.py
[2025-08-27T03:42:27.522+0000] {processor.py:914} INFO - Processing file /opt/airflow/dags/etl_batch_dag.py for tasks to queue
[2025-08-27T03:42:27.527+0000] {logging_mixin.py:190} INFO - [2025-08-27T03:42:27.525+0000] {dagbag.py:588} INFO - Filling up the DagBag from /opt/airflow/dags/etl_batch_dag.py
[2025-08-27T03:42:27.653+0000] {processor.py:925} INFO - DAG(s) 'etl_batch' retrieved from /opt/airflow/dags/etl_batch_dag.py
[2025-08-27T03:42:27.784+0000] {logging_mixin.py:190} INFO - [2025-08-27T03:42:27.784+0000] {dag.py:3239} INFO - Sync 1 DAGs
[2025-08-27T03:42:27.881+0000] {logging_mixin.py:190} INFO - [2025-08-27T03:42:27.881+0000] {dag.py:4180} INFO - Setting next_dagrun for etl_batch to 2025-08-25 11:00:00+00:00, run_after=2025-08-26 11:00:00+00:00
[2025-08-27T03:42:27.949+0000] {processor.py:208} INFO - Processing /opt/airflow/dags/etl_batch_dag.py took 0.465 seconds
[2025-08-27T03:42:58.173+0000] {processor.py:186} INFO - Started process (PID=372) to work on /opt/airflow/dags/etl_batch_dag.py
[2025-08-27T03:42:58.179+0000] {processor.py:914} INFO - Processing file /opt/airflow/dags/etl_batch_dag.py for tasks to queue
[2025-08-27T03:42:58.184+0000] {logging_mixin.py:190} INFO - [2025-08-27T03:42:58.184+0000] {dagbag.py:588} INFO - Filling up the DagBag from /opt/airflow/dags/etl_batch_dag.py
[2025-08-27T03:42:58.342+0000] {processor.py:925} INFO - DAG(s) 'etl_batch' retrieved from /opt/airflow/dags/etl_batch_dag.py
[2025-08-27T03:42:58.446+0000] {logging_mixin.py:190} INFO - [2025-08-27T03:42:58.446+0000] {dag.py:3239} INFO - Sync 1 DAGs
[2025-08-27T03:42:58.539+0000] {logging_mixin.py:190} INFO - [2025-08-27T03:42:58.539+0000] {dag.py:4180} INFO - Setting next_dagrun for etl_batch to 2025-08-25 11:00:00+00:00, run_after=2025-08-26 11:00:00+00:00
[2025-08-27T03:42:58.594+0000] {processor.py:208} INFO - Processing /opt/airflow/dags/etl_batch_dag.py took 0.452 seconds
[2025-08-27T03:43:29.119+0000] {processor.py:186} INFO - Started process (PID=382) to work on /opt/airflow/dags/etl_batch_dag.py
[2025-08-27T03:43:29.120+0000] {processor.py:914} INFO - Processing file /opt/airflow/dags/etl_batch_dag.py for tasks to queue
[2025-08-27T03:43:29.124+0000] {logging_mixin.py:190} INFO - [2025-08-27T03:43:29.123+0000] {dagbag.py:588} INFO - Filling up the DagBag from /opt/airflow/dags/etl_batch_dag.py
[2025-08-27T03:43:29.147+0000] {processor.py:925} INFO - DAG(s) 'etl_batch' retrieved from /opt/airflow/dags/etl_batch_dag.py
[2025-08-27T03:43:29.220+0000] {logging_mixin.py:190} INFO - [2025-08-27T03:43:29.220+0000] {dag.py:3239} INFO - Sync 1 DAGs
[2025-08-27T03:43:29.269+0000] {logging_mixin.py:190} INFO - [2025-08-27T03:43:29.269+0000] {dag.py:4180} INFO - Setting next_dagrun for etl_batch to 2025-08-25 11:00:00+00:00, run_after=2025-08-26 11:00:00+00:00
[2025-08-27T03:43:29.321+0000] {processor.py:208} INFO - Processing /opt/airflow/dags/etl_batch_dag.py took 0.212 seconds
[2025-08-27T03:43:59.750+0000] {processor.py:186} INFO - Started process (PID=392) to work on /opt/airflow/dags/etl_batch_dag.py
[2025-08-27T03:43:59.758+0000] {processor.py:914} INFO - Processing file /opt/airflow/dags/etl_batch_dag.py for tasks to queue
[2025-08-27T03:43:59.774+0000] {logging_mixin.py:190} INFO - [2025-08-27T03:43:59.774+0000] {dagbag.py:588} INFO - Filling up the DagBag from /opt/airflow/dags/etl_batch_dag.py
[2025-08-27T03:44:00.088+0000] {processor.py:925} INFO - DAG(s) 'etl_batch' retrieved from /opt/airflow/dags/etl_batch_dag.py
[2025-08-27T03:44:00.217+0000] {logging_mixin.py:190} INFO - [2025-08-27T03:44:00.216+0000] {dag.py:3239} INFO - Sync 1 DAGs
[2025-08-27T03:44:00.292+0000] {logging_mixin.py:190} INFO - [2025-08-27T03:44:00.292+0000] {dag.py:4180} INFO - Setting next_dagrun for etl_batch to 2025-08-25 11:00:00+00:00, run_after=2025-08-26 11:00:00+00:00
[2025-08-27T03:44:00.369+0000] {processor.py:208} INFO - Processing /opt/airflow/dags/etl_batch_dag.py took 0.628 seconds
[2025-08-27T03:44:30.832+0000] {processor.py:186} INFO - Started process (PID=402) to work on /opt/airflow/dags/etl_batch_dag.py
[2025-08-27T03:44:30.834+0000] {processor.py:914} INFO - Processing file /opt/airflow/dags/etl_batch_dag.py for tasks to queue
[2025-08-27T03:44:30.837+0000] {logging_mixin.py:190} INFO - [2025-08-27T03:44:30.836+0000] {dagbag.py:588} INFO - Filling up the DagBag from /opt/airflow/dags/etl_batch_dag.py
[2025-08-27T03:44:30.865+0000] {processor.py:925} INFO - DAG(s) 'etl_batch' retrieved from /opt/airflow/dags/etl_batch_dag.py
[2025-08-27T03:44:30.918+0000] {logging_mixin.py:190} INFO - [2025-08-27T03:44:30.918+0000] {dag.py:3239} INFO - Sync 1 DAGs
[2025-08-27T03:44:30.959+0000] {logging_mixin.py:190} INFO - [2025-08-27T03:44:30.959+0000] {dag.py:4180} INFO - Setting next_dagrun for etl_batch to 2025-08-25 11:00:00+00:00, run_after=2025-08-26 11:00:00+00:00
[2025-08-27T03:44:31.024+0000] {processor.py:208} INFO - Processing /opt/airflow/dags/etl_batch_dag.py took 0.198 seconds
[2025-08-27T03:45:01.463+0000] {processor.py:186} INFO - Started process (PID=412) to work on /opt/airflow/dags/etl_batch_dag.py
[2025-08-27T03:45:01.465+0000] {processor.py:914} INFO - Processing file /opt/airflow/dags/etl_batch_dag.py for tasks to queue
[2025-08-27T03:45:01.468+0000] {logging_mixin.py:190} INFO - [2025-08-27T03:45:01.467+0000] {dagbag.py:588} INFO - Filling up the DagBag from /opt/airflow/dags/etl_batch_dag.py
[2025-08-27T03:45:01.520+0000] {processor.py:925} INFO - DAG(s) 'etl_batch' retrieved from /opt/airflow/dags/etl_batch_dag.py
[2025-08-27T03:45:01.616+0000] {logging_mixin.py:190} INFO - [2025-08-27T03:45:01.615+0000] {dag.py:3239} INFO - Sync 1 DAGs
[2025-08-27T03:45:01.677+0000] {logging_mixin.py:190} INFO - [2025-08-27T03:45:01.677+0000] {dag.py:4180} INFO - Setting next_dagrun for etl_batch to 2025-08-25 11:00:00+00:00, run_after=2025-08-26 11:00:00+00:00
[2025-08-27T03:45:01.722+0000] {processor.py:208} INFO - Processing /opt/airflow/dags/etl_batch_dag.py took 0.267 seconds
[2025-08-27T03:45:31.921+0000] {processor.py:186} INFO - Started process (PID=422) to work on /opt/airflow/dags/etl_batch_dag.py
[2025-08-27T03:45:31.935+0000] {processor.py:914} INFO - Processing file /opt/airflow/dags/etl_batch_dag.py for tasks to queue
[2025-08-27T03:45:31.946+0000] {logging_mixin.py:190} INFO - [2025-08-27T03:45:31.946+0000] {dagbag.py:588} INFO - Filling up the DagBag from /opt/airflow/dags/etl_batch_dag.py
[2025-08-27T03:45:32.005+0000] {processor.py:925} INFO - DAG(s) 'etl_batch' retrieved from /opt/airflow/dags/etl_batch_dag.py
[2025-08-27T03:45:32.129+0000] {logging_mixin.py:190} INFO - [2025-08-27T03:45:32.129+0000] {dag.py:3239} INFO - Sync 1 DAGs
[2025-08-27T03:45:32.211+0000] {logging_mixin.py:190} INFO - [2025-08-27T03:45:32.211+0000] {dag.py:4180} INFO - Setting next_dagrun for etl_batch to 2025-08-25 11:00:00+00:00, run_after=2025-08-26 11:00:00+00:00
[2025-08-27T03:45:32.288+0000] {processor.py:208} INFO - Processing /opt/airflow/dags/etl_batch_dag.py took 0.372 seconds
[2025-08-27T03:46:02.703+0000] {processor.py:186} INFO - Started process (PID=432) to work on /opt/airflow/dags/etl_batch_dag.py
[2025-08-27T03:46:02.704+0000] {processor.py:914} INFO - Processing file /opt/airflow/dags/etl_batch_dag.py for tasks to queue
[2025-08-27T03:46:02.707+0000] {logging_mixin.py:190} INFO - [2025-08-27T03:46:02.706+0000] {dagbag.py:588} INFO - Filling up the DagBag from /opt/airflow/dags/etl_batch_dag.py
[2025-08-27T03:46:02.746+0000] {processor.py:925} INFO - DAG(s) 'etl_batch' retrieved from /opt/airflow/dags/etl_batch_dag.py
[2025-08-27T03:46:02.825+0000] {logging_mixin.py:190} INFO - [2025-08-27T03:46:02.824+0000] {dag.py:3239} INFO - Sync 1 DAGs
[2025-08-27T03:46:02.874+0000] {logging_mixin.py:190} INFO - [2025-08-27T03:46:02.874+0000] {dag.py:4180} INFO - Setting next_dagrun for etl_batch to 2025-08-25 11:00:00+00:00, run_after=2025-08-26 11:00:00+00:00
[2025-08-27T03:46:02.952+0000] {processor.py:208} INFO - Processing /opt/airflow/dags/etl_batch_dag.py took 0.255 seconds
[2025-08-27T03:47:06.990+0000] {processor.py:186} INFO - Started process (PID=172) to work on /opt/airflow/dags/etl_batch_dag.py
[2025-08-27T03:47:06.992+0000] {processor.py:914} INFO - Processing file /opt/airflow/dags/etl_batch_dag.py for tasks to queue
[2025-08-27T03:47:06.996+0000] {logging_mixin.py:190} INFO - [2025-08-27T03:47:06.995+0000] {dagbag.py:588} INFO - Filling up the DagBag from /opt/airflow/dags/etl_batch_dag.py
[2025-08-27T03:47:07.067+0000] {processor.py:925} INFO - DAG(s) 'etl_batch' retrieved from /opt/airflow/dags/etl_batch_dag.py
[2025-08-27T03:47:07.252+0000] {logging_mixin.py:190} INFO - [2025-08-27T03:47:07.251+0000] {dag.py:3239} INFO - Sync 1 DAGs
[2025-08-27T03:47:07.331+0000] {logging_mixin.py:190} INFO - [2025-08-27T03:47:07.331+0000] {dag.py:4180} INFO - Setting next_dagrun for etl_batch to 2025-08-25 11:00:00+00:00, run_after=2025-08-26 11:00:00+00:00
[2025-08-27T03:47:07.419+0000] {processor.py:208} INFO - Processing /opt/airflow/dags/etl_batch_dag.py took 0.442 seconds
[2025-08-27T03:47:37.825+0000] {processor.py:186} INFO - Started process (PID=182) to work on /opt/airflow/dags/etl_batch_dag.py
[2025-08-27T03:47:37.828+0000] {processor.py:914} INFO - Processing file /opt/airflow/dags/etl_batch_dag.py for tasks to queue
[2025-08-27T03:47:37.834+0000] {logging_mixin.py:190} INFO - [2025-08-27T03:47:37.834+0000] {dagbag.py:588} INFO - Filling up the DagBag from /opt/airflow/dags/etl_batch_dag.py
[2025-08-27T03:47:37.932+0000] {processor.py:925} INFO - DAG(s) 'etl_batch' retrieved from /opt/airflow/dags/etl_batch_dag.py
[2025-08-27T03:47:38.137+0000] {logging_mixin.py:190} INFO - [2025-08-27T03:47:38.136+0000] {dag.py:3239} INFO - Sync 1 DAGs
[2025-08-27T03:47:38.435+0000] {logging_mixin.py:190} INFO - [2025-08-27T03:47:38.435+0000] {dag.py:4180} INFO - Setting next_dagrun for etl_batch to 2025-08-25 11:00:00+00:00, run_after=2025-08-26 11:00:00+00:00
[2025-08-27T03:47:38.514+0000] {processor.py:208} INFO - Processing /opt/airflow/dags/etl_batch_dag.py took 0.708 seconds
[2025-08-27T03:48:08.879+0000] {processor.py:186} INFO - Started process (PID=192) to work on /opt/airflow/dags/etl_batch_dag.py
[2025-08-27T03:48:08.885+0000] {processor.py:914} INFO - Processing file /opt/airflow/dags/etl_batch_dag.py for tasks to queue
[2025-08-27T03:48:08.891+0000] {logging_mixin.py:190} INFO - [2025-08-27T03:48:08.890+0000] {dagbag.py:588} INFO - Filling up the DagBag from /opt/airflow/dags/etl_batch_dag.py
[2025-08-27T03:48:08.958+0000] {processor.py:925} INFO - DAG(s) 'etl_batch' retrieved from /opt/airflow/dags/etl_batch_dag.py
[2025-08-27T03:48:09.158+0000] {logging_mixin.py:190} INFO - [2025-08-27T03:48:09.157+0000] {dag.py:3239} INFO - Sync 1 DAGs
[2025-08-27T03:48:09.239+0000] {logging_mixin.py:190} INFO - [2025-08-27T03:48:09.239+0000] {dag.py:4180} INFO - Setting next_dagrun for etl_batch to 2025-08-25 11:00:00+00:00, run_after=2025-08-26 11:00:00+00:00
[2025-08-27T03:48:09.301+0000] {processor.py:208} INFO - Processing /opt/airflow/dags/etl_batch_dag.py took 0.459 seconds
[2025-08-27T03:48:39.713+0000] {processor.py:186} INFO - Started process (PID=202) to work on /opt/airflow/dags/etl_batch_dag.py
[2025-08-27T03:48:39.719+0000] {processor.py:914} INFO - Processing file /opt/airflow/dags/etl_batch_dag.py for tasks to queue
[2025-08-27T03:48:39.724+0000] {logging_mixin.py:190} INFO - [2025-08-27T03:48:39.724+0000] {dagbag.py:588} INFO - Filling up the DagBag from /opt/airflow/dags/etl_batch_dag.py
[2025-08-27T03:48:39.752+0000] {processor.py:925} INFO - DAG(s) 'etl_batch' retrieved from /opt/airflow/dags/etl_batch_dag.py
[2025-08-27T03:48:39.828+0000] {logging_mixin.py:190} INFO - [2025-08-27T03:48:39.828+0000] {dag.py:3239} INFO - Sync 1 DAGs
[2025-08-27T03:48:39.899+0000] {logging_mixin.py:190} INFO - [2025-08-27T03:48:39.899+0000] {dag.py:4180} INFO - Setting next_dagrun for etl_batch to 2025-08-25 11:00:00+00:00, run_after=2025-08-26 11:00:00+00:00
[2025-08-27T03:48:39.967+0000] {processor.py:208} INFO - Processing /opt/airflow/dags/etl_batch_dag.py took 0.274 seconds
[2025-08-27T03:49:10.410+0000] {processor.py:186} INFO - Started process (PID=212) to work on /opt/airflow/dags/etl_batch_dag.py
[2025-08-27T03:49:10.411+0000] {processor.py:914} INFO - Processing file /opt/airflow/dags/etl_batch_dag.py for tasks to queue
[2025-08-27T03:49:10.417+0000] {logging_mixin.py:190} INFO - [2025-08-27T03:49:10.417+0000] {dagbag.py:588} INFO - Filling up the DagBag from /opt/airflow/dags/etl_batch_dag.py
[2025-08-27T03:49:10.475+0000] {processor.py:925} INFO - DAG(s) 'etl_batch' retrieved from /opt/airflow/dags/etl_batch_dag.py
[2025-08-27T03:49:10.567+0000] {logging_mixin.py:190} INFO - [2025-08-27T03:49:10.567+0000] {dag.py:3239} INFO - Sync 1 DAGs
[2025-08-27T03:49:10.621+0000] {logging_mixin.py:190} INFO - [2025-08-27T03:49:10.621+0000] {dag.py:4180} INFO - Setting next_dagrun for etl_batch to 2025-08-25 11:00:00+00:00, run_after=2025-08-26 11:00:00+00:00
[2025-08-27T03:49:10.693+0000] {processor.py:208} INFO - Processing /opt/airflow/dags/etl_batch_dag.py took 0.288 seconds
[2025-08-27T03:49:41.333+0000] {processor.py:186} INFO - Started process (PID=222) to work on /opt/airflow/dags/etl_batch_dag.py
[2025-08-27T03:49:41.345+0000] {processor.py:914} INFO - Processing file /opt/airflow/dags/etl_batch_dag.py for tasks to queue
[2025-08-27T03:49:41.352+0000] {logging_mixin.py:190} INFO - [2025-08-27T03:49:41.352+0000] {dagbag.py:588} INFO - Filling up the DagBag from /opt/airflow/dags/etl_batch_dag.py
[2025-08-27T03:49:41.424+0000] {processor.py:925} INFO - DAG(s) 'etl_batch' retrieved from /opt/airflow/dags/etl_batch_dag.py
[2025-08-27T03:49:41.585+0000] {logging_mixin.py:190} INFO - [2025-08-27T03:49:41.585+0000] {dag.py:3239} INFO - Sync 1 DAGs
[2025-08-27T03:49:41.648+0000] {logging_mixin.py:190} INFO - [2025-08-27T03:49:41.647+0000] {dag.py:4180} INFO - Setting next_dagrun for etl_batch to 2025-08-25 11:00:00+00:00, run_after=2025-08-26 11:00:00+00:00
[2025-08-27T03:49:41.736+0000] {processor.py:208} INFO - Processing /opt/airflow/dags/etl_batch_dag.py took 0.441 seconds
[2025-08-27T03:50:12.222+0000] {processor.py:186} INFO - Started process (PID=232) to work on /opt/airflow/dags/etl_batch_dag.py
[2025-08-27T03:50:12.224+0000] {processor.py:914} INFO - Processing file /opt/airflow/dags/etl_batch_dag.py for tasks to queue
[2025-08-27T03:50:12.228+0000] {logging_mixin.py:190} INFO - [2025-08-27T03:50:12.227+0000] {dagbag.py:588} INFO - Filling up the DagBag from /opt/airflow/dags/etl_batch_dag.py
[2025-08-27T03:50:12.282+0000] {processor.py:925} INFO - DAG(s) 'etl_batch' retrieved from /opt/airflow/dags/etl_batch_dag.py
[2025-08-27T03:50:12.415+0000] {logging_mixin.py:190} INFO - [2025-08-27T03:50:12.415+0000] {dag.py:3239} INFO - Sync 1 DAGs
[2025-08-27T03:50:12.487+0000] {logging_mixin.py:190} INFO - [2025-08-27T03:50:12.486+0000] {dag.py:4180} INFO - Setting next_dagrun for etl_batch to 2025-08-25 11:00:00+00:00, run_after=2025-08-26 11:00:00+00:00
[2025-08-27T03:50:12.547+0000] {processor.py:208} INFO - Processing /opt/airflow/dags/etl_batch_dag.py took 0.333 seconds
[2025-08-27T03:50:43.055+0000] {processor.py:186} INFO - Started process (PID=242) to work on /opt/airflow/dags/etl_batch_dag.py
[2025-08-27T03:50:43.057+0000] {processor.py:914} INFO - Processing file /opt/airflow/dags/etl_batch_dag.py for tasks to queue
[2025-08-27T03:50:43.066+0000] {logging_mixin.py:190} INFO - [2025-08-27T03:50:43.065+0000] {dagbag.py:588} INFO - Filling up the DagBag from /opt/airflow/dags/etl_batch_dag.py
[2025-08-27T03:50:43.113+0000] {processor.py:925} INFO - DAG(s) 'etl_batch' retrieved from /opt/airflow/dags/etl_batch_dag.py
[2025-08-27T03:50:43.180+0000] {logging_mixin.py:190} INFO - [2025-08-27T03:50:43.180+0000] {dag.py:3239} INFO - Sync 1 DAGs
[2025-08-27T03:50:43.259+0000] {logging_mixin.py:190} INFO - [2025-08-27T03:50:43.258+0000] {dag.py:4180} INFO - Setting next_dagrun for etl_batch to 2025-08-25 11:00:00+00:00, run_after=2025-08-26 11:00:00+00:00
[2025-08-27T03:50:43.316+0000] {processor.py:208} INFO - Processing /opt/airflow/dags/etl_batch_dag.py took 0.282 seconds
[2025-08-27T03:51:13.780+0000] {processor.py:186} INFO - Started process (PID=252) to work on /opt/airflow/dags/etl_batch_dag.py
[2025-08-27T03:51:13.781+0000] {processor.py:914} INFO - Processing file /opt/airflow/dags/etl_batch_dag.py for tasks to queue
[2025-08-27T03:51:13.783+0000] {logging_mixin.py:190} INFO - [2025-08-27T03:51:13.783+0000] {dagbag.py:588} INFO - Filling up the DagBag from /opt/airflow/dags/etl_batch_dag.py
[2025-08-27T03:51:13.966+0000] {processor.py:925} INFO - DAG(s) 'etl_batch' retrieved from /opt/airflow/dags/etl_batch_dag.py
[2025-08-27T03:51:14.158+0000] {logging_mixin.py:190} INFO - [2025-08-27T03:51:14.158+0000] {dag.py:3239} INFO - Sync 1 DAGs
[2025-08-27T03:51:14.252+0000] {logging_mixin.py:190} INFO - [2025-08-27T03:51:14.252+0000] {dag.py:4180} INFO - Setting next_dagrun for etl_batch to 2025-08-25 11:00:00+00:00, run_after=2025-08-26 11:00:00+00:00
[2025-08-27T03:51:14.306+0000] {processor.py:208} INFO - Processing /opt/airflow/dags/etl_batch_dag.py took 0.533 seconds
[2025-08-27T03:51:44.616+0000] {processor.py:186} INFO - Started process (PID=262) to work on /opt/airflow/dags/etl_batch_dag.py
[2025-08-27T03:51:44.618+0000] {processor.py:914} INFO - Processing file /opt/airflow/dags/etl_batch_dag.py for tasks to queue
[2025-08-27T03:51:44.623+0000] {logging_mixin.py:190} INFO - [2025-08-27T03:51:44.623+0000] {dagbag.py:588} INFO - Filling up the DagBag from /opt/airflow/dags/etl_batch_dag.py
[2025-08-27T03:51:44.714+0000] {processor.py:925} INFO - DAG(s) 'etl_batch' retrieved from /opt/airflow/dags/etl_batch_dag.py
[2025-08-27T03:51:44.852+0000] {logging_mixin.py:190} INFO - [2025-08-27T03:51:44.852+0000] {dag.py:3239} INFO - Sync 1 DAGs
[2025-08-27T03:51:44.914+0000] {logging_mixin.py:190} INFO - [2025-08-27T03:51:44.914+0000] {dag.py:4180} INFO - Setting next_dagrun for etl_batch to 2025-08-25 11:00:00+00:00, run_after=2025-08-26 11:00:00+00:00
[2025-08-27T03:51:44.984+0000] {processor.py:208} INFO - Processing /opt/airflow/dags/etl_batch_dag.py took 0.373 seconds
[2025-08-27T03:52:15.490+0000] {processor.py:186} INFO - Started process (PID=272) to work on /opt/airflow/dags/etl_batch_dag.py
[2025-08-27T03:52:15.491+0000] {processor.py:914} INFO - Processing file /opt/airflow/dags/etl_batch_dag.py for tasks to queue
[2025-08-27T03:52:15.493+0000] {logging_mixin.py:190} INFO - [2025-08-27T03:52:15.493+0000] {dagbag.py:588} INFO - Filling up the DagBag from /opt/airflow/dags/etl_batch_dag.py
[2025-08-27T03:52:15.548+0000] {processor.py:925} INFO - DAG(s) 'etl_batch' retrieved from /opt/airflow/dags/etl_batch_dag.py
[2025-08-27T03:52:15.644+0000] {logging_mixin.py:190} INFO - [2025-08-27T03:52:15.644+0000] {dag.py:3239} INFO - Sync 1 DAGs
[2025-08-27T03:52:15.721+0000] {logging_mixin.py:190} INFO - [2025-08-27T03:52:15.721+0000] {dag.py:4180} INFO - Setting next_dagrun for etl_batch to 2025-08-25 11:00:00+00:00, run_after=2025-08-26 11:00:00+00:00
[2025-08-27T03:52:15.807+0000] {processor.py:208} INFO - Processing /opt/airflow/dags/etl_batch_dag.py took 0.325 seconds
[2025-08-27T03:52:45.902+0000] {processor.py:186} INFO - Started process (PID=282) to work on /opt/airflow/dags/etl_batch_dag.py
[2025-08-27T03:52:45.904+0000] {processor.py:914} INFO - Processing file /opt/airflow/dags/etl_batch_dag.py for tasks to queue
[2025-08-27T03:52:45.906+0000] {logging_mixin.py:190} INFO - [2025-08-27T03:52:45.906+0000] {dagbag.py:588} INFO - Filling up the DagBag from /opt/airflow/dags/etl_batch_dag.py
[2025-08-27T03:52:45.935+0000] {processor.py:925} INFO - DAG(s) 'etl_batch' retrieved from /opt/airflow/dags/etl_batch_dag.py
[2025-08-27T03:52:45.981+0000] {logging_mixin.py:190} INFO - [2025-08-27T03:52:45.981+0000] {dag.py:3239} INFO - Sync 1 DAGs
[2025-08-27T03:52:46.048+0000] {logging_mixin.py:190} INFO - [2025-08-27T03:52:46.048+0000] {dag.py:4180} INFO - Setting next_dagrun for etl_batch to 2025-08-25 11:00:00+00:00, run_after=2025-08-26 11:00:00+00:00
[2025-08-27T03:52:46.125+0000] {processor.py:208} INFO - Processing /opt/airflow/dags/etl_batch_dag.py took 0.227 seconds
[2025-08-27T03:53:16.455+0000] {processor.py:186} INFO - Started process (PID=292) to work on /opt/airflow/dags/etl_batch_dag.py
[2025-08-27T03:53:16.457+0000] {processor.py:914} INFO - Processing file /opt/airflow/dags/etl_batch_dag.py for tasks to queue
[2025-08-27T03:53:16.464+0000] {logging_mixin.py:190} INFO - [2025-08-27T03:53:16.463+0000] {dagbag.py:588} INFO - Filling up the DagBag from /opt/airflow/dags/etl_batch_dag.py
[2025-08-27T03:53:16.557+0000] {processor.py:925} INFO - DAG(s) 'etl_batch' retrieved from /opt/airflow/dags/etl_batch_dag.py
[2025-08-27T03:53:16.702+0000] {logging_mixin.py:190} INFO - [2025-08-27T03:53:16.702+0000] {dag.py:3239} INFO - Sync 1 DAGs
[2025-08-27T03:53:16.816+0000] {logging_mixin.py:190} INFO - [2025-08-27T03:53:16.816+0000] {dag.py:4180} INFO - Setting next_dagrun for etl_batch to 2025-08-25 11:00:00+00:00, run_after=2025-08-26 11:00:00+00:00
[2025-08-27T03:53:16.900+0000] {processor.py:208} INFO - Processing /opt/airflow/dags/etl_batch_dag.py took 0.473 seconds
[2025-08-27T03:53:47.327+0000] {processor.py:186} INFO - Started process (PID=302) to work on /opt/airflow/dags/etl_batch_dag.py
[2025-08-27T03:53:47.328+0000] {processor.py:914} INFO - Processing file /opt/airflow/dags/etl_batch_dag.py for tasks to queue
[2025-08-27T03:53:47.330+0000] {logging_mixin.py:190} INFO - [2025-08-27T03:53:47.329+0000] {dagbag.py:588} INFO - Filling up the DagBag from /opt/airflow/dags/etl_batch_dag.py
[2025-08-27T03:53:47.355+0000] {processor.py:925} INFO - DAG(s) 'etl_batch' retrieved from /opt/airflow/dags/etl_batch_dag.py
[2025-08-27T03:53:47.408+0000] {logging_mixin.py:190} INFO - [2025-08-27T03:53:47.408+0000] {dag.py:3239} INFO - Sync 1 DAGs
[2025-08-27T03:53:47.465+0000] {logging_mixin.py:190} INFO - [2025-08-27T03:53:47.465+0000] {dag.py:4180} INFO - Setting next_dagrun for etl_batch to 2025-08-25 11:00:00+00:00, run_after=2025-08-26 11:00:00+00:00
[2025-08-27T03:53:47.547+0000] {processor.py:208} INFO - Processing /opt/airflow/dags/etl_batch_dag.py took 0.226 seconds
[2025-08-27T03:54:17.993+0000] {processor.py:186} INFO - Started process (PID=312) to work on /opt/airflow/dags/etl_batch_dag.py
[2025-08-27T03:54:17.994+0000] {processor.py:914} INFO - Processing file /opt/airflow/dags/etl_batch_dag.py for tasks to queue
[2025-08-27T03:54:17.998+0000] {logging_mixin.py:190} INFO - [2025-08-27T03:54:17.997+0000] {dagbag.py:588} INFO - Filling up the DagBag from /opt/airflow/dags/etl_batch_dag.py
[2025-08-27T03:54:18.042+0000] {processor.py:925} INFO - DAG(s) 'etl_batch' retrieved from /opt/airflow/dags/etl_batch_dag.py
[2025-08-27T03:54:18.108+0000] {logging_mixin.py:190} INFO - [2025-08-27T03:54:18.108+0000] {dag.py:3239} INFO - Sync 1 DAGs
[2025-08-27T03:54:18.145+0000] {logging_mixin.py:190} INFO - [2025-08-27T03:54:18.145+0000] {dag.py:4180} INFO - Setting next_dagrun for etl_batch to 2025-08-25 11:00:00+00:00, run_after=2025-08-26 11:00:00+00:00
[2025-08-27T03:54:18.205+0000] {processor.py:208} INFO - Processing /opt/airflow/dags/etl_batch_dag.py took 0.220 seconds
[2025-08-27T03:54:48.750+0000] {processor.py:186} INFO - Started process (PID=322) to work on /opt/airflow/dags/etl_batch_dag.py
[2025-08-27T03:54:48.751+0000] {processor.py:914} INFO - Processing file /opt/airflow/dags/etl_batch_dag.py for tasks to queue
[2025-08-27T03:54:48.754+0000] {logging_mixin.py:190} INFO - [2025-08-27T03:54:48.754+0000] {dagbag.py:588} INFO - Filling up the DagBag from /opt/airflow/dags/etl_batch_dag.py
[2025-08-27T03:54:48.778+0000] {processor.py:925} INFO - DAG(s) 'etl_batch' retrieved from /opt/airflow/dags/etl_batch_dag.py
[2025-08-27T03:54:48.836+0000] {logging_mixin.py:190} INFO - [2025-08-27T03:54:48.836+0000] {dag.py:3239} INFO - Sync 1 DAGs
[2025-08-27T03:54:48.883+0000] {logging_mixin.py:190} INFO - [2025-08-27T03:54:48.883+0000] {dag.py:4180} INFO - Setting next_dagrun for etl_batch to 2025-08-25 11:00:00+00:00, run_after=2025-08-26 11:00:00+00:00
[2025-08-27T03:54:48.931+0000] {processor.py:208} INFO - Processing /opt/airflow/dags/etl_batch_dag.py took 0.193 seconds
[2025-08-27T03:55:19.463+0000] {processor.py:186} INFO - Started process (PID=332) to work on /opt/airflow/dags/etl_batch_dag.py
[2025-08-27T03:55:19.464+0000] {processor.py:914} INFO - Processing file /opt/airflow/dags/etl_batch_dag.py for tasks to queue
[2025-08-27T03:55:19.469+0000] {logging_mixin.py:190} INFO - [2025-08-27T03:55:19.468+0000] {dagbag.py:588} INFO - Filling up the DagBag from /opt/airflow/dags/etl_batch_dag.py
[2025-08-27T03:55:19.522+0000] {processor.py:925} INFO - DAG(s) 'etl_batch' retrieved from /opt/airflow/dags/etl_batch_dag.py
[2025-08-27T03:55:19.593+0000] {logging_mixin.py:190} INFO - [2025-08-27T03:55:19.593+0000] {dag.py:3239} INFO - Sync 1 DAGs
[2025-08-27T03:55:19.644+0000] {logging_mixin.py:190} INFO - [2025-08-27T03:55:19.644+0000] {dag.py:4180} INFO - Setting next_dagrun for etl_batch to 2025-08-25 11:00:00+00:00, run_after=2025-08-26 11:00:00+00:00
[2025-08-27T03:55:19.686+0000] {processor.py:208} INFO - Processing /opt/airflow/dags/etl_batch_dag.py took 0.235 seconds
[2025-08-27T03:55:50.010+0000] {processor.py:186} INFO - Started process (PID=342) to work on /opt/airflow/dags/etl_batch_dag.py
[2025-08-27T03:55:50.011+0000] {processor.py:914} INFO - Processing file /opt/airflow/dags/etl_batch_dag.py for tasks to queue
[2025-08-27T03:55:50.013+0000] {logging_mixin.py:190} INFO - [2025-08-27T03:55:50.012+0000] {dagbag.py:588} INFO - Filling up the DagBag from /opt/airflow/dags/etl_batch_dag.py
[2025-08-27T03:55:50.034+0000] {processor.py:925} INFO - DAG(s) 'etl_batch' retrieved from /opt/airflow/dags/etl_batch_dag.py
[2025-08-27T03:55:50.072+0000] {logging_mixin.py:190} INFO - [2025-08-27T03:55:50.072+0000] {dag.py:3239} INFO - Sync 1 DAGs
[2025-08-27T03:55:50.126+0000] {logging_mixin.py:190} INFO - [2025-08-27T03:55:50.125+0000] {dag.py:4180} INFO - Setting next_dagrun for etl_batch to 2025-08-25 11:00:00+00:00, run_after=2025-08-26 11:00:00+00:00
[2025-08-27T03:55:50.163+0000] {processor.py:208} INFO - Processing /opt/airflow/dags/etl_batch_dag.py took 0.157 seconds
[2025-08-27T03:56:20.649+0000] {processor.py:186} INFO - Started process (PID=352) to work on /opt/airflow/dags/etl_batch_dag.py
[2025-08-27T03:56:20.651+0000] {processor.py:914} INFO - Processing file /opt/airflow/dags/etl_batch_dag.py for tasks to queue
[2025-08-27T03:56:20.655+0000] {logging_mixin.py:190} INFO - [2025-08-27T03:56:20.655+0000] {dagbag.py:588} INFO - Filling up the DagBag from /opt/airflow/dags/etl_batch_dag.py
[2025-08-27T03:56:20.709+0000] {processor.py:925} INFO - DAG(s) 'etl_batch' retrieved from /opt/airflow/dags/etl_batch_dag.py
[2025-08-27T03:56:20.810+0000] {logging_mixin.py:190} INFO - [2025-08-27T03:56:20.809+0000] {dag.py:3239} INFO - Sync 1 DAGs
[2025-08-27T03:56:20.868+0000] {logging_mixin.py:190} INFO - [2025-08-27T03:56:20.868+0000] {dag.py:4180} INFO - Setting next_dagrun for etl_batch to 2025-08-25 11:00:00+00:00, run_after=2025-08-26 11:00:00+00:00
[2025-08-27T03:56:20.930+0000] {processor.py:208} INFO - Processing /opt/airflow/dags/etl_batch_dag.py took 0.288 seconds
[2025-08-27T03:56:51.422+0000] {processor.py:186} INFO - Started process (PID=362) to work on /opt/airflow/dags/etl_batch_dag.py
[2025-08-27T03:56:51.427+0000] {processor.py:914} INFO - Processing file /opt/airflow/dags/etl_batch_dag.py for tasks to queue
[2025-08-27T03:56:51.435+0000] {logging_mixin.py:190} INFO - [2025-08-27T03:56:51.434+0000] {dagbag.py:588} INFO - Filling up the DagBag from /opt/airflow/dags/etl_batch_dag.py
[2025-08-27T03:56:51.526+0000] {processor.py:925} INFO - DAG(s) 'etl_batch' retrieved from /opt/airflow/dags/etl_batch_dag.py
[2025-08-27T03:56:51.613+0000] {logging_mixin.py:190} INFO - [2025-08-27T03:56:51.611+0000] {dag.py:3239} INFO - Sync 1 DAGs
[2025-08-27T03:56:51.657+0000] {logging_mixin.py:190} INFO - [2025-08-27T03:56:51.657+0000] {dag.py:4180} INFO - Setting next_dagrun for etl_batch to 2025-08-25 11:00:00+00:00, run_after=2025-08-26 11:00:00+00:00
[2025-08-27T03:56:51.714+0000] {processor.py:208} INFO - Processing /opt/airflow/dags/etl_batch_dag.py took 0.302 seconds
[2025-08-27T03:57:22.175+0000] {processor.py:186} INFO - Started process (PID=372) to work on /opt/airflow/dags/etl_batch_dag.py
[2025-08-27T03:57:22.176+0000] {processor.py:914} INFO - Processing file /opt/airflow/dags/etl_batch_dag.py for tasks to queue
[2025-08-27T03:57:22.178+0000] {logging_mixin.py:190} INFO - [2025-08-27T03:57:22.177+0000] {dagbag.py:588} INFO - Filling up the DagBag from /opt/airflow/dags/etl_batch_dag.py
[2025-08-27T03:57:22.213+0000] {processor.py:925} INFO - DAG(s) 'etl_batch' retrieved from /opt/airflow/dags/etl_batch_dag.py
[2025-08-27T03:57:22.312+0000] {logging_mixin.py:190} INFO - [2025-08-27T03:57:22.312+0000] {dag.py:3239} INFO - Sync 1 DAGs
[2025-08-27T03:57:22.366+0000] {logging_mixin.py:190} INFO - [2025-08-27T03:57:22.366+0000] {dag.py:4180} INFO - Setting next_dagrun for etl_batch to 2025-08-25 11:00:00+00:00, run_after=2025-08-26 11:00:00+00:00
[2025-08-27T03:57:22.420+0000] {processor.py:208} INFO - Processing /opt/airflow/dags/etl_batch_dag.py took 0.251 seconds
[2025-08-27T03:57:52.978+0000] {processor.py:186} INFO - Started process (PID=382) to work on /opt/airflow/dags/etl_batch_dag.py
[2025-08-27T03:57:52.981+0000] {processor.py:914} INFO - Processing file /opt/airflow/dags/etl_batch_dag.py for tasks to queue
[2025-08-27T03:57:52.987+0000] {logging_mixin.py:190} INFO - [2025-08-27T03:57:52.987+0000] {dagbag.py:588} INFO - Filling up the DagBag from /opt/airflow/dags/etl_batch_dag.py
[2025-08-27T03:57:53.056+0000] {processor.py:925} INFO - DAG(s) 'etl_batch' retrieved from /opt/airflow/dags/etl_batch_dag.py
[2025-08-27T03:57:53.126+0000] {logging_mixin.py:190} INFO - [2025-08-27T03:57:53.125+0000] {dag.py:3239} INFO - Sync 1 DAGs
[2025-08-27T03:57:53.205+0000] {logging_mixin.py:190} INFO - [2025-08-27T03:57:53.205+0000] {dag.py:4180} INFO - Setting next_dagrun for etl_batch to 2025-08-25 11:00:00+00:00, run_after=2025-08-26 11:00:00+00:00
[2025-08-27T03:57:53.279+0000] {processor.py:208} INFO - Processing /opt/airflow/dags/etl_batch_dag.py took 0.311 seconds
[2025-08-27T03:58:23.460+0000] {processor.py:186} INFO - Started process (PID=392) to work on /opt/airflow/dags/etl_batch_dag.py
[2025-08-27T03:58:23.461+0000] {processor.py:914} INFO - Processing file /opt/airflow/dags/etl_batch_dag.py for tasks to queue
[2025-08-27T03:58:23.464+0000] {logging_mixin.py:190} INFO - [2025-08-27T03:58:23.463+0000] {dagbag.py:588} INFO - Filling up the DagBag from /opt/airflow/dags/etl_batch_dag.py
[2025-08-27T03:58:23.502+0000] {processor.py:925} INFO - DAG(s) 'etl_batch' retrieved from /opt/airflow/dags/etl_batch_dag.py
[2025-08-27T03:58:23.580+0000] {logging_mixin.py:190} INFO - [2025-08-27T03:58:23.580+0000] {dag.py:3239} INFO - Sync 1 DAGs
[2025-08-27T03:58:23.659+0000] {logging_mixin.py:190} INFO - [2025-08-27T03:58:23.659+0000] {dag.py:4180} INFO - Setting next_dagrun for etl_batch to 2025-08-25 11:00:00+00:00, run_after=2025-08-26 11:00:00+00:00
[2025-08-27T03:58:23.721+0000] {processor.py:208} INFO - Processing /opt/airflow/dags/etl_batch_dag.py took 0.267 seconds
[2025-08-27T03:58:54.160+0000] {processor.py:186} INFO - Started process (PID=402) to work on /opt/airflow/dags/etl_batch_dag.py
[2025-08-27T03:58:54.162+0000] {processor.py:914} INFO - Processing file /opt/airflow/dags/etl_batch_dag.py for tasks to queue
[2025-08-27T03:58:54.166+0000] {logging_mixin.py:190} INFO - [2025-08-27T03:58:54.165+0000] {dagbag.py:588} INFO - Filling up the DagBag from /opt/airflow/dags/etl_batch_dag.py
[2025-08-27T03:58:54.203+0000] {processor.py:925} INFO - DAG(s) 'etl_batch' retrieved from /opt/airflow/dags/etl_batch_dag.py
[2025-08-27T03:58:54.290+0000] {logging_mixin.py:190} INFO - [2025-08-27T03:58:54.290+0000] {dag.py:3239} INFO - Sync 1 DAGs
[2025-08-27T03:58:54.353+0000] {logging_mixin.py:190} INFO - [2025-08-27T03:58:54.353+0000] {dag.py:4180} INFO - Setting next_dagrun for etl_batch to 2025-08-25 11:00:00+00:00, run_after=2025-08-26 11:00:00+00:00
[2025-08-27T03:58:54.401+0000] {processor.py:208} INFO - Processing /opt/airflow/dags/etl_batch_dag.py took 0.250 seconds
[2025-08-27T03:59:24.787+0000] {processor.py:186} INFO - Started process (PID=412) to work on /opt/airflow/dags/etl_batch_dag.py
[2025-08-27T03:59:24.788+0000] {processor.py:914} INFO - Processing file /opt/airflow/dags/etl_batch_dag.py for tasks to queue
[2025-08-27T03:59:24.790+0000] {logging_mixin.py:190} INFO - [2025-08-27T03:59:24.790+0000] {dagbag.py:588} INFO - Filling up the DagBag from /opt/airflow/dags/etl_batch_dag.py
[2025-08-27T03:59:24.830+0000] {processor.py:925} INFO - DAG(s) 'etl_batch' retrieved from /opt/airflow/dags/etl_batch_dag.py
[2025-08-27T03:59:24.912+0000] {logging_mixin.py:190} INFO - [2025-08-27T03:59:24.912+0000] {dag.py:3239} INFO - Sync 1 DAGs
[2025-08-27T03:59:24.950+0000] {logging_mixin.py:190} INFO - [2025-08-27T03:59:24.950+0000] {dag.py:4180} INFO - Setting next_dagrun for etl_batch to 2025-08-25 11:00:00+00:00, run_after=2025-08-26 11:00:00+00:00
[2025-08-27T03:59:24.997+0000] {processor.py:208} INFO - Processing /opt/airflow/dags/etl_batch_dag.py took 0.217 seconds
[2025-08-27T03:59:55.309+0000] {processor.py:186} INFO - Started process (PID=422) to work on /opt/airflow/dags/etl_batch_dag.py
[2025-08-27T03:59:55.311+0000] {processor.py:914} INFO - Processing file /opt/airflow/dags/etl_batch_dag.py for tasks to queue
[2025-08-27T03:59:55.313+0000] {logging_mixin.py:190} INFO - [2025-08-27T03:59:55.313+0000] {dagbag.py:588} INFO - Filling up the DagBag from /opt/airflow/dags/etl_batch_dag.py
[2025-08-27T03:59:55.347+0000] {processor.py:925} INFO - DAG(s) 'etl_batch' retrieved from /opt/airflow/dags/etl_batch_dag.py
[2025-08-27T03:59:55.415+0000] {logging_mixin.py:190} INFO - [2025-08-27T03:59:55.415+0000] {dag.py:3239} INFO - Sync 1 DAGs
[2025-08-27T03:59:55.467+0000] {logging_mixin.py:190} INFO - [2025-08-27T03:59:55.467+0000] {dag.py:4180} INFO - Setting next_dagrun for etl_batch to 2025-08-25 11:00:00+00:00, run_after=2025-08-26 11:00:00+00:00
[2025-08-27T03:59:55.523+0000] {processor.py:208} INFO - Processing /opt/airflow/dags/etl_batch_dag.py took 0.219 seconds
[2025-08-27T04:00:25.844+0000] {processor.py:186} INFO - Started process (PID=432) to work on /opt/airflow/dags/etl_batch_dag.py
[2025-08-27T04:00:25.845+0000] {processor.py:914} INFO - Processing file /opt/airflow/dags/etl_batch_dag.py for tasks to queue
[2025-08-27T04:00:25.847+0000] {logging_mixin.py:190} INFO - [2025-08-27T04:00:25.846+0000] {dagbag.py:588} INFO - Filling up the DagBag from /opt/airflow/dags/etl_batch_dag.py
[2025-08-27T04:00:25.893+0000] {processor.py:925} INFO - DAG(s) 'etl_batch' retrieved from /opt/airflow/dags/etl_batch_dag.py
[2025-08-27T04:00:25.953+0000] {logging_mixin.py:190} INFO - [2025-08-27T04:00:25.953+0000] {dag.py:3239} INFO - Sync 1 DAGs
[2025-08-27T04:00:26.011+0000] {logging_mixin.py:190} INFO - [2025-08-27T04:00:26.011+0000] {dag.py:4180} INFO - Setting next_dagrun for etl_batch to 2025-08-25 11:00:00+00:00, run_after=2025-08-26 11:00:00+00:00
[2025-08-27T04:00:26.054+0000] {processor.py:208} INFO - Processing /opt/airflow/dags/etl_batch_dag.py took 0.216 seconds
[2025-08-27T04:00:56.307+0000] {processor.py:186} INFO - Started process (PID=442) to work on /opt/airflow/dags/etl_batch_dag.py
[2025-08-27T04:00:56.308+0000] {processor.py:914} INFO - Processing file /opt/airflow/dags/etl_batch_dag.py for tasks to queue
[2025-08-27T04:00:56.310+0000] {logging_mixin.py:190} INFO - [2025-08-27T04:00:56.310+0000] {dagbag.py:588} INFO - Filling up the DagBag from /opt/airflow/dags/etl_batch_dag.py
[2025-08-27T04:00:56.344+0000] {processor.py:925} INFO - DAG(s) 'etl_batch' retrieved from /opt/airflow/dags/etl_batch_dag.py
[2025-08-27T04:00:56.415+0000] {logging_mixin.py:190} INFO - [2025-08-27T04:00:56.414+0000] {dag.py:3239} INFO - Sync 1 DAGs
[2025-08-27T04:00:56.474+0000] {logging_mixin.py:190} INFO - [2025-08-27T04:00:56.474+0000] {dag.py:4180} INFO - Setting next_dagrun for etl_batch to 2025-08-25 11:00:00+00:00, run_after=2025-08-26 11:00:00+00:00
[2025-08-27T04:00:56.535+0000] {processor.py:208} INFO - Processing /opt/airflow/dags/etl_batch_dag.py took 0.233 seconds
[2025-08-27T04:01:26.841+0000] {processor.py:186} INFO - Started process (PID=452) to work on /opt/airflow/dags/etl_batch_dag.py
[2025-08-27T04:01:26.843+0000] {processor.py:914} INFO - Processing file /opt/airflow/dags/etl_batch_dag.py for tasks to queue
[2025-08-27T04:01:26.845+0000] {logging_mixin.py:190} INFO - [2025-08-27T04:01:26.845+0000] {dagbag.py:588} INFO - Filling up the DagBag from /opt/airflow/dags/etl_batch_dag.py
[2025-08-27T04:01:26.885+0000] {processor.py:925} INFO - DAG(s) 'etl_batch' retrieved from /opt/airflow/dags/etl_batch_dag.py
[2025-08-27T04:01:26.961+0000] {logging_mixin.py:190} INFO - [2025-08-27T04:01:26.961+0000] {dag.py:3239} INFO - Sync 1 DAGs
[2025-08-27T04:01:26.998+0000] {logging_mixin.py:190} INFO - [2025-08-27T04:01:26.998+0000] {dag.py:4180} INFO - Setting next_dagrun for etl_batch to 2025-08-25 11:00:00+00:00, run_after=2025-08-26 11:00:00+00:00
[2025-08-27T04:01:27.046+0000] {processor.py:208} INFO - Processing /opt/airflow/dags/etl_batch_dag.py took 0.212 seconds
[2025-08-27T04:01:57.329+0000] {processor.py:186} INFO - Started process (PID=462) to work on /opt/airflow/dags/etl_batch_dag.py
[2025-08-27T04:01:57.330+0000] {processor.py:914} INFO - Processing file /opt/airflow/dags/etl_batch_dag.py for tasks to queue
[2025-08-27T04:01:57.332+0000] {logging_mixin.py:190} INFO - [2025-08-27T04:01:57.332+0000] {dagbag.py:588} INFO - Filling up the DagBag from /opt/airflow/dags/etl_batch_dag.py
[2025-08-27T04:01:57.351+0000] {processor.py:925} INFO - DAG(s) 'etl_batch' retrieved from /opt/airflow/dags/etl_batch_dag.py
[2025-08-27T04:01:57.409+0000] {logging_mixin.py:190} INFO - [2025-08-27T04:01:57.409+0000] {dag.py:3239} INFO - Sync 1 DAGs
[2025-08-27T04:01:57.446+0000] {logging_mixin.py:190} INFO - [2025-08-27T04:01:57.445+0000] {dag.py:4180} INFO - Setting next_dagrun for etl_batch to 2025-08-25 11:00:00+00:00, run_after=2025-08-26 11:00:00+00:00
[2025-08-27T04:01:57.504+0000] {processor.py:208} INFO - Processing /opt/airflow/dags/etl_batch_dag.py took 0.179 seconds
[2025-08-27T04:02:27.848+0000] {processor.py:186} INFO - Started process (PID=472) to work on /opt/airflow/dags/etl_batch_dag.py
[2025-08-27T04:02:27.849+0000] {processor.py:914} INFO - Processing file /opt/airflow/dags/etl_batch_dag.py for tasks to queue
[2025-08-27T04:02:27.851+0000] {logging_mixin.py:190} INFO - [2025-08-27T04:02:27.851+0000] {dagbag.py:588} INFO - Filling up the DagBag from /opt/airflow/dags/etl_batch_dag.py
[2025-08-27T04:02:27.868+0000] {processor.py:925} INFO - DAG(s) 'etl_batch' retrieved from /opt/airflow/dags/etl_batch_dag.py
[2025-08-27T04:02:27.923+0000] {logging_mixin.py:190} INFO - [2025-08-27T04:02:27.923+0000] {dag.py:3239} INFO - Sync 1 DAGs
[2025-08-27T04:02:27.977+0000] {logging_mixin.py:190} INFO - [2025-08-27T04:02:27.977+0000] {dag.py:4180} INFO - Setting next_dagrun for etl_batch to 2025-08-25 11:00:00+00:00, run_after=2025-08-26 11:00:00+00:00
[2025-08-27T04:02:28.043+0000] {processor.py:208} INFO - Processing /opt/airflow/dags/etl_batch_dag.py took 0.200 seconds
[2025-08-27T04:02:58.367+0000] {processor.py:186} INFO - Started process (PID=482) to work on /opt/airflow/dags/etl_batch_dag.py
[2025-08-27T04:02:58.369+0000] {processor.py:914} INFO - Processing file /opt/airflow/dags/etl_batch_dag.py for tasks to queue
[2025-08-27T04:02:58.371+0000] {logging_mixin.py:190} INFO - [2025-08-27T04:02:58.371+0000] {dagbag.py:588} INFO - Filling up the DagBag from /opt/airflow/dags/etl_batch_dag.py
[2025-08-27T04:02:58.398+0000] {processor.py:925} INFO - DAG(s) 'etl_batch' retrieved from /opt/airflow/dags/etl_batch_dag.py
[2025-08-27T04:02:58.442+0000] {logging_mixin.py:190} INFO - [2025-08-27T04:02:58.441+0000] {dag.py:3239} INFO - Sync 1 DAGs
[2025-08-27T04:02:58.476+0000] {logging_mixin.py:190} INFO - [2025-08-27T04:02:58.476+0000] {dag.py:4180} INFO - Setting next_dagrun for etl_batch to 2025-08-25 11:00:00+00:00, run_after=2025-08-26 11:00:00+00:00
[2025-08-27T04:02:58.531+0000] {processor.py:208} INFO - Processing /opt/airflow/dags/etl_batch_dag.py took 0.170 seconds
[2025-08-27T04:03:28.722+0000] {processor.py:186} INFO - Started process (PID=492) to work on /opt/airflow/dags/etl_batch_dag.py
[2025-08-27T04:03:28.723+0000] {processor.py:914} INFO - Processing file /opt/airflow/dags/etl_batch_dag.py for tasks to queue
[2025-08-27T04:03:28.729+0000] {logging_mixin.py:190} INFO - [2025-08-27T04:03:28.728+0000] {dagbag.py:588} INFO - Filling up the DagBag from /opt/airflow/dags/etl_batch_dag.py
[2025-08-27T04:03:28.755+0000] {processor.py:925} INFO - DAG(s) 'etl_batch' retrieved from /opt/airflow/dags/etl_batch_dag.py
[2025-08-27T04:03:28.795+0000] {logging_mixin.py:190} INFO - [2025-08-27T04:03:28.794+0000] {dag.py:3239} INFO - Sync 1 DAGs
[2025-08-27T04:03:28.840+0000] {logging_mixin.py:190} INFO - [2025-08-27T04:03:28.840+0000] {dag.py:4180} INFO - Setting next_dagrun for etl_batch to 2025-08-25 11:00:00+00:00, run_after=2025-08-26 11:00:00+00:00
[2025-08-27T04:03:28.904+0000] {processor.py:208} INFO - Processing /opt/airflow/dags/etl_batch_dag.py took 0.188 seconds
[2025-08-27T04:03:59.225+0000] {processor.py:186} INFO - Started process (PID=502) to work on /opt/airflow/dags/etl_batch_dag.py
[2025-08-27T04:03:59.225+0000] {processor.py:914} INFO - Processing file /opt/airflow/dags/etl_batch_dag.py for tasks to queue
[2025-08-27T04:03:59.227+0000] {logging_mixin.py:190} INFO - [2025-08-27T04:03:59.227+0000] {dagbag.py:588} INFO - Filling up the DagBag from /opt/airflow/dags/etl_batch_dag.py
[2025-08-27T04:03:59.246+0000] {processor.py:925} INFO - DAG(s) 'etl_batch' retrieved from /opt/airflow/dags/etl_batch_dag.py
[2025-08-27T04:03:59.285+0000] {logging_mixin.py:190} INFO - [2025-08-27T04:03:59.284+0000] {dag.py:3239} INFO - Sync 1 DAGs
[2025-08-27T04:03:59.321+0000] {logging_mixin.py:190} INFO - [2025-08-27T04:03:59.321+0000] {dag.py:4180} INFO - Setting next_dagrun for etl_batch to 2025-08-25 11:00:00+00:00, run_after=2025-08-26 11:00:00+00:00
[2025-08-27T04:03:59.375+0000] {processor.py:208} INFO - Processing /opt/airflow/dags/etl_batch_dag.py took 0.156 seconds
[2025-08-27T04:04:29.617+0000] {processor.py:186} INFO - Started process (PID=512) to work on /opt/airflow/dags/etl_batch_dag.py
[2025-08-27T04:04:29.618+0000] {processor.py:914} INFO - Processing file /opt/airflow/dags/etl_batch_dag.py for tasks to queue
[2025-08-27T04:04:29.620+0000] {logging_mixin.py:190} INFO - [2025-08-27T04:04:29.620+0000] {dagbag.py:588} INFO - Filling up the DagBag from /opt/airflow/dags/etl_batch_dag.py
[2025-08-27T04:04:29.638+0000] {processor.py:925} INFO - DAG(s) 'etl_batch' retrieved from /opt/airflow/dags/etl_batch_dag.py
[2025-08-27T04:04:29.692+0000] {logging_mixin.py:190} INFO - [2025-08-27T04:04:29.691+0000] {dag.py:3239} INFO - Sync 1 DAGs
[2025-08-27T04:04:29.734+0000] {logging_mixin.py:190} INFO - [2025-08-27T04:04:29.734+0000] {dag.py:4180} INFO - Setting next_dagrun for etl_batch to 2025-08-25 11:00:00+00:00, run_after=2025-08-26 11:00:00+00:00
[2025-08-27T04:04:29.783+0000] {processor.py:208} INFO - Processing /opt/airflow/dags/etl_batch_dag.py took 0.170 seconds
[2025-08-27T04:05:00.135+0000] {processor.py:186} INFO - Started process (PID=522) to work on /opt/airflow/dags/etl_batch_dag.py
[2025-08-27T04:05:00.137+0000] {processor.py:914} INFO - Processing file /opt/airflow/dags/etl_batch_dag.py for tasks to queue
[2025-08-27T04:05:00.142+0000] {logging_mixin.py:190} INFO - [2025-08-27T04:05:00.142+0000] {dagbag.py:588} INFO - Filling up the DagBag from /opt/airflow/dags/etl_batch_dag.py
[2025-08-27T04:05:00.234+0000] {processor.py:925} INFO - DAG(s) 'etl_batch' retrieved from /opt/airflow/dags/etl_batch_dag.py
[2025-08-27T04:05:00.409+0000] {logging_mixin.py:190} INFO - [2025-08-27T04:05:00.409+0000] {dag.py:3239} INFO - Sync 1 DAGs
[2025-08-27T04:05:00.606+0000] {logging_mixin.py:190} INFO - [2025-08-27T04:05:00.605+0000] {dag.py:4180} INFO - Setting next_dagrun for etl_batch to 2025-08-25 11:00:00+00:00, run_after=2025-08-26 11:00:00+00:00
[2025-08-27T04:05:00.681+0000] {processor.py:208} INFO - Processing /opt/airflow/dags/etl_batch_dag.py took 0.553 seconds
[2025-08-27T04:05:31.072+0000] {processor.py:186} INFO - Started process (PID=532) to work on /opt/airflow/dags/etl_batch_dag.py
[2025-08-27T04:05:31.075+0000] {processor.py:914} INFO - Processing file /opt/airflow/dags/etl_batch_dag.py for tasks to queue
[2025-08-27T04:05:31.078+0000] {logging_mixin.py:190} INFO - [2025-08-27T04:05:31.078+0000] {dagbag.py:588} INFO - Filling up the DagBag from /opt/airflow/dags/etl_batch_dag.py
[2025-08-27T04:05:31.180+0000] {processor.py:925} INFO - DAG(s) 'etl_batch' retrieved from /opt/airflow/dags/etl_batch_dag.py
[2025-08-27T04:05:31.461+0000] {logging_mixin.py:190} INFO - [2025-08-27T04:05:31.461+0000] {dag.py:3239} INFO - Sync 1 DAGs
[2025-08-27T04:05:31.538+0000] {logging_mixin.py:190} INFO - [2025-08-27T04:05:31.538+0000] {dag.py:4180} INFO - Setting next_dagrun for etl_batch to 2025-08-25 11:00:00+00:00, run_after=2025-08-26 11:00:00+00:00
[2025-08-27T04:05:31.604+0000] {processor.py:208} INFO - Processing /opt/airflow/dags/etl_batch_dag.py took 0.537 seconds
[2025-08-27T04:06:02.018+0000] {processor.py:186} INFO - Started process (PID=542) to work on /opt/airflow/dags/etl_batch_dag.py
[2025-08-27T04:06:02.020+0000] {processor.py:914} INFO - Processing file /opt/airflow/dags/etl_batch_dag.py for tasks to queue
[2025-08-27T04:06:02.022+0000] {logging_mixin.py:190} INFO - [2025-08-27T04:06:02.022+0000] {dagbag.py:588} INFO - Filling up the DagBag from /opt/airflow/dags/etl_batch_dag.py
[2025-08-27T04:06:02.055+0000] {processor.py:925} INFO - DAG(s) 'etl_batch' retrieved from /opt/airflow/dags/etl_batch_dag.py
[2025-08-27T04:06:02.113+0000] {logging_mixin.py:190} INFO - [2025-08-27T04:06:02.113+0000] {dag.py:3239} INFO - Sync 1 DAGs
[2025-08-27T04:06:02.150+0000] {logging_mixin.py:190} INFO - [2025-08-27T04:06:02.150+0000] {dag.py:4180} INFO - Setting next_dagrun for etl_batch to 2025-08-25 11:00:00+00:00, run_after=2025-08-26 11:00:00+00:00
[2025-08-27T04:06:02.185+0000] {processor.py:208} INFO - Processing /opt/airflow/dags/etl_batch_dag.py took 0.172 seconds
[2025-08-27T04:06:32.415+0000] {processor.py:186} INFO - Started process (PID=552) to work on /opt/airflow/dags/etl_batch_dag.py
[2025-08-27T04:06:32.420+0000] {processor.py:914} INFO - Processing file /opt/airflow/dags/etl_batch_dag.py for tasks to queue
[2025-08-27T04:06:32.422+0000] {logging_mixin.py:190} INFO - [2025-08-27T04:06:32.422+0000] {dagbag.py:588} INFO - Filling up the DagBag from /opt/airflow/dags/etl_batch_dag.py
[2025-08-27T04:06:32.541+0000] {processor.py:925} INFO - DAG(s) 'etl_batch' retrieved from /opt/airflow/dags/etl_batch_dag.py
[2025-08-27T04:06:32.655+0000] {logging_mixin.py:190} INFO - [2025-08-27T04:06:32.655+0000] {dag.py:3239} INFO - Sync 1 DAGs
[2025-08-27T04:06:32.727+0000] {logging_mixin.py:190} INFO - [2025-08-27T04:06:32.726+0000] {dag.py:4180} INFO - Setting next_dagrun for etl_batch to 2025-08-25 11:00:00+00:00, run_after=2025-08-26 11:00:00+00:00
[2025-08-27T04:06:32.803+0000] {processor.py:208} INFO - Processing /opt/airflow/dags/etl_batch_dag.py took 0.393 seconds
[2025-08-27T04:07:03.208+0000] {processor.py:186} INFO - Started process (PID=562) to work on /opt/airflow/dags/etl_batch_dag.py
[2025-08-27T04:07:03.209+0000] {processor.py:914} INFO - Processing file /opt/airflow/dags/etl_batch_dag.py for tasks to queue
[2025-08-27T04:07:03.211+0000] {logging_mixin.py:190} INFO - [2025-08-27T04:07:03.210+0000] {dagbag.py:588} INFO - Filling up the DagBag from /opt/airflow/dags/etl_batch_dag.py
[2025-08-27T04:07:03.236+0000] {processor.py:925} INFO - DAG(s) 'etl_batch' retrieved from /opt/airflow/dags/etl_batch_dag.py
[2025-08-27T04:07:03.302+0000] {logging_mixin.py:190} INFO - [2025-08-27T04:07:03.302+0000] {dag.py:3239} INFO - Sync 1 DAGs
[2025-08-27T04:07:03.349+0000] {logging_mixin.py:190} INFO - [2025-08-27T04:07:03.348+0000] {dag.py:4180} INFO - Setting next_dagrun for etl_batch to 2025-08-25 11:00:00+00:00, run_after=2025-08-26 11:00:00+00:00
[2025-08-27T04:07:03.404+0000] {processor.py:208} INFO - Processing /opt/airflow/dags/etl_batch_dag.py took 0.204 seconds
[2025-08-27T04:07:33.814+0000] {processor.py:186} INFO - Started process (PID=572) to work on /opt/airflow/dags/etl_batch_dag.py
[2025-08-27T04:07:33.815+0000] {processor.py:914} INFO - Processing file /opt/airflow/dags/etl_batch_dag.py for tasks to queue
[2025-08-27T04:07:33.817+0000] {logging_mixin.py:190} INFO - [2025-08-27T04:07:33.817+0000] {dagbag.py:588} INFO - Filling up the DagBag from /opt/airflow/dags/etl_batch_dag.py
[2025-08-27T04:07:33.852+0000] {processor.py:925} INFO - DAG(s) 'etl_batch' retrieved from /opt/airflow/dags/etl_batch_dag.py
[2025-08-27T04:07:33.898+0000] {logging_mixin.py:190} INFO - [2025-08-27T04:07:33.898+0000] {dag.py:3239} INFO - Sync 1 DAGs
[2025-08-27T04:07:33.932+0000] {logging_mixin.py:190} INFO - [2025-08-27T04:07:33.932+0000] {dag.py:4180} INFO - Setting next_dagrun for etl_batch to 2025-08-25 11:00:00+00:00, run_after=2025-08-26 11:00:00+00:00
[2025-08-27T04:07:33.979+0000] {processor.py:208} INFO - Processing /opt/airflow/dags/etl_batch_dag.py took 0.172 seconds
[2025-08-27T04:08:04.166+0000] {processor.py:186} INFO - Started process (PID=582) to work on /opt/airflow/dags/etl_batch_dag.py
[2025-08-27T04:08:04.166+0000] {processor.py:914} INFO - Processing file /opt/airflow/dags/etl_batch_dag.py for tasks to queue
[2025-08-27T04:08:04.168+0000] {logging_mixin.py:190} INFO - [2025-08-27T04:08:04.168+0000] {dagbag.py:588} INFO - Filling up the DagBag from /opt/airflow/dags/etl_batch_dag.py
[2025-08-27T04:08:04.186+0000] {processor.py:925} INFO - DAG(s) 'etl_batch' retrieved from /opt/airflow/dags/etl_batch_dag.py
[2025-08-27T04:08:04.226+0000] {logging_mixin.py:190} INFO - [2025-08-27T04:08:04.226+0000] {dag.py:3239} INFO - Sync 1 DAGs
[2025-08-27T04:08:04.278+0000] {logging_mixin.py:190} INFO - [2025-08-27T04:08:04.278+0000] {dag.py:4180} INFO - Setting next_dagrun for etl_batch to 2025-08-25 11:00:00+00:00, run_after=2025-08-26 11:00:00+00:00
[2025-08-27T04:08:04.314+0000] {processor.py:208} INFO - Processing /opt/airflow/dags/etl_batch_dag.py took 0.153 seconds
