[2025-08-27T03:32:42.892+0000] {processor.py:186} INFO - Started process (PID=172) to work on /opt/airflow/dags/streaming_load_dag.py
[2025-08-27T03:32:42.895+0000] {processor.py:914} INFO - Processing file /opt/airflow/dags/streaming_load_dag.py for tasks to queue
[2025-08-27T03:32:42.901+0000] {logging_mixin.py:190} INFO - [2025-08-27T03:32:42.900+0000] {dagbag.py:588} INFO - Filling up the DagBag from /opt/airflow/dags/streaming_load_dag.py
[2025-08-27T03:32:42.976+0000] {processor.py:925} INFO - DAG(s) 'streaming_load' retrieved from /opt/airflow/dags/streaming_load_dag.py
[2025-08-27T03:32:43.387+0000] {logging_mixin.py:190} INFO - [2025-08-27T03:32:43.385+0000] {override.py:1900} INFO - Created Permission View: can delete on DAG:streaming_load
[2025-08-27T03:32:43.423+0000] {logging_mixin.py:190} INFO - [2025-08-27T03:32:43.423+0000] {override.py:1900} INFO - Created Permission View: can read on DAG:streaming_load
[2025-08-27T03:32:43.435+0000] {logging_mixin.py:190} INFO - [2025-08-27T03:32:43.434+0000] {override.py:1900} INFO - Created Permission View: can edit on DAG:streaming_load
[2025-08-27T03:32:43.448+0000] {logging_mixin.py:190} INFO - [2025-08-27T03:32:43.448+0000] {override.py:1900} INFO - Created Permission View: menu access on DAG Run:streaming_load
[2025-08-27T03:32:43.457+0000] {logging_mixin.py:190} INFO - [2025-08-27T03:32:43.457+0000] {override.py:1900} INFO - Created Permission View: can delete on DAG Run:streaming_load
[2025-08-27T03:32:43.468+0000] {logging_mixin.py:190} INFO - [2025-08-27T03:32:43.467+0000] {override.py:1900} INFO - Created Permission View: can read on DAG Run:streaming_load
[2025-08-27T03:32:43.475+0000] {logging_mixin.py:190} INFO - [2025-08-27T03:32:43.475+0000] {override.py:1900} INFO - Created Permission View: can create on DAG Run:streaming_load
[2025-08-27T03:32:43.476+0000] {logging_mixin.py:190} INFO - [2025-08-27T03:32:43.476+0000] {dag.py:3239} INFO - Sync 1 DAGs
[2025-08-27T03:32:43.512+0000] {logging_mixin.py:190} INFO - [2025-08-27T03:32:43.512+0000] {dag.py:3262} INFO - Creating ORM DAG for streaming_load
[2025-08-27T03:32:43.513+0000] {logging_mixin.py:190} INFO - [2025-08-27T03:32:43.513+0000] {dag.py:4180} INFO - Setting next_dagrun for streaming_load to None, run_after=None
[2025-08-27T03:32:43.568+0000] {processor.py:208} INFO - Processing /opt/airflow/dags/streaming_load_dag.py took 0.699 seconds
[2025-08-27T03:33:13.993+0000] {processor.py:186} INFO - Started process (PID=182) to work on /opt/airflow/dags/streaming_load_dag.py
[2025-08-27T03:33:13.996+0000] {processor.py:914} INFO - Processing file /opt/airflow/dags/streaming_load_dag.py for tasks to queue
[2025-08-27T03:33:14.007+0000] {logging_mixin.py:190} INFO - [2025-08-27T03:33:14.005+0000] {dagbag.py:588} INFO - Filling up the DagBag from /opt/airflow/dags/streaming_load_dag.py
[2025-08-27T03:33:14.067+0000] {processor.py:925} INFO - DAG(s) 'streaming_load' retrieved from /opt/airflow/dags/streaming_load_dag.py
[2025-08-27T03:33:14.207+0000] {logging_mixin.py:190} INFO - [2025-08-27T03:33:14.207+0000] {dag.py:3239} INFO - Sync 1 DAGs
[2025-08-27T03:33:14.300+0000] {logging_mixin.py:190} INFO - [2025-08-27T03:33:14.299+0000] {dag.py:4180} INFO - Setting next_dagrun for streaming_load to None, run_after=None
[2025-08-27T03:33:14.387+0000] {processor.py:208} INFO - Processing /opt/airflow/dags/streaming_load_dag.py took 0.408 seconds
[2025-08-27T03:33:44.722+0000] {processor.py:186} INFO - Started process (PID=192) to work on /opt/airflow/dags/streaming_load_dag.py
[2025-08-27T03:33:44.723+0000] {processor.py:914} INFO - Processing file /opt/airflow/dags/streaming_load_dag.py for tasks to queue
[2025-08-27T03:33:44.725+0000] {logging_mixin.py:190} INFO - [2025-08-27T03:33:44.724+0000] {dagbag.py:588} INFO - Filling up the DagBag from /opt/airflow/dags/streaming_load_dag.py
[2025-08-27T03:33:44.750+0000] {processor.py:925} INFO - DAG(s) 'streaming_load' retrieved from /opt/airflow/dags/streaming_load_dag.py
[2025-08-27T03:33:44.819+0000] {logging_mixin.py:190} INFO - [2025-08-27T03:33:44.819+0000] {dag.py:3239} INFO - Sync 1 DAGs
[2025-08-27T03:33:44.861+0000] {logging_mixin.py:190} INFO - [2025-08-27T03:33:44.861+0000] {dag.py:4180} INFO - Setting next_dagrun for streaming_load to None, run_after=None
[2025-08-27T03:33:44.906+0000] {processor.py:208} INFO - Processing /opt/airflow/dags/streaming_load_dag.py took 0.189 seconds
[2025-08-27T03:34:15.337+0000] {processor.py:186} INFO - Started process (PID=202) to work on /opt/airflow/dags/streaming_load_dag.py
[2025-08-27T03:34:15.339+0000] {processor.py:914} INFO - Processing file /opt/airflow/dags/streaming_load_dag.py for tasks to queue
[2025-08-27T03:34:15.341+0000] {logging_mixin.py:190} INFO - [2025-08-27T03:34:15.341+0000] {dagbag.py:588} INFO - Filling up the DagBag from /opt/airflow/dags/streaming_load_dag.py
[2025-08-27T03:34:15.404+0000] {processor.py:925} INFO - DAG(s) 'streaming_load' retrieved from /opt/airflow/dags/streaming_load_dag.py
[2025-08-27T03:34:15.488+0000] {logging_mixin.py:190} INFO - [2025-08-27T03:34:15.488+0000] {dag.py:3239} INFO - Sync 1 DAGs
[2025-08-27T03:34:15.531+0000] {logging_mixin.py:190} INFO - [2025-08-27T03:34:15.531+0000] {dag.py:4180} INFO - Setting next_dagrun for streaming_load to None, run_after=None
[2025-08-27T03:34:15.584+0000] {processor.py:208} INFO - Processing /opt/airflow/dags/streaming_load_dag.py took 0.253 seconds
[2025-08-27T03:34:46.069+0000] {processor.py:186} INFO - Started process (PID=212) to work on /opt/airflow/dags/streaming_load_dag.py
[2025-08-27T03:34:46.071+0000] {processor.py:914} INFO - Processing file /opt/airflow/dags/streaming_load_dag.py for tasks to queue
[2025-08-27T03:34:46.075+0000] {logging_mixin.py:190} INFO - [2025-08-27T03:34:46.075+0000] {dagbag.py:588} INFO - Filling up the DagBag from /opt/airflow/dags/streaming_load_dag.py
[2025-08-27T03:34:46.126+0000] {processor.py:925} INFO - DAG(s) 'streaming_load' retrieved from /opt/airflow/dags/streaming_load_dag.py
[2025-08-27T03:34:46.447+0000] {logging_mixin.py:190} INFO - [2025-08-27T03:34:46.447+0000] {dag.py:3239} INFO - Sync 1 DAGs
[2025-08-27T03:34:46.496+0000] {logging_mixin.py:190} INFO - [2025-08-27T03:34:46.496+0000] {dag.py:4180} INFO - Setting next_dagrun for streaming_load to None, run_after=None
[2025-08-27T03:34:46.562+0000] {processor.py:208} INFO - Processing /opt/airflow/dags/streaming_load_dag.py took 0.498 seconds
[2025-08-27T03:35:16.979+0000] {processor.py:186} INFO - Started process (PID=222) to work on /opt/airflow/dags/streaming_load_dag.py
[2025-08-27T03:35:16.986+0000] {processor.py:914} INFO - Processing file /opt/airflow/dags/streaming_load_dag.py for tasks to queue
[2025-08-27T03:35:16.994+0000] {logging_mixin.py:190} INFO - [2025-08-27T03:35:16.993+0000] {dagbag.py:588} INFO - Filling up the DagBag from /opt/airflow/dags/streaming_load_dag.py
[2025-08-27T03:35:17.046+0000] {processor.py:925} INFO - DAG(s) 'streaming_load' retrieved from /opt/airflow/dags/streaming_load_dag.py
[2025-08-27T03:35:17.177+0000] {logging_mixin.py:190} INFO - [2025-08-27T03:35:17.177+0000] {dag.py:3239} INFO - Sync 1 DAGs
[2025-08-27T03:35:17.220+0000] {logging_mixin.py:190} INFO - [2025-08-27T03:35:17.220+0000] {dag.py:4180} INFO - Setting next_dagrun for streaming_load to None, run_after=None
[2025-08-27T03:35:17.295+0000] {processor.py:208} INFO - Processing /opt/airflow/dags/streaming_load_dag.py took 0.344 seconds
[2025-08-27T03:35:47.942+0000] {processor.py:186} INFO - Started process (PID=232) to work on /opt/airflow/dags/streaming_load_dag.py
[2025-08-27T03:35:47.947+0000] {processor.py:914} INFO - Processing file /opt/airflow/dags/streaming_load_dag.py for tasks to queue
[2025-08-27T03:35:47.958+0000] {logging_mixin.py:190} INFO - [2025-08-27T03:35:47.957+0000] {dagbag.py:588} INFO - Filling up the DagBag from /opt/airflow/dags/streaming_load_dag.py
[2025-08-27T03:35:47.981+0000] {processor.py:925} INFO - DAG(s) 'streaming_load' retrieved from /opt/airflow/dags/streaming_load_dag.py
[2025-08-27T03:35:48.078+0000] {logging_mixin.py:190} INFO - [2025-08-27T03:35:48.077+0000] {dag.py:3239} INFO - Sync 1 DAGs
[2025-08-27T03:35:48.124+0000] {logging_mixin.py:190} INFO - [2025-08-27T03:35:48.124+0000] {dag.py:4180} INFO - Setting next_dagrun for streaming_load to None, run_after=None
[2025-08-27T03:35:48.156+0000] {processor.py:208} INFO - Processing /opt/airflow/dags/streaming_load_dag.py took 0.375 seconds
[2025-08-27T03:36:18.590+0000] {processor.py:186} INFO - Started process (PID=242) to work on /opt/airflow/dags/streaming_load_dag.py
[2025-08-27T03:36:18.592+0000] {processor.py:914} INFO - Processing file /opt/airflow/dags/streaming_load_dag.py for tasks to queue
[2025-08-27T03:36:18.600+0000] {logging_mixin.py:190} INFO - [2025-08-27T03:36:18.598+0000] {dagbag.py:588} INFO - Filling up the DagBag from /opt/airflow/dags/streaming_load_dag.py
[2025-08-27T03:36:18.682+0000] {processor.py:925} INFO - DAG(s) 'streaming_load' retrieved from /opt/airflow/dags/streaming_load_dag.py
[2025-08-27T03:36:18.741+0000] {logging_mixin.py:190} INFO - [2025-08-27T03:36:18.740+0000] {dag.py:3239} INFO - Sync 1 DAGs
[2025-08-27T03:36:18.766+0000] {logging_mixin.py:190} INFO - [2025-08-27T03:36:18.765+0000] {dag.py:4180} INFO - Setting next_dagrun for streaming_load to None, run_after=None
[2025-08-27T03:36:18.819+0000] {processor.py:208} INFO - Processing /opt/airflow/dags/streaming_load_dag.py took 0.246 seconds
[2025-08-27T03:36:49.334+0000] {processor.py:186} INFO - Started process (PID=252) to work on /opt/airflow/dags/streaming_load_dag.py
[2025-08-27T03:36:49.337+0000] {processor.py:914} INFO - Processing file /opt/airflow/dags/streaming_load_dag.py for tasks to queue
[2025-08-27T03:36:49.345+0000] {logging_mixin.py:190} INFO - [2025-08-27T03:36:49.345+0000] {dagbag.py:588} INFO - Filling up the DagBag from /opt/airflow/dags/streaming_load_dag.py
[2025-08-27T03:36:49.387+0000] {processor.py:925} INFO - DAG(s) 'streaming_load' retrieved from /opt/airflow/dags/streaming_load_dag.py
[2025-08-27T03:36:49.480+0000] {logging_mixin.py:190} INFO - [2025-08-27T03:36:49.480+0000] {dag.py:3239} INFO - Sync 1 DAGs
[2025-08-27T03:36:49.519+0000] {logging_mixin.py:190} INFO - [2025-08-27T03:36:49.519+0000] {dag.py:4180} INFO - Setting next_dagrun for streaming_load to None, run_after=None
[2025-08-27T03:36:49.578+0000] {processor.py:208} INFO - Processing /opt/airflow/dags/streaming_load_dag.py took 0.294 seconds
[2025-08-27T03:37:20.009+0000] {processor.py:186} INFO - Started process (PID=262) to work on /opt/airflow/dags/streaming_load_dag.py
[2025-08-27T03:37:20.011+0000] {processor.py:914} INFO - Processing file /opt/airflow/dags/streaming_load_dag.py for tasks to queue
[2025-08-27T03:37:20.013+0000] {logging_mixin.py:190} INFO - [2025-08-27T03:37:20.012+0000] {dagbag.py:588} INFO - Filling up the DagBag from /opt/airflow/dags/streaming_load_dag.py
[2025-08-27T03:37:20.033+0000] {processor.py:925} INFO - DAG(s) 'streaming_load' retrieved from /opt/airflow/dags/streaming_load_dag.py
[2025-08-27T03:37:20.118+0000] {logging_mixin.py:190} INFO - [2025-08-27T03:37:20.118+0000] {dag.py:3239} INFO - Sync 1 DAGs
[2025-08-27T03:37:20.157+0000] {logging_mixin.py:190} INFO - [2025-08-27T03:37:20.156+0000] {dag.py:4180} INFO - Setting next_dagrun for streaming_load to None, run_after=None
[2025-08-27T03:37:20.221+0000] {processor.py:208} INFO - Processing /opt/airflow/dags/streaming_load_dag.py took 0.217 seconds
[2025-08-27T03:37:50.738+0000] {processor.py:186} INFO - Started process (PID=272) to work on /opt/airflow/dags/streaming_load_dag.py
[2025-08-27T03:37:50.740+0000] {processor.py:914} INFO - Processing file /opt/airflow/dags/streaming_load_dag.py for tasks to queue
[2025-08-27T03:37:50.742+0000] {logging_mixin.py:190} INFO - [2025-08-27T03:37:50.742+0000] {dagbag.py:588} INFO - Filling up the DagBag from /opt/airflow/dags/streaming_load_dag.py
[2025-08-27T03:37:50.784+0000] {processor.py:925} INFO - DAG(s) 'streaming_load' retrieved from /opt/airflow/dags/streaming_load_dag.py
[2025-08-27T03:37:50.867+0000] {logging_mixin.py:190} INFO - [2025-08-27T03:37:50.867+0000] {dag.py:3239} INFO - Sync 1 DAGs
[2025-08-27T03:37:50.910+0000] {logging_mixin.py:190} INFO - [2025-08-27T03:37:50.910+0000] {dag.py:4180} INFO - Setting next_dagrun for streaming_load to None, run_after=None
[2025-08-27T03:37:50.993+0000] {processor.py:208} INFO - Processing /opt/airflow/dags/streaming_load_dag.py took 0.262 seconds
[2025-08-27T03:38:21.432+0000] {processor.py:186} INFO - Started process (PID=282) to work on /opt/airflow/dags/streaming_load_dag.py
[2025-08-27T03:38:21.434+0000] {processor.py:914} INFO - Processing file /opt/airflow/dags/streaming_load_dag.py for tasks to queue
[2025-08-27T03:38:21.438+0000] {logging_mixin.py:190} INFO - [2025-08-27T03:38:21.437+0000] {dagbag.py:588} INFO - Filling up the DagBag from /opt/airflow/dags/streaming_load_dag.py
[2025-08-27T03:38:21.469+0000] {processor.py:925} INFO - DAG(s) 'streaming_load' retrieved from /opt/airflow/dags/streaming_load_dag.py
[2025-08-27T03:38:21.572+0000] {logging_mixin.py:190} INFO - [2025-08-27T03:38:21.572+0000] {dag.py:3239} INFO - Sync 1 DAGs
[2025-08-27T03:38:21.606+0000] {logging_mixin.py:190} INFO - [2025-08-27T03:38:21.606+0000] {dag.py:4180} INFO - Setting next_dagrun for streaming_load to None, run_after=None
[2025-08-27T03:38:21.666+0000] {processor.py:208} INFO - Processing /opt/airflow/dags/streaming_load_dag.py took 0.248 seconds
[2025-08-27T03:38:51.886+0000] {processor.py:186} INFO - Started process (PID=292) to work on /opt/airflow/dags/streaming_load_dag.py
[2025-08-27T03:38:51.890+0000] {processor.py:914} INFO - Processing file /opt/airflow/dags/streaming_load_dag.py for tasks to queue
[2025-08-27T03:38:51.896+0000] {logging_mixin.py:190} INFO - [2025-08-27T03:38:51.895+0000] {dagbag.py:588} INFO - Filling up the DagBag from /opt/airflow/dags/streaming_load_dag.py
[2025-08-27T03:38:51.933+0000] {processor.py:925} INFO - DAG(s) 'streaming_load' retrieved from /opt/airflow/dags/streaming_load_dag.py
[2025-08-27T03:38:52.035+0000] {logging_mixin.py:190} INFO - [2025-08-27T03:38:52.035+0000] {dag.py:3239} INFO - Sync 1 DAGs
[2025-08-27T03:38:52.077+0000] {logging_mixin.py:190} INFO - [2025-08-27T03:38:52.077+0000] {dag.py:4180} INFO - Setting next_dagrun for streaming_load to None, run_after=None
[2025-08-27T03:38:52.137+0000] {processor.py:208} INFO - Processing /opt/airflow/dags/streaming_load_dag.py took 0.260 seconds
[2025-08-27T03:39:22.873+0000] {processor.py:186} INFO - Started process (PID=302) to work on /opt/airflow/dags/streaming_load_dag.py
[2025-08-27T03:39:22.877+0000] {processor.py:914} INFO - Processing file /opt/airflow/dags/streaming_load_dag.py for tasks to queue
[2025-08-27T03:39:22.880+0000] {logging_mixin.py:190} INFO - [2025-08-27T03:39:22.880+0000] {dagbag.py:588} INFO - Filling up the DagBag from /opt/airflow/dags/streaming_load_dag.py
[2025-08-27T03:39:22.948+0000] {processor.py:925} INFO - DAG(s) 'streaming_load' retrieved from /opt/airflow/dags/streaming_load_dag.py
[2025-08-27T03:39:23.481+0000] {logging_mixin.py:190} INFO - [2025-08-27T03:39:23.481+0000] {dag.py:3239} INFO - Sync 1 DAGs
[2025-08-27T03:39:23.846+0000] {logging_mixin.py:190} INFO - [2025-08-27T03:39:23.845+0000] {dag.py:4180} INFO - Setting next_dagrun for streaming_load to None, run_after=None
[2025-08-27T03:39:24.065+0000] {processor.py:208} INFO - Processing /opt/airflow/dags/streaming_load_dag.py took 1.198 seconds
[2025-08-27T03:39:54.509+0000] {processor.py:186} INFO - Started process (PID=312) to work on /opt/airflow/dags/streaming_load_dag.py
[2025-08-27T03:39:54.514+0000] {processor.py:914} INFO - Processing file /opt/airflow/dags/streaming_load_dag.py for tasks to queue
[2025-08-27T03:39:54.526+0000] {logging_mixin.py:190} INFO - [2025-08-27T03:39:54.524+0000] {dagbag.py:588} INFO - Filling up the DagBag from /opt/airflow/dags/streaming_load_dag.py
[2025-08-27T03:39:54.587+0000] {processor.py:925} INFO - DAG(s) 'streaming_load' retrieved from /opt/airflow/dags/streaming_load_dag.py
[2025-08-27T03:39:54.780+0000] {logging_mixin.py:190} INFO - [2025-08-27T03:39:54.780+0000] {dag.py:3239} INFO - Sync 1 DAGs
[2025-08-27T03:39:54.904+0000] {logging_mixin.py:190} INFO - [2025-08-27T03:39:54.904+0000] {dag.py:4180} INFO - Setting next_dagrun for streaming_load to None, run_after=None
[2025-08-27T03:39:55.048+0000] {processor.py:208} INFO - Processing /opt/airflow/dags/streaming_load_dag.py took 0.578 seconds
[2025-08-27T03:40:25.614+0000] {processor.py:186} INFO - Started process (PID=322) to work on /opt/airflow/dags/streaming_load_dag.py
[2025-08-27T03:40:25.616+0000] {processor.py:914} INFO - Processing file /opt/airflow/dags/streaming_load_dag.py for tasks to queue
[2025-08-27T03:40:25.618+0000] {logging_mixin.py:190} INFO - [2025-08-27T03:40:25.617+0000] {dagbag.py:588} INFO - Filling up the DagBag from /opt/airflow/dags/streaming_load_dag.py
[2025-08-27T03:40:25.656+0000] {processor.py:925} INFO - DAG(s) 'streaming_load' retrieved from /opt/airflow/dags/streaming_load_dag.py
[2025-08-27T03:40:25.736+0000] {logging_mixin.py:190} INFO - [2025-08-27T03:40:25.736+0000] {dag.py:3239} INFO - Sync 1 DAGs
[2025-08-27T03:40:25.821+0000] {logging_mixin.py:190} INFO - [2025-08-27T03:40:25.820+0000] {dag.py:4180} INFO - Setting next_dagrun for streaming_load to None, run_after=None
[2025-08-27T03:40:25.914+0000] {processor.py:208} INFO - Processing /opt/airflow/dags/streaming_load_dag.py took 0.307 seconds
[2025-08-27T03:40:56.548+0000] {processor.py:186} INFO - Started process (PID=337) to work on /opt/airflow/dags/streaming_load_dag.py
[2025-08-27T03:40:56.549+0000] {processor.py:914} INFO - Processing file /opt/airflow/dags/streaming_load_dag.py for tasks to queue
[2025-08-27T03:40:56.552+0000] {logging_mixin.py:190} INFO - [2025-08-27T03:40:56.552+0000] {dagbag.py:588} INFO - Filling up the DagBag from /opt/airflow/dags/streaming_load_dag.py
[2025-08-27T03:40:56.585+0000] {processor.py:925} INFO - DAG(s) 'streaming_load' retrieved from /opt/airflow/dags/streaming_load_dag.py
[2025-08-27T03:40:56.667+0000] {logging_mixin.py:190} INFO - [2025-08-27T03:40:56.667+0000] {dag.py:3239} INFO - Sync 1 DAGs
[2025-08-27T03:40:56.705+0000] {logging_mixin.py:190} INFO - [2025-08-27T03:40:56.704+0000] {dag.py:4180} INFO - Setting next_dagrun for streaming_load to None, run_after=None
[2025-08-27T03:40:56.760+0000] {processor.py:208} INFO - Processing /opt/airflow/dags/streaming_load_dag.py took 0.218 seconds
[2025-08-27T03:41:27.243+0000] {processor.py:186} INFO - Started process (PID=347) to work on /opt/airflow/dags/streaming_load_dag.py
[2025-08-27T03:41:27.244+0000] {processor.py:914} INFO - Processing file /opt/airflow/dags/streaming_load_dag.py for tasks to queue
[2025-08-27T03:41:27.246+0000] {logging_mixin.py:190} INFO - [2025-08-27T03:41:27.246+0000] {dagbag.py:588} INFO - Filling up the DagBag from /opt/airflow/dags/streaming_load_dag.py
[2025-08-27T03:41:27.262+0000] {processor.py:925} INFO - DAG(s) 'streaming_load' retrieved from /opt/airflow/dags/streaming_load_dag.py
[2025-08-27T03:41:27.299+0000] {logging_mixin.py:190} INFO - [2025-08-27T03:41:27.299+0000] {dag.py:3239} INFO - Sync 1 DAGs
[2025-08-27T03:41:27.324+0000] {logging_mixin.py:190} INFO - [2025-08-27T03:41:27.324+0000] {dag.py:4180} INFO - Setting next_dagrun for streaming_load to None, run_after=None
[2025-08-27T03:41:27.361+0000] {processor.py:208} INFO - Processing /opt/airflow/dags/streaming_load_dag.py took 0.123 seconds
[2025-08-27T03:41:58.006+0000] {processor.py:186} INFO - Started process (PID=357) to work on /opt/airflow/dags/streaming_load_dag.py
[2025-08-27T03:41:58.008+0000] {processor.py:914} INFO - Processing file /opt/airflow/dags/streaming_load_dag.py for tasks to queue
[2025-08-27T03:41:58.011+0000] {logging_mixin.py:190} INFO - [2025-08-27T03:41:58.010+0000] {dagbag.py:588} INFO - Filling up the DagBag from /opt/airflow/dags/streaming_load_dag.py
[2025-08-27T03:41:58.042+0000] {processor.py:925} INFO - DAG(s) 'streaming_load' retrieved from /opt/airflow/dags/streaming_load_dag.py
[2025-08-27T03:41:58.086+0000] {logging_mixin.py:190} INFO - [2025-08-27T03:41:58.086+0000] {dag.py:3239} INFO - Sync 1 DAGs
[2025-08-27T03:41:58.126+0000] {logging_mixin.py:190} INFO - [2025-08-27T03:41:58.126+0000] {dag.py:4180} INFO - Setting next_dagrun for streaming_load to None, run_after=None
[2025-08-27T03:41:58.191+0000] {processor.py:208} INFO - Processing /opt/airflow/dags/streaming_load_dag.py took 0.192 seconds
[2025-08-27T03:42:28.704+0000] {processor.py:186} INFO - Started process (PID=367) to work on /opt/airflow/dags/streaming_load_dag.py
[2025-08-27T03:42:28.705+0000] {processor.py:914} INFO - Processing file /opt/airflow/dags/streaming_load_dag.py for tasks to queue
[2025-08-27T03:42:28.710+0000] {logging_mixin.py:190} INFO - [2025-08-27T03:42:28.709+0000] {dagbag.py:588} INFO - Filling up the DagBag from /opt/airflow/dags/streaming_load_dag.py
[2025-08-27T03:42:28.753+0000] {processor.py:925} INFO - DAG(s) 'streaming_load' retrieved from /opt/airflow/dags/streaming_load_dag.py
[2025-08-27T03:42:28.852+0000] {logging_mixin.py:190} INFO - [2025-08-27T03:42:28.852+0000] {dag.py:3239} INFO - Sync 1 DAGs
[2025-08-27T03:42:28.894+0000] {logging_mixin.py:190} INFO - [2025-08-27T03:42:28.894+0000] {dag.py:4180} INFO - Setting next_dagrun for streaming_load to None, run_after=None
[2025-08-27T03:42:28.963+0000] {processor.py:208} INFO - Processing /opt/airflow/dags/streaming_load_dag.py took 0.264 seconds
[2025-08-27T03:42:59.422+0000] {processor.py:186} INFO - Started process (PID=377) to work on /opt/airflow/dags/streaming_load_dag.py
[2025-08-27T03:42:59.424+0000] {processor.py:914} INFO - Processing file /opt/airflow/dags/streaming_load_dag.py for tasks to queue
[2025-08-27T03:42:59.426+0000] {logging_mixin.py:190} INFO - [2025-08-27T03:42:59.426+0000] {dagbag.py:588} INFO - Filling up the DagBag from /opt/airflow/dags/streaming_load_dag.py
[2025-08-27T03:42:59.479+0000] {processor.py:925} INFO - DAG(s) 'streaming_load' retrieved from /opt/airflow/dags/streaming_load_dag.py
[2025-08-27T03:42:59.576+0000] {logging_mixin.py:190} INFO - [2025-08-27T03:42:59.575+0000] {dag.py:3239} INFO - Sync 1 DAGs
[2025-08-27T03:42:59.615+0000] {logging_mixin.py:190} INFO - [2025-08-27T03:42:59.614+0000] {dag.py:4180} INFO - Setting next_dagrun for streaming_load to None, run_after=None
[2025-08-27T03:42:59.676+0000] {processor.py:208} INFO - Processing /opt/airflow/dags/streaming_load_dag.py took 0.262 seconds
[2025-08-27T03:43:30.166+0000] {processor.py:186} INFO - Started process (PID=387) to work on /opt/airflow/dags/streaming_load_dag.py
[2025-08-27T03:43:30.167+0000] {processor.py:914} INFO - Processing file /opt/airflow/dags/streaming_load_dag.py for tasks to queue
[2025-08-27T03:43:30.170+0000] {logging_mixin.py:190} INFO - [2025-08-27T03:43:30.170+0000] {dagbag.py:588} INFO - Filling up the DagBag from /opt/airflow/dags/streaming_load_dag.py
[2025-08-27T03:43:30.199+0000] {processor.py:925} INFO - DAG(s) 'streaming_load' retrieved from /opt/airflow/dags/streaming_load_dag.py
[2025-08-27T03:43:30.259+0000] {logging_mixin.py:190} INFO - [2025-08-27T03:43:30.259+0000] {dag.py:3239} INFO - Sync 1 DAGs
[2025-08-27T03:43:30.288+0000] {logging_mixin.py:190} INFO - [2025-08-27T03:43:30.288+0000] {dag.py:4180} INFO - Setting next_dagrun for streaming_load to None, run_after=None
[2025-08-27T03:43:30.347+0000] {processor.py:208} INFO - Processing /opt/airflow/dags/streaming_load_dag.py took 0.187 seconds
[2025-08-27T03:44:00.441+0000] {processor.py:186} INFO - Started process (PID=397) to work on /opt/airflow/dags/streaming_load_dag.py
[2025-08-27T03:44:00.443+0000] {processor.py:914} INFO - Processing file /opt/airflow/dags/streaming_load_dag.py for tasks to queue
[2025-08-27T03:44:00.448+0000] {logging_mixin.py:190} INFO - [2025-08-27T03:44:00.447+0000] {dagbag.py:588} INFO - Filling up the DagBag from /opt/airflow/dags/streaming_load_dag.py
[2025-08-27T03:44:00.490+0000] {processor.py:925} INFO - DAG(s) 'streaming_load' retrieved from /opt/airflow/dags/streaming_load_dag.py
[2025-08-27T03:44:00.585+0000] {logging_mixin.py:190} INFO - [2025-08-27T03:44:00.585+0000] {dag.py:3239} INFO - Sync 1 DAGs
[2025-08-27T03:44:00.628+0000] {logging_mixin.py:190} INFO - [2025-08-27T03:44:00.628+0000] {dag.py:4180} INFO - Setting next_dagrun for streaming_load to None, run_after=None
[2025-08-27T03:44:00.709+0000] {processor.py:208} INFO - Processing /opt/airflow/dags/streaming_load_dag.py took 0.276 seconds
[2025-08-27T03:44:30.846+0000] {processor.py:186} INFO - Started process (PID=405) to work on /opt/airflow/dags/streaming_load_dag.py
[2025-08-27T03:44:30.847+0000] {processor.py:914} INFO - Processing file /opt/airflow/dags/streaming_load_dag.py for tasks to queue
[2025-08-27T03:44:30.850+0000] {logging_mixin.py:190} INFO - [2025-08-27T03:44:30.849+0000] {dagbag.py:588} INFO - Filling up the DagBag from /opt/airflow/dags/streaming_load_dag.py
[2025-08-27T03:44:30.869+0000] {processor.py:925} INFO - DAG(s) 'streaming_load' retrieved from /opt/airflow/dags/streaming_load_dag.py
[2025-08-27T03:44:30.919+0000] {logging_mixin.py:190} INFO - [2025-08-27T03:44:30.919+0000] {dag.py:3239} INFO - Sync 1 DAGs
[2025-08-27T03:44:30.945+0000] {logging_mixin.py:190} INFO - [2025-08-27T03:44:30.945+0000] {dag.py:4180} INFO - Setting next_dagrun for streaming_load to None, run_after=None
[2025-08-27T03:44:30.990+0000] {processor.py:208} INFO - Processing /opt/airflow/dags/streaming_load_dag.py took 0.152 seconds
[2025-08-27T03:45:01.467+0000] {processor.py:186} INFO - Started process (PID=415) to work on /opt/airflow/dags/streaming_load_dag.py
[2025-08-27T03:45:01.468+0000] {processor.py:914} INFO - Processing file /opt/airflow/dags/streaming_load_dag.py for tasks to queue
[2025-08-27T03:45:01.472+0000] {logging_mixin.py:190} INFO - [2025-08-27T03:45:01.472+0000] {dagbag.py:588} INFO - Filling up the DagBag from /opt/airflow/dags/streaming_load_dag.py
[2025-08-27T03:45:01.520+0000] {processor.py:925} INFO - DAG(s) 'streaming_load' retrieved from /opt/airflow/dags/streaming_load_dag.py
[2025-08-27T03:45:01.614+0000] {logging_mixin.py:190} INFO - [2025-08-27T03:45:01.614+0000] {dag.py:3239} INFO - Sync 1 DAGs
[2025-08-27T03:45:01.660+0000] {logging_mixin.py:190} INFO - [2025-08-27T03:45:01.660+0000] {dag.py:4180} INFO - Setting next_dagrun for streaming_load to None, run_after=None
[2025-08-27T03:45:01.714+0000] {processor.py:208} INFO - Processing /opt/airflow/dags/streaming_load_dag.py took 0.253 seconds
[2025-08-27T03:45:31.955+0000] {processor.py:186} INFO - Started process (PID=425) to work on /opt/airflow/dags/streaming_load_dag.py
[2025-08-27T03:45:31.957+0000] {processor.py:914} INFO - Processing file /opt/airflow/dags/streaming_load_dag.py for tasks to queue
[2025-08-27T03:45:31.960+0000] {logging_mixin.py:190} INFO - [2025-08-27T03:45:31.959+0000] {dagbag.py:588} INFO - Filling up the DagBag from /opt/airflow/dags/streaming_load_dag.py
[2025-08-27T03:45:32.012+0000] {processor.py:925} INFO - DAG(s) 'streaming_load' retrieved from /opt/airflow/dags/streaming_load_dag.py
[2025-08-27T03:45:32.161+0000] {logging_mixin.py:190} INFO - [2025-08-27T03:45:32.161+0000] {dag.py:3239} INFO - Sync 1 DAGs
[2025-08-27T03:45:32.207+0000] {logging_mixin.py:190} INFO - [2025-08-27T03:45:32.207+0000] {dag.py:4180} INFO - Setting next_dagrun for streaming_load to None, run_after=None
[2025-08-27T03:45:32.276+0000] {processor.py:208} INFO - Processing /opt/airflow/dags/streaming_load_dag.py took 0.337 seconds
[2025-08-27T03:46:02.716+0000] {processor.py:186} INFO - Started process (PID=435) to work on /opt/airflow/dags/streaming_load_dag.py
[2025-08-27T03:46:02.719+0000] {processor.py:914} INFO - Processing file /opt/airflow/dags/streaming_load_dag.py for tasks to queue
[2025-08-27T03:46:02.723+0000] {logging_mixin.py:190} INFO - [2025-08-27T03:46:02.723+0000] {dagbag.py:588} INFO - Filling up the DagBag from /opt/airflow/dags/streaming_load_dag.py
[2025-08-27T03:46:02.757+0000] {processor.py:925} INFO - DAG(s) 'streaming_load' retrieved from /opt/airflow/dags/streaming_load_dag.py
[2025-08-27T03:46:02.830+0000] {logging_mixin.py:190} INFO - [2025-08-27T03:46:02.830+0000] {dag.py:3239} INFO - Sync 1 DAGs
[2025-08-27T03:46:02.861+0000] {logging_mixin.py:190} INFO - [2025-08-27T03:46:02.861+0000] {dag.py:4180} INFO - Setting next_dagrun for streaming_load to None, run_after=None
[2025-08-27T03:46:02.917+0000] {processor.py:208} INFO - Processing /opt/airflow/dags/streaming_load_dag.py took 0.206 seconds
[2025-08-27T03:47:07.008+0000] {processor.py:186} INFO - Started process (PID=175) to work on /opt/airflow/dags/streaming_load_dag.py
[2025-08-27T03:47:07.011+0000] {processor.py:914} INFO - Processing file /opt/airflow/dags/streaming_load_dag.py for tasks to queue
[2025-08-27T03:47:07.014+0000] {logging_mixin.py:190} INFO - [2025-08-27T03:47:07.013+0000] {dagbag.py:588} INFO - Filling up the DagBag from /opt/airflow/dags/streaming_load_dag.py
[2025-08-27T03:47:07.067+0000] {processor.py:925} INFO - DAG(s) 'streaming_load' retrieved from /opt/airflow/dags/streaming_load_dag.py
[2025-08-27T03:47:07.252+0000] {logging_mixin.py:190} INFO - [2025-08-27T03:47:07.251+0000] {dag.py:3239} INFO - Sync 1 DAGs
[2025-08-27T03:47:07.309+0000] {logging_mixin.py:190} INFO - [2025-08-27T03:47:07.309+0000] {dag.py:4180} INFO - Setting next_dagrun for streaming_load to None, run_after=None
[2025-08-27T03:47:07.438+0000] {processor.py:208} INFO - Processing /opt/airflow/dags/streaming_load_dag.py took 0.443 seconds
[2025-08-27T03:47:37.908+0000] {processor.py:186} INFO - Started process (PID=185) to work on /opt/airflow/dags/streaming_load_dag.py
[2025-08-27T03:47:37.912+0000] {processor.py:914} INFO - Processing file /opt/airflow/dags/streaming_load_dag.py for tasks to queue
[2025-08-27T03:47:37.930+0000] {logging_mixin.py:190} INFO - [2025-08-27T03:47:37.928+0000] {dagbag.py:588} INFO - Filling up the DagBag from /opt/airflow/dags/streaming_load_dag.py
[2025-08-27T03:47:38.020+0000] {processor.py:925} INFO - DAG(s) 'streaming_load' retrieved from /opt/airflow/dags/streaming_load_dag.py
[2025-08-27T03:47:38.188+0000] {logging_mixin.py:190} INFO - [2025-08-27T03:47:38.187+0000] {dag.py:3239} INFO - Sync 1 DAGs
[2025-08-27T03:47:38.358+0000] {logging_mixin.py:190} INFO - [2025-08-27T03:47:38.358+0000] {dag.py:4180} INFO - Setting next_dagrun for streaming_load to None, run_after=None
[2025-08-27T03:47:38.455+0000] {processor.py:208} INFO - Processing /opt/airflow/dags/streaming_load_dag.py took 0.596 seconds
[2025-08-27T03:48:08.886+0000] {processor.py:186} INFO - Started process (PID=195) to work on /opt/airflow/dags/streaming_load_dag.py
[2025-08-27T03:48:08.889+0000] {processor.py:914} INFO - Processing file /opt/airflow/dags/streaming_load_dag.py for tasks to queue
[2025-08-27T03:48:08.896+0000] {logging_mixin.py:190} INFO - [2025-08-27T03:48:08.896+0000] {dagbag.py:588} INFO - Filling up the DagBag from /opt/airflow/dags/streaming_load_dag.py
[2025-08-27T03:48:08.969+0000] {processor.py:925} INFO - DAG(s) 'streaming_load' retrieved from /opt/airflow/dags/streaming_load_dag.py
[2025-08-27T03:48:09.158+0000] {logging_mixin.py:190} INFO - [2025-08-27T03:48:09.158+0000] {dag.py:3239} INFO - Sync 1 DAGs
[2025-08-27T03:48:09.217+0000] {logging_mixin.py:190} INFO - [2025-08-27T03:48:09.217+0000] {dag.py:4180} INFO - Setting next_dagrun for streaming_load to None, run_after=None
[2025-08-27T03:48:09.277+0000] {processor.py:208} INFO - Processing /opt/airflow/dags/streaming_load_dag.py took 0.420 seconds
[2025-08-27T03:48:39.727+0000] {processor.py:186} INFO - Started process (PID=205) to work on /opt/airflow/dags/streaming_load_dag.py
[2025-08-27T03:48:39.728+0000] {processor.py:914} INFO - Processing file /opt/airflow/dags/streaming_load_dag.py for tasks to queue
[2025-08-27T03:48:39.731+0000] {logging_mixin.py:190} INFO - [2025-08-27T03:48:39.731+0000] {dagbag.py:588} INFO - Filling up the DagBag from /opt/airflow/dags/streaming_load_dag.py
[2025-08-27T03:48:39.752+0000] {processor.py:925} INFO - DAG(s) 'streaming_load' retrieved from /opt/airflow/dags/streaming_load_dag.py
[2025-08-27T03:48:39.842+0000] {logging_mixin.py:190} INFO - [2025-08-27T03:48:39.842+0000] {dag.py:3239} INFO - Sync 1 DAGs
[2025-08-27T03:48:39.885+0000] {logging_mixin.py:190} INFO - [2025-08-27T03:48:39.885+0000] {dag.py:4180} INFO - Setting next_dagrun for streaming_load to None, run_after=None
[2025-08-27T03:48:39.946+0000] {processor.py:208} INFO - Processing /opt/airflow/dags/streaming_load_dag.py took 0.233 seconds
[2025-08-27T03:49:10.436+0000] {processor.py:186} INFO - Started process (PID=215) to work on /opt/airflow/dags/streaming_load_dag.py
[2025-08-27T03:49:10.445+0000] {processor.py:914} INFO - Processing file /opt/airflow/dags/streaming_load_dag.py for tasks to queue
[2025-08-27T03:49:10.456+0000] {logging_mixin.py:190} INFO - [2025-08-27T03:49:10.455+0000] {dagbag.py:588} INFO - Filling up the DagBag from /opt/airflow/dags/streaming_load_dag.py
[2025-08-27T03:49:10.500+0000] {processor.py:925} INFO - DAG(s) 'streaming_load' retrieved from /opt/airflow/dags/streaming_load_dag.py
[2025-08-27T03:49:10.570+0000] {logging_mixin.py:190} INFO - [2025-08-27T03:49:10.570+0000] {dag.py:3239} INFO - Sync 1 DAGs
[2025-08-27T03:49:10.596+0000] {logging_mixin.py:190} INFO - [2025-08-27T03:49:10.595+0000] {dag.py:4180} INFO - Setting next_dagrun for streaming_load to None, run_after=None
[2025-08-27T03:49:10.680+0000] {processor.py:208} INFO - Processing /opt/airflow/dags/streaming_load_dag.py took 0.250 seconds
[2025-08-27T03:49:41.351+0000] {processor.py:186} INFO - Started process (PID=225) to work on /opt/airflow/dags/streaming_load_dag.py
[2025-08-27T03:49:41.353+0000] {processor.py:914} INFO - Processing file /opt/airflow/dags/streaming_load_dag.py for tasks to queue
[2025-08-27T03:49:41.356+0000] {logging_mixin.py:190} INFO - [2025-08-27T03:49:41.356+0000] {dagbag.py:588} INFO - Filling up the DagBag from /opt/airflow/dags/streaming_load_dag.py
[2025-08-27T03:49:41.394+0000] {processor.py:925} INFO - DAG(s) 'streaming_load' retrieved from /opt/airflow/dags/streaming_load_dag.py
[2025-08-27T03:49:41.585+0000] {logging_mixin.py:190} INFO - [2025-08-27T03:49:41.585+0000] {dag.py:3239} INFO - Sync 1 DAGs
[2025-08-27T03:49:41.629+0000] {logging_mixin.py:190} INFO - [2025-08-27T03:49:41.629+0000] {dag.py:4180} INFO - Setting next_dagrun for streaming_load to None, run_after=None
[2025-08-27T03:49:41.701+0000] {processor.py:208} INFO - Processing /opt/airflow/dags/streaming_load_dag.py took 0.380 seconds
[2025-08-27T03:50:12.229+0000] {processor.py:186} INFO - Started process (PID=235) to work on /opt/airflow/dags/streaming_load_dag.py
[2025-08-27T03:50:12.231+0000] {processor.py:914} INFO - Processing file /opt/airflow/dags/streaming_load_dag.py for tasks to queue
[2025-08-27T03:50:12.233+0000] {logging_mixin.py:190} INFO - [2025-08-27T03:50:12.233+0000] {dagbag.py:588} INFO - Filling up the DagBag from /opt/airflow/dags/streaming_load_dag.py
[2025-08-27T03:50:12.282+0000] {processor.py:925} INFO - DAG(s) 'streaming_load' retrieved from /opt/airflow/dags/streaming_load_dag.py
[2025-08-27T03:50:12.418+0000] {logging_mixin.py:190} INFO - [2025-08-27T03:50:12.418+0000] {dag.py:3239} INFO - Sync 1 DAGs
[2025-08-27T03:50:12.468+0000] {logging_mixin.py:190} INFO - [2025-08-27T03:50:12.468+0000] {dag.py:4180} INFO - Setting next_dagrun for streaming_load to None, run_after=None
[2025-08-27T03:50:12.537+0000] {processor.py:208} INFO - Processing /opt/airflow/dags/streaming_load_dag.py took 0.315 seconds
[2025-08-27T03:50:43.077+0000] {processor.py:186} INFO - Started process (PID=245) to work on /opt/airflow/dags/streaming_load_dag.py
[2025-08-27T03:50:43.079+0000] {processor.py:914} INFO - Processing file /opt/airflow/dags/streaming_load_dag.py for tasks to queue
[2025-08-27T03:50:43.083+0000] {logging_mixin.py:190} INFO - [2025-08-27T03:50:43.083+0000] {dagbag.py:588} INFO - Filling up the DagBag from /opt/airflow/dags/streaming_load_dag.py
[2025-08-27T03:50:43.118+0000] {processor.py:925} INFO - DAG(s) 'streaming_load' retrieved from /opt/airflow/dags/streaming_load_dag.py
[2025-08-27T03:50:43.226+0000] {logging_mixin.py:190} INFO - [2025-08-27T03:50:43.226+0000] {dag.py:3239} INFO - Sync 1 DAGs
[2025-08-27T03:50:43.268+0000] {logging_mixin.py:190} INFO - [2025-08-27T03:50:43.268+0000] {dag.py:4180} INFO - Setting next_dagrun for streaming_load to None, run_after=None
[2025-08-27T03:50:43.334+0000] {processor.py:208} INFO - Processing /opt/airflow/dags/streaming_load_dag.py took 0.282 seconds
[2025-08-27T03:51:13.801+0000] {processor.py:186} INFO - Started process (PID=255) to work on /opt/airflow/dags/streaming_load_dag.py
[2025-08-27T03:51:13.808+0000] {processor.py:914} INFO - Processing file /opt/airflow/dags/streaming_load_dag.py for tasks to queue
[2025-08-27T03:51:13.844+0000] {logging_mixin.py:190} INFO - [2025-08-27T03:51:13.839+0000] {dagbag.py:588} INFO - Filling up the DagBag from /opt/airflow/dags/streaming_load_dag.py
[2025-08-27T03:51:14.019+0000] {processor.py:925} INFO - DAG(s) 'streaming_load' retrieved from /opt/airflow/dags/streaming_load_dag.py
[2025-08-27T03:51:14.159+0000] {logging_mixin.py:190} INFO - [2025-08-27T03:51:14.159+0000] {dag.py:3239} INFO - Sync 1 DAGs
[2025-08-27T03:51:14.220+0000] {logging_mixin.py:190} INFO - [2025-08-27T03:51:14.220+0000] {dag.py:4180} INFO - Setting next_dagrun for streaming_load to None, run_after=None
[2025-08-27T03:51:14.262+0000] {processor.py:208} INFO - Processing /opt/airflow/dags/streaming_load_dag.py took 0.479 seconds
[2025-08-27T03:51:44.628+0000] {processor.py:186} INFO - Started process (PID=265) to work on /opt/airflow/dags/streaming_load_dag.py
[2025-08-27T03:51:44.629+0000] {processor.py:914} INFO - Processing file /opt/airflow/dags/streaming_load_dag.py for tasks to queue
[2025-08-27T03:51:44.632+0000] {logging_mixin.py:190} INFO - [2025-08-27T03:51:44.631+0000] {dagbag.py:588} INFO - Filling up the DagBag from /opt/airflow/dags/streaming_load_dag.py
[2025-08-27T03:51:44.716+0000] {processor.py:925} INFO - DAG(s) 'streaming_load' retrieved from /opt/airflow/dags/streaming_load_dag.py
[2025-08-27T03:51:44.852+0000] {logging_mixin.py:190} INFO - [2025-08-27T03:51:44.852+0000] {dag.py:3239} INFO - Sync 1 DAGs
[2025-08-27T03:51:44.896+0000] {logging_mixin.py:190} INFO - [2025-08-27T03:51:44.896+0000] {dag.py:4180} INFO - Setting next_dagrun for streaming_load to None, run_after=None
[2025-08-27T03:51:44.972+0000] {processor.py:208} INFO - Processing /opt/airflow/dags/streaming_load_dag.py took 0.351 seconds
[2025-08-27T03:52:15.501+0000] {processor.py:186} INFO - Started process (PID=275) to work on /opt/airflow/dags/streaming_load_dag.py
[2025-08-27T03:52:15.503+0000] {processor.py:914} INFO - Processing file /opt/airflow/dags/streaming_load_dag.py for tasks to queue
[2025-08-27T03:52:15.506+0000] {logging_mixin.py:190} INFO - [2025-08-27T03:52:15.505+0000] {dagbag.py:588} INFO - Filling up the DagBag from /opt/airflow/dags/streaming_load_dag.py
[2025-08-27T03:52:15.566+0000] {processor.py:925} INFO - DAG(s) 'streaming_load' retrieved from /opt/airflow/dags/streaming_load_dag.py
[2025-08-27T03:52:15.643+0000] {logging_mixin.py:190} INFO - [2025-08-27T03:52:15.642+0000] {dag.py:3239} INFO - Sync 1 DAGs
[2025-08-27T03:52:15.696+0000] {logging_mixin.py:190} INFO - [2025-08-27T03:52:15.696+0000] {dag.py:4180} INFO - Setting next_dagrun for streaming_load to None, run_after=None
[2025-08-27T03:52:15.802+0000] {processor.py:208} INFO - Processing /opt/airflow/dags/streaming_load_dag.py took 0.307 seconds
[2025-08-27T03:52:45.913+0000] {processor.py:186} INFO - Started process (PID=285) to work on /opt/airflow/dags/streaming_load_dag.py
[2025-08-27T03:52:45.914+0000] {processor.py:914} INFO - Processing file /opt/airflow/dags/streaming_load_dag.py for tasks to queue
[2025-08-27T03:52:45.916+0000] {logging_mixin.py:190} INFO - [2025-08-27T03:52:45.916+0000] {dagbag.py:588} INFO - Filling up the DagBag from /opt/airflow/dags/streaming_load_dag.py
[2025-08-27T03:52:45.946+0000] {processor.py:925} INFO - DAG(s) 'streaming_load' retrieved from /opt/airflow/dags/streaming_load_dag.py
[2025-08-27T03:52:46.014+0000] {logging_mixin.py:190} INFO - [2025-08-27T03:52:46.014+0000] {dag.py:3239} INFO - Sync 1 DAGs
[2025-08-27T03:52:46.050+0000] {logging_mixin.py:190} INFO - [2025-08-27T03:52:46.049+0000] {dag.py:4180} INFO - Setting next_dagrun for streaming_load to None, run_after=None
[2025-08-27T03:52:46.131+0000] {processor.py:208} INFO - Processing /opt/airflow/dags/streaming_load_dag.py took 0.222 seconds
[2025-08-27T03:53:16.481+0000] {processor.py:186} INFO - Started process (PID=295) to work on /opt/airflow/dags/streaming_load_dag.py
[2025-08-27T03:53:16.484+0000] {processor.py:914} INFO - Processing file /opt/airflow/dags/streaming_load_dag.py for tasks to queue
[2025-08-27T03:53:16.490+0000] {logging_mixin.py:190} INFO - [2025-08-27T03:53:16.490+0000] {dagbag.py:588} INFO - Filling up the DagBag from /opt/airflow/dags/streaming_load_dag.py
[2025-08-27T03:53:16.560+0000] {processor.py:925} INFO - DAG(s) 'streaming_load' retrieved from /opt/airflow/dags/streaming_load_dag.py
[2025-08-27T03:53:16.710+0000] {logging_mixin.py:190} INFO - [2025-08-27T03:53:16.709+0000] {dag.py:3239} INFO - Sync 1 DAGs
[2025-08-27T03:53:16.788+0000] {logging_mixin.py:190} INFO - [2025-08-27T03:53:16.787+0000] {dag.py:4180} INFO - Setting next_dagrun for streaming_load to None, run_after=None
[2025-08-27T03:53:16.878+0000] {processor.py:208} INFO - Processing /opt/airflow/dags/streaming_load_dag.py took 0.409 seconds
[2025-08-27T03:53:47.336+0000] {processor.py:186} INFO - Started process (PID=305) to work on /opt/airflow/dags/streaming_load_dag.py
[2025-08-27T03:53:47.337+0000] {processor.py:914} INFO - Processing file /opt/airflow/dags/streaming_load_dag.py for tasks to queue
[2025-08-27T03:53:47.338+0000] {logging_mixin.py:190} INFO - [2025-08-27T03:53:47.338+0000] {dagbag.py:588} INFO - Filling up the DagBag from /opt/airflow/dags/streaming_load_dag.py
[2025-08-27T03:53:47.358+0000] {processor.py:925} INFO - DAG(s) 'streaming_load' retrieved from /opt/airflow/dags/streaming_load_dag.py
[2025-08-27T03:53:47.408+0000] {logging_mixin.py:190} INFO - [2025-08-27T03:53:47.408+0000] {dag.py:3239} INFO - Sync 1 DAGs
[2025-08-27T03:53:47.443+0000] {logging_mixin.py:190} INFO - [2025-08-27T03:53:47.442+0000] {dag.py:4180} INFO - Setting next_dagrun for streaming_load to None, run_after=None
[2025-08-27T03:53:47.510+0000] {processor.py:208} INFO - Processing /opt/airflow/dags/streaming_load_dag.py took 0.181 seconds
[2025-08-27T03:54:17.999+0000] {processor.py:186} INFO - Started process (PID=315) to work on /opt/airflow/dags/streaming_load_dag.py
[2025-08-27T03:54:18.001+0000] {processor.py:914} INFO - Processing file /opt/airflow/dags/streaming_load_dag.py for tasks to queue
[2025-08-27T03:54:18.004+0000] {logging_mixin.py:190} INFO - [2025-08-27T03:54:18.004+0000] {dagbag.py:588} INFO - Filling up the DagBag from /opt/airflow/dags/streaming_load_dag.py
[2025-08-27T03:54:18.038+0000] {processor.py:925} INFO - DAG(s) 'streaming_load' retrieved from /opt/airflow/dags/streaming_load_dag.py
[2025-08-27T03:54:18.100+0000] {logging_mixin.py:190} INFO - [2025-08-27T03:54:18.100+0000] {dag.py:3239} INFO - Sync 1 DAGs
[2025-08-27T03:54:18.124+0000] {logging_mixin.py:190} INFO - [2025-08-27T03:54:18.123+0000] {dag.py:4180} INFO - Setting next_dagrun for streaming_load to None, run_after=None
[2025-08-27T03:54:18.167+0000] {processor.py:208} INFO - Processing /opt/airflow/dags/streaming_load_dag.py took 0.174 seconds
[2025-08-27T03:54:48.763+0000] {processor.py:186} INFO - Started process (PID=325) to work on /opt/airflow/dags/streaming_load_dag.py
[2025-08-27T03:54:48.765+0000] {processor.py:914} INFO - Processing file /opt/airflow/dags/streaming_load_dag.py for tasks to queue
[2025-08-27T03:54:48.766+0000] {logging_mixin.py:190} INFO - [2025-08-27T03:54:48.766+0000] {dagbag.py:588} INFO - Filling up the DagBag from /opt/airflow/dags/streaming_load_dag.py
[2025-08-27T03:54:48.783+0000] {processor.py:925} INFO - DAG(s) 'streaming_load' retrieved from /opt/airflow/dags/streaming_load_dag.py
[2025-08-27T03:54:48.836+0000] {logging_mixin.py:190} INFO - [2025-08-27T03:54:48.836+0000] {dag.py:3239} INFO - Sync 1 DAGs
[2025-08-27T03:54:48.862+0000] {logging_mixin.py:190} INFO - [2025-08-27T03:54:48.861+0000] {dag.py:4180} INFO - Setting next_dagrun for streaming_load to None, run_after=None
[2025-08-27T03:54:48.913+0000] {processor.py:208} INFO - Processing /opt/airflow/dags/streaming_load_dag.py took 0.158 seconds
[2025-08-27T03:55:19.473+0000] {processor.py:186} INFO - Started process (PID=335) to work on /opt/airflow/dags/streaming_load_dag.py
[2025-08-27T03:55:19.476+0000] {processor.py:914} INFO - Processing file /opt/airflow/dags/streaming_load_dag.py for tasks to queue
[2025-08-27T03:55:19.480+0000] {logging_mixin.py:190} INFO - [2025-08-27T03:55:19.480+0000] {dagbag.py:588} INFO - Filling up the DagBag from /opt/airflow/dags/streaming_load_dag.py
[2025-08-27T03:55:19.523+0000] {processor.py:925} INFO - DAG(s) 'streaming_load' retrieved from /opt/airflow/dags/streaming_load_dag.py
[2025-08-27T03:55:19.599+0000] {logging_mixin.py:190} INFO - [2025-08-27T03:55:19.599+0000] {dag.py:3239} INFO - Sync 1 DAGs
[2025-08-27T03:55:19.627+0000] {logging_mixin.py:190} INFO - [2025-08-27T03:55:19.627+0000] {dag.py:4180} INFO - Setting next_dagrun for streaming_load to None, run_after=None
[2025-08-27T03:55:19.679+0000] {processor.py:208} INFO - Processing /opt/airflow/dags/streaming_load_dag.py took 0.214 seconds
[2025-08-27T03:55:50.018+0000] {processor.py:186} INFO - Started process (PID=345) to work on /opt/airflow/dags/streaming_load_dag.py
[2025-08-27T03:55:50.019+0000] {processor.py:914} INFO - Processing file /opt/airflow/dags/streaming_load_dag.py for tasks to queue
[2025-08-27T03:55:50.021+0000] {logging_mixin.py:190} INFO - [2025-08-27T03:55:50.021+0000] {dagbag.py:588} INFO - Filling up the DagBag from /opt/airflow/dags/streaming_load_dag.py
[2025-08-27T03:55:50.038+0000] {processor.py:925} INFO - DAG(s) 'streaming_load' retrieved from /opt/airflow/dags/streaming_load_dag.py
[2025-08-27T03:55:50.074+0000] {logging_mixin.py:190} INFO - [2025-08-27T03:55:50.074+0000] {dag.py:3239} INFO - Sync 1 DAGs
[2025-08-27T03:55:50.108+0000] {logging_mixin.py:190} INFO - [2025-08-27T03:55:50.107+0000] {dag.py:4180} INFO - Setting next_dagrun for streaming_load to None, run_after=None
[2025-08-27T03:55:50.157+0000] {processor.py:208} INFO - Processing /opt/airflow/dags/streaming_load_dag.py took 0.144 seconds
[2025-08-27T03:56:20.649+0000] {processor.py:186} INFO - Started process (PID=355) to work on /opt/airflow/dags/streaming_load_dag.py
[2025-08-27T03:56:20.651+0000] {processor.py:914} INFO - Processing file /opt/airflow/dags/streaming_load_dag.py for tasks to queue
[2025-08-27T03:56:20.655+0000] {logging_mixin.py:190} INFO - [2025-08-27T03:56:20.654+0000] {dagbag.py:588} INFO - Filling up the DagBag from /opt/airflow/dags/streaming_load_dag.py
[2025-08-27T03:56:20.708+0000] {processor.py:925} INFO - DAG(s) 'streaming_load' retrieved from /opt/airflow/dags/streaming_load_dag.py
[2025-08-27T03:56:20.810+0000] {logging_mixin.py:190} INFO - [2025-08-27T03:56:20.809+0000] {dag.py:3239} INFO - Sync 1 DAGs
[2025-08-27T03:56:20.854+0000] {logging_mixin.py:190} INFO - [2025-08-27T03:56:20.853+0000] {dag.py:4180} INFO - Setting next_dagrun for streaming_load to None, run_after=None
[2025-08-27T03:56:20.905+0000] {processor.py:208} INFO - Processing /opt/airflow/dags/streaming_load_dag.py took 0.265 seconds
[2025-08-27T03:56:51.434+0000] {processor.py:186} INFO - Started process (PID=365) to work on /opt/airflow/dags/streaming_load_dag.py
[2025-08-27T03:56:51.435+0000] {processor.py:914} INFO - Processing file /opt/airflow/dags/streaming_load_dag.py for tasks to queue
[2025-08-27T03:56:51.438+0000] {logging_mixin.py:190} INFO - [2025-08-27T03:56:51.438+0000] {dagbag.py:588} INFO - Filling up the DagBag from /opt/airflow/dags/streaming_load_dag.py
[2025-08-27T03:56:51.526+0000] {processor.py:925} INFO - DAG(s) 'streaming_load' retrieved from /opt/airflow/dags/streaming_load_dag.py
[2025-08-27T03:56:51.631+0000] {logging_mixin.py:190} INFO - [2025-08-27T03:56:51.611+0000] {dag.py:3239} INFO - Sync 1 DAGs
[2025-08-27T03:56:51.656+0000] {logging_mixin.py:190} INFO - [2025-08-27T03:56:51.656+0000] {dag.py:4180} INFO - Setting next_dagrun for streaming_load to None, run_after=None
[2025-08-27T03:56:51.703+0000] {processor.py:208} INFO - Processing /opt/airflow/dags/streaming_load_dag.py took 0.274 seconds
[2025-08-27T03:57:22.188+0000] {processor.py:186} INFO - Started process (PID=375) to work on /opt/airflow/dags/streaming_load_dag.py
[2025-08-27T03:57:22.189+0000] {processor.py:914} INFO - Processing file /opt/airflow/dags/streaming_load_dag.py for tasks to queue
[2025-08-27T03:57:22.193+0000] {logging_mixin.py:190} INFO - [2025-08-27T03:57:22.192+0000] {dagbag.py:588} INFO - Filling up the DagBag from /opt/airflow/dags/streaming_load_dag.py
[2025-08-27T03:57:22.229+0000] {processor.py:925} INFO - DAG(s) 'streaming_load' retrieved from /opt/airflow/dags/streaming_load_dag.py
[2025-08-27T03:57:22.312+0000] {logging_mixin.py:190} INFO - [2025-08-27T03:57:22.312+0000] {dag.py:3239} INFO - Sync 1 DAGs
[2025-08-27T03:57:22.352+0000] {logging_mixin.py:190} INFO - [2025-08-27T03:57:22.352+0000] {dag.py:4180} INFO - Setting next_dagrun for streaming_load to None, run_after=None
[2025-08-27T03:57:22.404+0000] {processor.py:208} INFO - Processing /opt/airflow/dags/streaming_load_dag.py took 0.225 seconds
[2025-08-27T03:57:52.989+0000] {processor.py:186} INFO - Started process (PID=385) to work on /opt/airflow/dags/streaming_load_dag.py
[2025-08-27T03:57:52.995+0000] {processor.py:914} INFO - Processing file /opt/airflow/dags/streaming_load_dag.py for tasks to queue
[2025-08-27T03:57:53.002+0000] {logging_mixin.py:190} INFO - [2025-08-27T03:57:53.002+0000] {dagbag.py:588} INFO - Filling up the DagBag from /opt/airflow/dags/streaming_load_dag.py
[2025-08-27T03:57:53.055+0000] {processor.py:925} INFO - DAG(s) 'streaming_load' retrieved from /opt/airflow/dags/streaming_load_dag.py
[2025-08-27T03:57:53.146+0000] {logging_mixin.py:190} INFO - [2025-08-27T03:57:53.146+0000] {dag.py:3239} INFO - Sync 1 DAGs
[2025-08-27T03:57:53.191+0000] {logging_mixin.py:190} INFO - [2025-08-27T03:57:53.191+0000] {dag.py:4180} INFO - Setting next_dagrun for streaming_load to None, run_after=None
[2025-08-27T03:57:53.285+0000] {processor.py:208} INFO - Processing /opt/airflow/dags/streaming_load_dag.py took 0.307 seconds
[2025-08-27T03:58:23.473+0000] {processor.py:186} INFO - Started process (PID=395) to work on /opt/airflow/dags/streaming_load_dag.py
[2025-08-27T03:58:23.474+0000] {processor.py:914} INFO - Processing file /opt/airflow/dags/streaming_load_dag.py for tasks to queue
[2025-08-27T03:58:23.477+0000] {logging_mixin.py:190} INFO - [2025-08-27T03:58:23.476+0000] {dagbag.py:588} INFO - Filling up the DagBag from /opt/airflow/dags/streaming_load_dag.py
[2025-08-27T03:58:23.508+0000] {processor.py:925} INFO - DAG(s) 'streaming_load' retrieved from /opt/airflow/dags/streaming_load_dag.py
[2025-08-27T03:58:23.580+0000] {logging_mixin.py:190} INFO - [2025-08-27T03:58:23.580+0000] {dag.py:3239} INFO - Sync 1 DAGs
[2025-08-27T03:58:23.636+0000] {logging_mixin.py:190} INFO - [2025-08-27T03:58:23.635+0000] {dag.py:4180} INFO - Setting next_dagrun for streaming_load to None, run_after=None
[2025-08-27T03:58:23.706+0000] {processor.py:208} INFO - Processing /opt/airflow/dags/streaming_load_dag.py took 0.239 seconds
[2025-08-27T03:58:54.169+0000] {processor.py:186} INFO - Started process (PID=405) to work on /opt/airflow/dags/streaming_load_dag.py
[2025-08-27T03:58:54.171+0000] {processor.py:914} INFO - Processing file /opt/airflow/dags/streaming_load_dag.py for tasks to queue
[2025-08-27T03:58:54.173+0000] {logging_mixin.py:190} INFO - [2025-08-27T03:58:54.173+0000] {dagbag.py:588} INFO - Filling up the DagBag from /opt/airflow/dags/streaming_load_dag.py
[2025-08-27T03:58:54.208+0000] {processor.py:925} INFO - DAG(s) 'streaming_load' retrieved from /opt/airflow/dags/streaming_load_dag.py
[2025-08-27T03:58:54.298+0000] {logging_mixin.py:190} INFO - [2025-08-27T03:58:54.298+0000] {dag.py:3239} INFO - Sync 1 DAGs
[2025-08-27T03:58:54.334+0000] {logging_mixin.py:190} INFO - [2025-08-27T03:58:54.333+0000] {dag.py:4180} INFO - Setting next_dagrun for streaming_load to None, run_after=None
[2025-08-27T03:58:54.387+0000] {processor.py:208} INFO - Processing /opt/airflow/dags/streaming_load_dag.py took 0.223 seconds
[2025-08-27T03:59:24.788+0000] {processor.py:186} INFO - Started process (PID=415) to work on /opt/airflow/dags/streaming_load_dag.py
[2025-08-27T03:59:24.789+0000] {processor.py:914} INFO - Processing file /opt/airflow/dags/streaming_load_dag.py for tasks to queue
[2025-08-27T03:59:24.791+0000] {logging_mixin.py:190} INFO - [2025-08-27T03:59:24.790+0000] {dagbag.py:588} INFO - Filling up the DagBag from /opt/airflow/dags/streaming_load_dag.py
[2025-08-27T03:59:24.830+0000] {processor.py:925} INFO - DAG(s) 'streaming_load' retrieved from /opt/airflow/dags/streaming_load_dag.py
[2025-08-27T03:59:24.896+0000] {logging_mixin.py:190} INFO - [2025-08-27T03:59:24.896+0000] {dag.py:3239} INFO - Sync 1 DAGs
[2025-08-27T03:59:24.928+0000] {logging_mixin.py:190} INFO - [2025-08-27T03:59:24.928+0000] {dag.py:4180} INFO - Setting next_dagrun for streaming_load to None, run_after=None
[2025-08-27T03:59:24.982+0000] {processor.py:208} INFO - Processing /opt/airflow/dags/streaming_load_dag.py took 0.199 seconds
[2025-08-27T03:59:55.316+0000] {processor.py:186} INFO - Started process (PID=425) to work on /opt/airflow/dags/streaming_load_dag.py
[2025-08-27T03:59:55.317+0000] {processor.py:914} INFO - Processing file /opt/airflow/dags/streaming_load_dag.py for tasks to queue
[2025-08-27T03:59:55.319+0000] {logging_mixin.py:190} INFO - [2025-08-27T03:59:55.319+0000] {dagbag.py:588} INFO - Filling up the DagBag from /opt/airflow/dags/streaming_load_dag.py
[2025-08-27T03:59:55.348+0000] {processor.py:925} INFO - DAG(s) 'streaming_load' retrieved from /opt/airflow/dags/streaming_load_dag.py
[2025-08-27T03:59:55.415+0000] {logging_mixin.py:190} INFO - [2025-08-27T03:59:55.415+0000] {dag.py:3239} INFO - Sync 1 DAGs
[2025-08-27T03:59:55.450+0000] {logging_mixin.py:190} INFO - [2025-08-27T03:59:55.450+0000] {dag.py:4180} INFO - Setting next_dagrun for streaming_load to None, run_after=None
[2025-08-27T03:59:55.509+0000] {processor.py:208} INFO - Processing /opt/airflow/dags/streaming_load_dag.py took 0.198 seconds
[2025-08-27T04:00:25.847+0000] {processor.py:186} INFO - Started process (PID=435) to work on /opt/airflow/dags/streaming_load_dag.py
[2025-08-27T04:00:25.848+0000] {processor.py:914} INFO - Processing file /opt/airflow/dags/streaming_load_dag.py for tasks to queue
[2025-08-27T04:00:25.849+0000] {logging_mixin.py:190} INFO - [2025-08-27T04:00:25.849+0000] {dagbag.py:588} INFO - Filling up the DagBag from /opt/airflow/dags/streaming_load_dag.py
[2025-08-27T04:00:25.880+0000] {processor.py:925} INFO - DAG(s) 'streaming_load' retrieved from /opt/airflow/dags/streaming_load_dag.py
[2025-08-27T04:00:25.938+0000] {logging_mixin.py:190} INFO - [2025-08-27T04:00:25.938+0000] {dag.py:3239} INFO - Sync 1 DAGs
[2025-08-27T04:00:25.974+0000] {logging_mixin.py:190} INFO - [2025-08-27T04:00:25.974+0000] {dag.py:4180} INFO - Setting next_dagrun for streaming_load to None, run_after=None
[2025-08-27T04:00:26.028+0000] {processor.py:208} INFO - Processing /opt/airflow/dags/streaming_load_dag.py took 0.185 seconds
[2025-08-27T04:00:56.312+0000] {processor.py:186} INFO - Started process (PID=445) to work on /opt/airflow/dags/streaming_load_dag.py
[2025-08-27T04:00:56.313+0000] {processor.py:914} INFO - Processing file /opt/airflow/dags/streaming_load_dag.py for tasks to queue
[2025-08-27T04:00:56.314+0000] {logging_mixin.py:190} INFO - [2025-08-27T04:00:56.314+0000] {dagbag.py:588} INFO - Filling up the DagBag from /opt/airflow/dags/streaming_load_dag.py
[2025-08-27T04:00:56.343+0000] {processor.py:925} INFO - DAG(s) 'streaming_load' retrieved from /opt/airflow/dags/streaming_load_dag.py
[2025-08-27T04:00:56.414+0000] {logging_mixin.py:190} INFO - [2025-08-27T04:00:56.414+0000] {dag.py:3239} INFO - Sync 1 DAGs
[2025-08-27T04:00:56.457+0000] {logging_mixin.py:190} INFO - [2025-08-27T04:00:56.456+0000] {dag.py:4180} INFO - Setting next_dagrun for streaming_load to None, run_after=None
[2025-08-27T04:00:56.513+0000] {processor.py:208} INFO - Processing /opt/airflow/dags/streaming_load_dag.py took 0.206 seconds
[2025-08-27T04:01:26.852+0000] {processor.py:186} INFO - Started process (PID=455) to work on /opt/airflow/dags/streaming_load_dag.py
[2025-08-27T04:01:26.855+0000] {processor.py:914} INFO - Processing file /opt/airflow/dags/streaming_load_dag.py for tasks to queue
[2025-08-27T04:01:26.858+0000] {logging_mixin.py:190} INFO - [2025-08-27T04:01:26.858+0000] {dagbag.py:588} INFO - Filling up the DagBag from /opt/airflow/dags/streaming_load_dag.py
[2025-08-27T04:01:26.890+0000] {processor.py:925} INFO - DAG(s) 'streaming_load' retrieved from /opt/airflow/dags/streaming_load_dag.py
[2025-08-27T04:01:26.961+0000] {logging_mixin.py:190} INFO - [2025-08-27T04:01:26.961+0000] {dag.py:3239} INFO - Sync 1 DAGs
[2025-08-27T04:01:26.984+0000] {logging_mixin.py:190} INFO - [2025-08-27T04:01:26.983+0000] {dag.py:4180} INFO - Setting next_dagrun for streaming_load to None, run_after=None
[2025-08-27T04:01:27.031+0000] {processor.py:208} INFO - Processing /opt/airflow/dags/streaming_load_dag.py took 0.187 seconds
[2025-08-27T04:01:57.335+0000] {processor.py:186} INFO - Started process (PID=465) to work on /opt/airflow/dags/streaming_load_dag.py
[2025-08-27T04:01:57.336+0000] {processor.py:914} INFO - Processing file /opt/airflow/dags/streaming_load_dag.py for tasks to queue
[2025-08-27T04:01:57.338+0000] {logging_mixin.py:190} INFO - [2025-08-27T04:01:57.338+0000] {dagbag.py:588} INFO - Filling up the DagBag from /opt/airflow/dags/streaming_load_dag.py
[2025-08-27T04:01:57.354+0000] {processor.py:925} INFO - DAG(s) 'streaming_load' retrieved from /opt/airflow/dags/streaming_load_dag.py
[2025-08-27T04:01:57.409+0000] {logging_mixin.py:190} INFO - [2025-08-27T04:01:57.409+0000] {dag.py:3239} INFO - Sync 1 DAGs
[2025-08-27T04:01:57.435+0000] {logging_mixin.py:190} INFO - [2025-08-27T04:01:57.435+0000] {dag.py:4180} INFO - Setting next_dagrun for streaming_load to None, run_after=None
[2025-08-27T04:01:57.491+0000] {processor.py:208} INFO - Processing /opt/airflow/dags/streaming_load_dag.py took 0.160 seconds
[2025-08-27T04:02:27.856+0000] {processor.py:186} INFO - Started process (PID=475) to work on /opt/airflow/dags/streaming_load_dag.py
[2025-08-27T04:02:27.857+0000] {processor.py:914} INFO - Processing file /opt/airflow/dags/streaming_load_dag.py for tasks to queue
[2025-08-27T04:02:27.858+0000] {logging_mixin.py:190} INFO - [2025-08-27T04:02:27.858+0000] {dagbag.py:588} INFO - Filling up the DagBag from /opt/airflow/dags/streaming_load_dag.py
[2025-08-27T04:02:27.877+0000] {processor.py:925} INFO - DAG(s) 'streaming_load' retrieved from /opt/airflow/dags/streaming_load_dag.py
[2025-08-27T04:02:27.933+0000] {logging_mixin.py:190} INFO - [2025-08-27T04:02:27.933+0000] {dag.py:3239} INFO - Sync 1 DAGs
[2025-08-27T04:02:27.963+0000] {logging_mixin.py:190} INFO - [2025-08-27T04:02:27.962+0000] {dag.py:4180} INFO - Setting next_dagrun for streaming_load to None, run_after=None
[2025-08-27T04:02:28.030+0000] {processor.py:208} INFO - Processing /opt/airflow/dags/streaming_load_dag.py took 0.178 seconds
[2025-08-27T04:02:58.371+0000] {processor.py:186} INFO - Started process (PID=485) to work on /opt/airflow/dags/streaming_load_dag.py
[2025-08-27T04:02:58.371+0000] {processor.py:914} INFO - Processing file /opt/airflow/dags/streaming_load_dag.py for tasks to queue
[2025-08-27T04:02:58.373+0000] {logging_mixin.py:190} INFO - [2025-08-27T04:02:58.373+0000] {dagbag.py:588} INFO - Filling up the DagBag from /opt/airflow/dags/streaming_load_dag.py
[2025-08-27T04:02:58.398+0000] {processor.py:925} INFO - DAG(s) 'streaming_load' retrieved from /opt/airflow/dags/streaming_load_dag.py
[2025-08-27T04:02:58.442+0000] {logging_mixin.py:190} INFO - [2025-08-27T04:02:58.442+0000] {dag.py:3239} INFO - Sync 1 DAGs
[2025-08-27T04:02:58.463+0000] {logging_mixin.py:190} INFO - [2025-08-27T04:02:58.463+0000] {dag.py:4180} INFO - Setting next_dagrun for streaming_load to None, run_after=None
[2025-08-27T04:02:58.525+0000] {processor.py:208} INFO - Processing /opt/airflow/dags/streaming_load_dag.py took 0.159 seconds
[2025-08-27T04:03:28.732+0000] {processor.py:186} INFO - Started process (PID=495) to work on /opt/airflow/dags/streaming_load_dag.py
[2025-08-27T04:03:28.740+0000] {processor.py:914} INFO - Processing file /opt/airflow/dags/streaming_load_dag.py for tasks to queue
[2025-08-27T04:03:28.742+0000] {logging_mixin.py:190} INFO - [2025-08-27T04:03:28.742+0000] {dagbag.py:588} INFO - Filling up the DagBag from /opt/airflow/dags/streaming_load_dag.py
[2025-08-27T04:03:28.762+0000] {processor.py:925} INFO - DAG(s) 'streaming_load' retrieved from /opt/airflow/dags/streaming_load_dag.py
[2025-08-27T04:03:28.809+0000] {logging_mixin.py:190} INFO - [2025-08-27T04:03:28.808+0000] {dag.py:3239} INFO - Sync 1 DAGs
[2025-08-27T04:03:28.835+0000] {logging_mixin.py:190} INFO - [2025-08-27T04:03:28.835+0000] {dag.py:4180} INFO - Setting next_dagrun for streaming_load to None, run_after=None
[2025-08-27T04:03:28.894+0000] {processor.py:208} INFO - Processing /opt/airflow/dags/streaming_load_dag.py took 0.167 seconds
[2025-08-27T04:03:59.227+0000] {processor.py:186} INFO - Started process (PID=505) to work on /opt/airflow/dags/streaming_load_dag.py
[2025-08-27T04:03:59.227+0000] {processor.py:914} INFO - Processing file /opt/airflow/dags/streaming_load_dag.py for tasks to queue
[2025-08-27T04:03:59.230+0000] {logging_mixin.py:190} INFO - [2025-08-27T04:03:59.230+0000] {dagbag.py:588} INFO - Filling up the DagBag from /opt/airflow/dags/streaming_load_dag.py
[2025-08-27T04:03:59.245+0000] {processor.py:925} INFO - DAG(s) 'streaming_load' retrieved from /opt/airflow/dags/streaming_load_dag.py
[2025-08-27T04:03:59.285+0000] {logging_mixin.py:190} INFO - [2025-08-27T04:03:59.284+0000] {dag.py:3239} INFO - Sync 1 DAGs
[2025-08-27T04:03:59.307+0000] {logging_mixin.py:190} INFO - [2025-08-27T04:03:59.307+0000] {dag.py:4180} INFO - Setting next_dagrun for streaming_load to None, run_after=None
[2025-08-27T04:03:59.371+0000] {processor.py:208} INFO - Processing /opt/airflow/dags/streaming_load_dag.py took 0.149 seconds
[2025-08-27T04:04:29.625+0000] {processor.py:186} INFO - Started process (PID=515) to work on /opt/airflow/dags/streaming_load_dag.py
[2025-08-27T04:04:29.625+0000] {processor.py:914} INFO - Processing file /opt/airflow/dags/streaming_load_dag.py for tasks to queue
[2025-08-27T04:04:29.627+0000] {logging_mixin.py:190} INFO - [2025-08-27T04:04:29.627+0000] {dagbag.py:588} INFO - Filling up the DagBag from /opt/airflow/dags/streaming_load_dag.py
[2025-08-27T04:04:29.644+0000] {processor.py:925} INFO - DAG(s) 'streaming_load' retrieved from /opt/airflow/dags/streaming_load_dag.py
[2025-08-27T04:04:29.694+0000] {logging_mixin.py:190} INFO - [2025-08-27T04:04:29.694+0000] {dag.py:3239} INFO - Sync 1 DAGs
[2025-08-27T04:04:29.716+0000] {logging_mixin.py:190} INFO - [2025-08-27T04:04:29.716+0000] {dag.py:4180} INFO - Setting next_dagrun for streaming_load to None, run_after=None
[2025-08-27T04:04:29.776+0000] {processor.py:208} INFO - Processing /opt/airflow/dags/streaming_load_dag.py took 0.156 seconds
[2025-08-27T04:05:00.137+0000] {processor.py:186} INFO - Started process (PID=525) to work on /opt/airflow/dags/streaming_load_dag.py
[2025-08-27T04:05:00.141+0000] {processor.py:914} INFO - Processing file /opt/airflow/dags/streaming_load_dag.py for tasks to queue
[2025-08-27T04:05:00.149+0000] {logging_mixin.py:190} INFO - [2025-08-27T04:05:00.149+0000] {dagbag.py:588} INFO - Filling up the DagBag from /opt/airflow/dags/streaming_load_dag.py
[2025-08-27T04:05:00.214+0000] {processor.py:925} INFO - DAG(s) 'streaming_load' retrieved from /opt/airflow/dags/streaming_load_dag.py
[2025-08-27T04:05:00.409+0000] {logging_mixin.py:190} INFO - [2025-08-27T04:05:00.409+0000] {dag.py:3239} INFO - Sync 1 DAGs
[2025-08-27T04:05:00.533+0000] {logging_mixin.py:190} INFO - [2025-08-27T04:05:00.533+0000] {dag.py:4180} INFO - Setting next_dagrun for streaming_load to None, run_after=None
[2025-08-27T04:05:00.681+0000] {processor.py:208} INFO - Processing /opt/airflow/dags/streaming_load_dag.py took 0.551 seconds
[2025-08-27T04:05:31.099+0000] {processor.py:186} INFO - Started process (PID=535) to work on /opt/airflow/dags/streaming_load_dag.py
[2025-08-27T04:05:31.101+0000] {processor.py:914} INFO - Processing file /opt/airflow/dags/streaming_load_dag.py for tasks to queue
[2025-08-27T04:05:31.105+0000] {logging_mixin.py:190} INFO - [2025-08-27T04:05:31.104+0000] {dagbag.py:588} INFO - Filling up the DagBag from /opt/airflow/dags/streaming_load_dag.py
[2025-08-27T04:05:31.214+0000] {processor.py:925} INFO - DAG(s) 'streaming_load' retrieved from /opt/airflow/dags/streaming_load_dag.py
[2025-08-27T04:05:31.495+0000] {logging_mixin.py:190} INFO - [2025-08-27T04:05:31.495+0000] {dag.py:3239} INFO - Sync 1 DAGs
[2025-08-27T04:05:31.530+0000] {logging_mixin.py:190} INFO - [2025-08-27T04:05:31.530+0000] {dag.py:4180} INFO - Setting next_dagrun for streaming_load to None, run_after=None
[2025-08-27T04:05:31.592+0000] {processor.py:208} INFO - Processing /opt/airflow/dags/streaming_load_dag.py took 0.497 seconds
[2025-08-27T04:06:02.025+0000] {processor.py:186} INFO - Started process (PID=545) to work on /opt/airflow/dags/streaming_load_dag.py
[2025-08-27T04:06:02.026+0000] {processor.py:914} INFO - Processing file /opt/airflow/dags/streaming_load_dag.py for tasks to queue
[2025-08-27T04:06:02.028+0000] {logging_mixin.py:190} INFO - [2025-08-27T04:06:02.028+0000] {dagbag.py:588} INFO - Filling up the DagBag from /opt/airflow/dags/streaming_load_dag.py
[2025-08-27T04:06:02.057+0000] {processor.py:925} INFO - DAG(s) 'streaming_load' retrieved from /opt/airflow/dags/streaming_load_dag.py
[2025-08-27T04:06:02.114+0000] {logging_mixin.py:190} INFO - [2025-08-27T04:06:02.114+0000] {dag.py:3239} INFO - Sync 1 DAGs
[2025-08-27T04:06:02.138+0000] {logging_mixin.py:190} INFO - [2025-08-27T04:06:02.138+0000] {dag.py:4180} INFO - Setting next_dagrun for streaming_load to None, run_after=None
[2025-08-27T04:06:02.178+0000] {processor.py:208} INFO - Processing /opt/airflow/dags/streaming_load_dag.py took 0.158 seconds
[2025-08-27T04:06:32.435+0000] {processor.py:186} INFO - Started process (PID=555) to work on /opt/airflow/dags/streaming_load_dag.py
[2025-08-27T04:06:32.440+0000] {processor.py:914} INFO - Processing file /opt/airflow/dags/streaming_load_dag.py for tasks to queue
[2025-08-27T04:06:32.444+0000] {logging_mixin.py:190} INFO - [2025-08-27T04:06:32.444+0000] {dagbag.py:588} INFO - Filling up the DagBag from /opt/airflow/dags/streaming_load_dag.py
[2025-08-27T04:06:32.540+0000] {processor.py:925} INFO - DAG(s) 'streaming_load' retrieved from /opt/airflow/dags/streaming_load_dag.py
[2025-08-27T04:06:32.655+0000] {logging_mixin.py:190} INFO - [2025-08-27T04:06:32.655+0000] {dag.py:3239} INFO - Sync 1 DAGs
[2025-08-27T04:06:32.710+0000] {logging_mixin.py:190} INFO - [2025-08-27T04:06:32.709+0000] {dag.py:4180} INFO - Setting next_dagrun for streaming_load to None, run_after=None
[2025-08-27T04:06:32.771+0000] {processor.py:208} INFO - Processing /opt/airflow/dags/streaming_load_dag.py took 0.341 seconds
[2025-08-27T04:07:03.220+0000] {processor.py:186} INFO - Started process (PID=565) to work on /opt/airflow/dags/streaming_load_dag.py
[2025-08-27T04:07:03.221+0000] {processor.py:914} INFO - Processing file /opt/airflow/dags/streaming_load_dag.py for tasks to queue
[2025-08-27T04:07:03.223+0000] {logging_mixin.py:190} INFO - [2025-08-27T04:07:03.223+0000] {dagbag.py:588} INFO - Filling up the DagBag from /opt/airflow/dags/streaming_load_dag.py
[2025-08-27T04:07:03.239+0000] {processor.py:925} INFO - DAG(s) 'streaming_load' retrieved from /opt/airflow/dags/streaming_load_dag.py
[2025-08-27T04:07:03.301+0000] {logging_mixin.py:190} INFO - [2025-08-27T04:07:03.301+0000] {dag.py:3239} INFO - Sync 1 DAGs
[2025-08-27T04:07:03.336+0000] {logging_mixin.py:190} INFO - [2025-08-27T04:07:03.336+0000] {dag.py:4180} INFO - Setting next_dagrun for streaming_load to None, run_after=None
[2025-08-27T04:07:03.377+0000] {processor.py:208} INFO - Processing /opt/airflow/dags/streaming_load_dag.py took 0.162 seconds
[2025-08-27T04:07:33.820+0000] {processor.py:186} INFO - Started process (PID=575) to work on /opt/airflow/dags/streaming_load_dag.py
[2025-08-27T04:07:33.821+0000] {processor.py:914} INFO - Processing file /opt/airflow/dags/streaming_load_dag.py for tasks to queue
[2025-08-27T04:07:33.823+0000] {logging_mixin.py:190} INFO - [2025-08-27T04:07:33.823+0000] {dagbag.py:588} INFO - Filling up the DagBag from /opt/airflow/dags/streaming_load_dag.py
[2025-08-27T04:07:33.854+0000] {processor.py:925} INFO - DAG(s) 'streaming_load' retrieved from /opt/airflow/dags/streaming_load_dag.py
[2025-08-27T04:07:33.897+0000] {logging_mixin.py:190} INFO - [2025-08-27T04:07:33.897+0000] {dag.py:3239} INFO - Sync 1 DAGs
[2025-08-27T04:07:33.922+0000] {logging_mixin.py:190} INFO - [2025-08-27T04:07:33.922+0000] {dag.py:4180} INFO - Setting next_dagrun for streaming_load to None, run_after=None
[2025-08-27T04:07:33.969+0000] {processor.py:208} INFO - Processing /opt/airflow/dags/streaming_load_dag.py took 0.155 seconds
[2025-08-27T04:08:04.174+0000] {processor.py:186} INFO - Started process (PID=585) to work on /opt/airflow/dags/streaming_load_dag.py
[2025-08-27T04:08:04.175+0000] {processor.py:914} INFO - Processing file /opt/airflow/dags/streaming_load_dag.py for tasks to queue
[2025-08-27T04:08:04.177+0000] {logging_mixin.py:190} INFO - [2025-08-27T04:08:04.176+0000] {dagbag.py:588} INFO - Filling up the DagBag from /opt/airflow/dags/streaming_load_dag.py
[2025-08-27T04:08:04.199+0000] {processor.py:925} INFO - DAG(s) 'streaming_load' retrieved from /opt/airflow/dags/streaming_load_dag.py
[2025-08-27T04:08:04.242+0000] {logging_mixin.py:190} INFO - [2025-08-27T04:08:04.242+0000] {dag.py:3239} INFO - Sync 1 DAGs
[2025-08-27T04:08:04.265+0000] {logging_mixin.py:190} INFO - [2025-08-27T04:08:04.264+0000] {dag.py:4180} INFO - Setting next_dagrun for streaming_load to None, run_after=None
[2025-08-27T04:08:04.307+0000] {processor.py:208} INFO - Processing /opt/airflow/dags/streaming_load_dag.py took 0.137 seconds
