[2025-08-27T03:32:42.682+0000] {manager.py:483} INFO - Processing files using up to 2 processes at a time 
[2025-08-27T03:32:42.683+0000] {manager.py:484} INFO - Process each file at most once every 30 seconds
[2025-08-27T03:32:42.683+0000] {manager.py:485} INFO - Checking for new files in /opt/airflow/dags every 300 seconds
[2025-08-27T03:32:42.684+0000] {manager.py:821} INFO - Searching for files in /opt/airflow/dags
[2025-08-27T03:32:42.712+0000] {manager.py:824} INFO - There are 2 files in /opt/airflow/dags
[2025-08-27T03:32:42.915+0000] {manager.py:997} INFO - 
================================================================================
DAG File Processing Stats

File Path                                  PID  Runtime      # DAGs    # Errors  Last Runtime    Last Run      Last # of DB Queries
---------------------------------------  -----  ---------  --------  ----------  --------------  ----------  ----------------------
/opt/airflow/dags/etl_batch_dag.py         175  0.05s             0           0                                                   0
/opt/airflow/dags/streaming_load_dag.py    172  0.07s             0           0                                                   0
================================================================================
[2025-08-27T03:33:12.931+0000] {manager.py:997} INFO - 
================================================================================
DAG File Processing Stats

File Path                                PID    Runtime      # DAGs    # Errors  Last Runtime    Last Run               Last # of DB Queries
---------------------------------------  -----  ---------  --------  ----------  --------------  -------------------  ----------------------
/opt/airflow/dags/etl_batch_dag.py                                1           0  0.74s           2025-08-27T03:32:43                      45
/opt/airflow/dags/streaming_load_dag.py                           1           0  0.74s           2025-08-27T03:32:43                      43
================================================================================
[2025-08-27T03:33:43.675+0000] {manager.py:997} INFO - 
================================================================================
DAG File Processing Stats

File Path                                PID    Runtime      # DAGs    # Errors  Last Runtime    Last Run               Last # of DB Queries
---------------------------------------  -----  ---------  --------  ----------  --------------  -------------------  ----------------------
/opt/airflow/dags/streaming_load_dag.py                           1           0  0.46s           2025-08-27T03:33:14                      10
/opt/airflow/dags/etl_batch_dag.py                                1           0  0.45s           2025-08-27T03:33:14                      12
================================================================================
[2025-08-27T03:34:14.221+0000] {manager.py:997} INFO - 
================================================================================
DAG File Processing Stats

File Path                                PID    Runtime      # DAGs    # Errors  Last Runtime    Last Run               Last # of DB Queries
---------------------------------------  -----  ---------  --------  ----------  --------------  -------------------  ----------------------
/opt/airflow/dags/streaming_load_dag.py                           1           0  0.22s           2025-08-27T03:33:44                      10
/opt/airflow/dags/etl_batch_dag.py                                1           0  0.22s           2025-08-27T03:33:44                      12
================================================================================
[2025-08-27T03:34:45.012+0000] {manager.py:997} INFO - 
================================================================================
DAG File Processing Stats

File Path                                PID    Runtime      # DAGs    # Errors  Last Runtime    Last Run               Last # of DB Queries
---------------------------------------  -----  ---------  --------  ----------  --------------  -------------------  ----------------------
/opt/airflow/dags/etl_batch_dag.py                                1           0  0.31s           2025-08-27T03:34:15                      12
/opt/airflow/dags/streaming_load_dag.py                           1           0  0.30s           2025-08-27T03:34:15                      10
================================================================================
[2025-08-27T03:35:15.883+0000] {manager.py:997} INFO - 
================================================================================
DAG File Processing Stats

File Path                                PID    Runtime      # DAGs    # Errors  Last Runtime    Last Run               Last # of DB Queries
---------------------------------------  -----  ---------  --------  ----------  --------------  -------------------  ----------------------
/opt/airflow/dags/etl_batch_dag.py                                1           0  0.55s           2025-08-27T03:34:46                      12
/opt/airflow/dags/streaming_load_dag.py                           1           0  0.54s           2025-08-27T03:34:46                      10
================================================================================
[2025-08-27T03:35:46.730+0000] {manager.py:997} INFO - 
================================================================================
DAG File Processing Stats

File Path                                PID    Runtime      # DAGs    # Errors  Last Runtime    Last Run               Last # of DB Queries
---------------------------------------  -----  ---------  --------  ----------  --------------  -------------------  ----------------------
/opt/airflow/dags/streaming_load_dag.py                           1           0  0.39s           2025-08-27T03:35:17                      10
/opt/airflow/dags/etl_batch_dag.py                                1           0  0.39s           2025-08-27T03:35:17                      12
================================================================================
[2025-08-27T03:36:17.500+0000] {manager.py:997} INFO - 
================================================================================
DAG File Processing Stats

File Path                                PID    Runtime      # DAGs    # Errors  Last Runtime    Last Run               Last # of DB Queries
---------------------------------------  -----  ---------  --------  ----------  --------------  -------------------  ----------------------
/opt/airflow/dags/streaming_load_dag.py                           1           0  0.41s           2025-08-27T03:35:48                      10
/opt/airflow/dags/etl_batch_dag.py                                1           0  0.36s           2025-08-27T03:35:48                      12
================================================================================
[2025-08-27T03:36:48.212+0000] {manager.py:997} INFO - 
================================================================================
DAG File Processing Stats

File Path                                PID    Runtime      # DAGs    # Errors  Last Runtime    Last Run               Last # of DB Queries
---------------------------------------  -----  ---------  --------  ----------  --------------  -------------------  ----------------------
/opt/airflow/dags/streaming_load_dag.py                           1           0  0.31s           2025-08-27T03:36:18                      10
/opt/airflow/dags/etl_batch_dag.py                                1           0  0.28s           2025-08-27T03:36:18                      12
================================================================================
[2025-08-27T03:37:18.942+0000] {manager.py:997} INFO - 
================================================================================
DAG File Processing Stats

File Path                                PID    Runtime      # DAGs    # Errors  Last Runtime    Last Run               Last # of DB Queries
---------------------------------------  -----  ---------  --------  ----------  --------------  -------------------  ----------------------
/opt/airflow/dags/streaming_load_dag.py                           1           0  0.35s           2025-08-27T03:36:49                      10
/opt/airflow/dags/etl_batch_dag.py                                1           0  0.32s           2025-08-27T03:36:49                      12
================================================================================
[2025-08-27T03:37:43.517+0000] {manager.py:821} INFO - Searching for files in /opt/airflow/dags
[2025-08-27T03:37:43.580+0000] {manager.py:824} INFO - There are 2 files in /opt/airflow/dags
[2025-08-27T03:37:49.672+0000] {manager.py:997} INFO - 
================================================================================
DAG File Processing Stats

File Path                                PID    Runtime      # DAGs    # Errors  Last Runtime    Last Run               Last # of DB Queries
---------------------------------------  -----  ---------  --------  ----------  --------------  -------------------  ----------------------
/opt/airflow/dags/etl_batch_dag.py                                1           0  0.27s           2025-08-27T03:37:20                      12
/opt/airflow/dags/streaming_load_dag.py                           1           0  0.25s           2025-08-27T03:37:20                      10
================================================================================
[2025-08-27T03:38:20.367+0000] {manager.py:997} INFO - 
================================================================================
DAG File Processing Stats

File Path                                PID    Runtime      # DAGs    # Errors  Last Runtime    Last Run               Last # of DB Queries
---------------------------------------  -----  ---------  --------  ----------  --------------  -------------------  ----------------------
/opt/airflow/dags/etl_batch_dag.py                                1           0  0.31s           2025-08-27T03:37:51                      12
/opt/airflow/dags/streaming_load_dag.py                           1           0  0.30s           2025-08-27T03:37:51                      10
================================================================================
[2025-08-27T03:38:50.824+0000] {manager.py:997} INFO - 
================================================================================
DAG File Processing Stats

File Path                                PID    Runtime      # DAGs    # Errors  Last Runtime    Last Run               Last # of DB Queries
---------------------------------------  -----  ---------  --------  ----------  --------------  -------------------  ----------------------
/opt/airflow/dags/streaming_load_dag.py                           1           0  0.28s           2025-08-27T03:38:21                      10
/opt/airflow/dags/etl_batch_dag.py                                1           0  0.27s           2025-08-27T03:38:21                      12
================================================================================
[2025-08-27T03:39:21.633+0000] {manager.py:997} INFO - 
================================================================================
DAG File Processing Stats

File Path                                PID    Runtime      # DAGs    # Errors  Last Runtime    Last Run               Last # of DB Queries
---------------------------------------  -----  ---------  --------  ----------  --------------  -------------------  ----------------------
/opt/airflow/dags/etl_batch_dag.py                                1           0  0.30s           2025-08-27T03:38:52                      12
/opt/airflow/dags/streaming_load_dag.py                           1           0  0.30s           2025-08-27T03:38:52                      10
================================================================================
[2025-08-27T03:39:52.303+0000] {manager.py:997} INFO - 
================================================================================
DAG File Processing Stats

File Path                                PID    Runtime      # DAGs    # Errors  Last Runtime    Last Run               Last # of DB Queries
---------------------------------------  -----  ---------  --------  ----------  --------------  -------------------  ----------------------
/opt/airflow/dags/streaming_load_dag.py                           1           0  1.29s           2025-08-27T03:39:24                      10
/opt/airflow/dags/etl_batch_dag.py                                1           0  1.25s           2025-08-27T03:39:24                      12
================================================================================
[2025-08-27T03:40:22.474+0000] {manager.py:997} INFO - 
================================================================================
DAG File Processing Stats

File Path                                PID    Runtime      # DAGs    # Errors  Last Runtime    Last Run               Last # of DB Queries
---------------------------------------  -----  ---------  --------  ----------  --------------  -------------------  ----------------------
/opt/airflow/dags/streaming_load_dag.py                           1           0  0.67s           2025-08-27T03:39:55                      10
/opt/airflow/dags/etl_batch_dag.py                                1           0  0.67s           2025-08-27T03:39:55                      12
================================================================================
[2025-08-27T03:40:52.517+0000] {manager.py:997} INFO - 
================================================================================
DAG File Processing Stats

File Path                                  PID  Runtime      # DAGs    # Errors  Last Runtime    Last Run               Last # of DB Queries
---------------------------------------  -----  ---------  --------  ----------  --------------  -------------------  ----------------------
/opt/airflow/dags/streaming_load_dag.py                           1           0  0.36s           2025-08-27T03:40:25                      10
/opt/airflow/dags/etl_batch_dag.py         332  0.00s             1           0  0.35s           2025-08-27T03:40:25                      12
================================================================================
[2025-08-27T03:41:23.015+0000] {manager.py:997} INFO - 
================================================================================
DAG File Processing Stats

File Path                                PID    Runtime      # DAGs    # Errors  Last Runtime    Last Run               Last # of DB Queries
---------------------------------------  -----  ---------  --------  ----------  --------------  -------------------  ----------------------
/opt/airflow/dags/etl_batch_dag.py                                1           0  2.96s           2025-08-27T03:40:55                      34
/opt/airflow/dags/streaming_load_dag.py                           1           0  0.26s           2025-08-27T03:40:56                      10
================================================================================
[2025-08-27T03:41:53.742+0000] {manager.py:997} INFO - 
================================================================================
DAG File Processing Stats

File Path                                PID    Runtime      # DAGs    # Errors  Last Runtime    Last Run               Last # of DB Queries
---------------------------------------  -----  ---------  --------  ----------  --------------  -------------------  ----------------------
/opt/airflow/dags/etl_batch_dag.py                                1           0  0.28s           2025-08-27T03:41:26                      12
/opt/airflow/dags/streaming_load_dag.py                           1           0  0.14s           2025-08-27T03:41:27                      10
================================================================================
[2025-08-27T03:42:24.391+0000] {manager.py:997} INFO - 
================================================================================
DAG File Processing Stats

File Path                                PID    Runtime      # DAGs    # Errors  Last Runtime    Last Run               Last # of DB Queries
---------------------------------------  -----  ---------  --------  ----------  --------------  -------------------  ----------------------
/opt/airflow/dags/etl_batch_dag.py                                1           0  0.50s           2025-08-27T03:41:57                      12
/opt/airflow/dags/streaming_load_dag.py                           1           0  0.24s           2025-08-27T03:41:58                      10
================================================================================
[2025-08-27T03:42:43.866+0000] {manager.py:821} INFO - Searching for files in /opt/airflow/dags
[2025-08-27T03:42:43.894+0000] {manager.py:824} INFO - There are 2 files in /opt/airflow/dags
[2025-08-27T03:42:55.036+0000] {manager.py:997} INFO - 
================================================================================
DAG File Processing Stats

File Path                                PID    Runtime      # DAGs    # Errors  Last Runtime    Last Run               Last # of DB Queries
---------------------------------------  -----  ---------  --------  ----------  --------------  -------------------  ----------------------
/opt/airflow/dags/etl_batch_dag.py                                1           0  0.50s           2025-08-27T03:42:27                      12
/opt/airflow/dags/streaming_load_dag.py                           1           0  0.32s           2025-08-27T03:42:28                      10
================================================================================
[2025-08-27T03:43:25.989+0000] {manager.py:997} INFO - 
================================================================================
DAG File Processing Stats

File Path                                PID    Runtime      # DAGs    # Errors  Last Runtime    Last Run               Last # of DB Queries
---------------------------------------  -----  ---------  --------  ----------  --------------  -------------------  ----------------------
/opt/airflow/dags/etl_batch_dag.py                                1           0  0.51s           2025-08-27T03:42:58                      12
/opt/airflow/dags/streaming_load_dag.py                           1           0  0.30s           2025-08-27T03:42:59                      10
================================================================================
[2025-08-27T03:43:56.669+0000] {manager.py:997} INFO - 
================================================================================
DAG File Processing Stats

File Path                                PID    Runtime      # DAGs    # Errors  Last Runtime    Last Run               Last # of DB Queries
---------------------------------------  -----  ---------  --------  ----------  --------------  -------------------  ----------------------
/opt/airflow/dags/etl_batch_dag.py                                1           0  0.24s           2025-08-27T03:43:29                      12
/opt/airflow/dags/streaming_load_dag.py                           1           0  0.23s           2025-08-27T03:43:30                      10
================================================================================
[2025-08-27T03:44:26.725+0000] {manager.py:997} INFO - 
================================================================================
DAG File Processing Stats

File Path                                PID    Runtime      # DAGs    # Errors  Last Runtime    Last Run               Last # of DB Queries
---------------------------------------  -----  ---------  --------  ----------  --------------  -------------------  ----------------------
/opt/airflow/dags/etl_batch_dag.py                                1           0  0.67s           2025-08-27T03:44:00                      12
/opt/airflow/dags/streaming_load_dag.py                           1           0  0.31s           2025-08-27T03:44:00                      10
================================================================================
[2025-08-27T03:44:57.365+0000] {manager.py:997} INFO - 
================================================================================
DAG File Processing Stats

File Path                                PID    Runtime      # DAGs    # Errors  Last Runtime    Last Run               Last # of DB Queries
---------------------------------------  -----  ---------  --------  ----------  --------------  -------------------  ----------------------
/opt/airflow/dags/etl_batch_dag.py                                1           0  0.23s           2025-08-27T03:44:31                      12
/opt/airflow/dags/streaming_load_dag.py                           1           0  0.18s           2025-08-27T03:44:30                      10
================================================================================
[2025-08-27T03:45:27.815+0000] {manager.py:997} INFO - 
================================================================================
DAG File Processing Stats

File Path                                PID    Runtime      # DAGs    # Errors  Last Runtime    Last Run               Last # of DB Queries
---------------------------------------  -----  ---------  --------  ----------  --------------  -------------------  ----------------------
/opt/airflow/dags/etl_batch_dag.py                                1           0  0.32s           2025-08-27T03:45:01                      12
/opt/airflow/dags/streaming_load_dag.py                           1           0  0.28s           2025-08-27T03:45:01                      10
================================================================================
[2025-08-27T03:45:58.596+0000] {manager.py:997} INFO - 
================================================================================
DAG File Processing Stats

File Path                                PID    Runtime      # DAGs    # Errors  Last Runtime    Last Run               Last # of DB Queries
---------------------------------------  -----  ---------  --------  ----------  --------------  -------------------  ----------------------
/opt/airflow/dags/etl_batch_dag.py                                1           0  0.41s           2025-08-27T03:45:32                      12
/opt/airflow/dags/streaming_load_dag.py                           1           0  0.38s           2025-08-27T03:45:32                      10
================================================================================
[2025-08-27T03:46:14.940+0000] {manager.py:465} INFO - Exiting gracefully upon receiving signal 15
[2025-08-27T03:47:06.547+0000] {manager.py:483} INFO - Processing files using up to 2 processes at a time 
[2025-08-27T03:47:06.548+0000] {manager.py:484} INFO - Process each file at most once every 30 seconds
[2025-08-27T03:47:06.549+0000] {manager.py:485} INFO - Checking for new files in /opt/airflow/dags every 300 seconds
[2025-08-27T03:47:06.553+0000] {manager.py:821} INFO - Searching for files in /opt/airflow/dags
[2025-08-27T03:47:06.618+0000] {manager.py:824} INFO - There are 2 files in /opt/airflow/dags
[2025-08-27T03:47:07.048+0000] {manager.py:997} INFO - 
================================================================================
DAG File Processing Stats

File Path                                  PID  Runtime      # DAGs    # Errors  Last Runtime    Last Run      Last # of DB Queries
---------------------------------------  -----  ---------  --------  ----------  --------------  ----------  ----------------------
/opt/airflow/dags/etl_batch_dag.py         172  0.10s             0           0                                                   0
/opt/airflow/dags/streaming_load_dag.py    175  0.06s             0           0                                                   0
================================================================================
[2025-08-27T03:47:37.355+0000] {manager.py:997} INFO - 
================================================================================
DAG File Processing Stats

File Path                                PID    Runtime      # DAGs    # Errors  Last Runtime    Last Run               Last # of DB Queries
---------------------------------------  -----  ---------  --------  ----------  --------------  -------------------  ----------------------
/opt/airflow/dags/etl_batch_dag.py                                1           0  0.50s           2025-08-27T03:47:07                      12
/opt/airflow/dags/streaming_load_dag.py                           1           0  0.47s           2025-08-27T03:47:07                      10
================================================================================
[2025-08-27T03:48:07.789+0000] {manager.py:997} INFO - 
================================================================================
DAG File Processing Stats

File Path                                PID    Runtime      # DAGs    # Errors  Last Runtime    Last Run               Last # of DB Queries
---------------------------------------  -----  ---------  --------  ----------  --------------  -------------------  ----------------------
/opt/airflow/dags/etl_batch_dag.py                                1           0  0.75s           2025-08-27T03:47:38                      12
/opt/airflow/dags/streaming_load_dag.py                           1           0  0.65s           2025-08-27T03:47:38                      10
================================================================================
[2025-08-27T03:48:38.652+0000] {manager.py:997} INFO - 
================================================================================
DAG File Processing Stats

File Path                                PID    Runtime      # DAGs    # Errors  Last Runtime    Last Run               Last # of DB Queries
---------------------------------------  -----  ---------  --------  ----------  --------------  -------------------  ----------------------
/opt/airflow/dags/etl_batch_dag.py                                1           0  0.49s           2025-08-27T03:48:09                      12
/opt/airflow/dags/streaming_load_dag.py                           1           0  0.45s           2025-08-27T03:48:09                      10
================================================================================
[2025-08-27T03:49:09.371+0000] {manager.py:997} INFO - 
================================================================================
DAG File Processing Stats

File Path                                PID    Runtime      # DAGs    # Errors  Last Runtime    Last Run               Last # of DB Queries
---------------------------------------  -----  ---------  --------  ----------  --------------  -------------------  ----------------------
/opt/airflow/dags/etl_batch_dag.py                                1           0  0.30s           2025-08-27T03:48:39                      12
/opt/airflow/dags/streaming_load_dag.py                           1           0  0.27s           2025-08-27T03:48:39                      10
================================================================================
[2025-08-27T03:49:40.131+0000] {manager.py:997} INFO - 
================================================================================
DAG File Processing Stats

File Path                                PID    Runtime      # DAGs    # Errors  Last Runtime    Last Run               Last # of DB Queries
---------------------------------------  -----  ---------  --------  ----------  --------------  -------------------  ----------------------
/opt/airflow/dags/etl_batch_dag.py                                1           0  0.32s           2025-08-27T03:49:10                      12
/opt/airflow/dags/streaming_load_dag.py                           1           0  0.29s           2025-08-27T03:49:10                      10
================================================================================
[2025-08-27T03:50:10.138+0000] {manager.py:997} INFO - 
================================================================================
DAG File Processing Stats

File Path                                PID    Runtime      # DAGs    # Errors  Last Runtime    Last Run               Last # of DB Queries
---------------------------------------  -----  ---------  --------  ----------  --------------  -------------------  ----------------------
/opt/airflow/dags/etl_batch_dag.py                                1           0  0.51s           2025-08-27T03:49:41                      12
/opt/airflow/dags/streaming_load_dag.py                           1           0  0.43s           2025-08-27T03:49:41                      10
================================================================================
[2025-08-27T03:50:40.969+0000] {manager.py:997} INFO - 
================================================================================
DAG File Processing Stats

File Path                                PID    Runtime      # DAGs    # Errors  Last Runtime    Last Run               Last # of DB Queries
---------------------------------------  -----  ---------  --------  ----------  --------------  -------------------  ----------------------
/opt/airflow/dags/etl_batch_dag.py                                1           0  0.38s           2025-08-27T03:50:12                      12
/opt/airflow/dags/streaming_load_dag.py                           1           0  0.34s           2025-08-27T03:50:12                      10
================================================================================
[2025-08-27T03:51:11.733+0000] {manager.py:997} INFO - 
================================================================================
DAG File Processing Stats

File Path                                PID    Runtime      # DAGs    # Errors  Last Runtime    Last Run               Last # of DB Queries
---------------------------------------  -----  ---------  --------  ----------  --------------  -------------------  ----------------------
/opt/airflow/dags/etl_batch_dag.py                                1           0  0.32s           2025-08-27T03:50:43                      12
/opt/airflow/dags/streaming_load_dag.py                           1           0  0.32s           2025-08-27T03:50:43                      10
================================================================================
[2025-08-27T03:51:42.554+0000] {manager.py:997} INFO - 
================================================================================
DAG File Processing Stats

File Path                                PID    Runtime      # DAGs    # Errors  Last Runtime    Last Run               Last # of DB Queries
---------------------------------------  -----  ---------  --------  ----------  --------------  -------------------  ----------------------
/opt/airflow/dags/etl_batch_dag.py                                1           0  0.56s           2025-08-27T03:51:14                      12
/opt/airflow/dags/streaming_load_dag.py                           1           0  0.50s           2025-08-27T03:51:14                      10
================================================================================
[2025-08-27T03:52:07.252+0000] {manager.py:821} INFO - Searching for files in /opt/airflow/dags
[2025-08-27T03:52:07.296+0000] {manager.py:824} INFO - There are 2 files in /opt/airflow/dags
[2025-08-27T03:52:13.402+0000] {manager.py:997} INFO - 
================================================================================
DAG File Processing Stats

File Path                                PID    Runtime      # DAGs    # Errors  Last Runtime    Last Run               Last # of DB Queries
---------------------------------------  -----  ---------  --------  ----------  --------------  -------------------  ----------------------
/opt/airflow/dags/etl_batch_dag.py                                1           0  0.41s           2025-08-27T03:51:44                      12
/opt/airflow/dags/streaming_load_dag.py                           1           0  0.38s           2025-08-27T03:51:44                      10
================================================================================
[2025-08-27T03:52:43.830+0000] {manager.py:997} INFO - 
================================================================================
DAG File Processing Stats

File Path                                PID    Runtime      # DAGs    # Errors  Last Runtime    Last Run               Last # of DB Queries
---------------------------------------  -----  ---------  --------  ----------  --------------  -------------------  ----------------------
/opt/airflow/dags/etl_batch_dag.py                                1           0  0.38s           2025-08-27T03:52:15                      12
/opt/airflow/dags/streaming_load_dag.py                           1           0  0.35s           2025-08-27T03:52:15                      10
================================================================================
[2025-08-27T03:53:14.287+0000] {manager.py:997} INFO - 
================================================================================
DAG File Processing Stats

File Path                                PID    Runtime      # DAGs    # Errors  Last Runtime    Last Run               Last # of DB Queries
---------------------------------------  -----  ---------  --------  ----------  --------------  -------------------  ----------------------
/opt/airflow/dags/streaming_load_dag.py                           1           0  0.27s           2025-08-27T03:52:46                      10
/opt/airflow/dags/etl_batch_dag.py                                1           0  0.25s           2025-08-27T03:52:46                      12
================================================================================
[2025-08-27T03:53:45.272+0000] {manager.py:997} INFO - 
================================================================================
DAG File Processing Stats

File Path                                PID    Runtime      # DAGs    # Errors  Last Runtime    Last Run               Last # of DB Queries
---------------------------------------  -----  ---------  --------  ----------  --------------  -------------------  ----------------------
/opt/airflow/dags/etl_batch_dag.py                                1           0  0.53s           2025-08-27T03:53:16                      12
/opt/airflow/dags/streaming_load_dag.py                           1           0  0.48s           2025-08-27T03:53:16                      10
================================================================================
[2025-08-27T03:54:15.914+0000] {manager.py:997} INFO - 
================================================================================
DAG File Processing Stats

File Path                                PID    Runtime      # DAGs    # Errors  Last Runtime    Last Run               Last # of DB Queries
---------------------------------------  -----  ---------  --------  ----------  --------------  -------------------  ----------------------
/opt/airflow/dags/etl_batch_dag.py                                1           0  0.25s           2025-08-27T03:53:47                      12
/opt/airflow/dags/streaming_load_dag.py                           1           0  0.20s           2025-08-27T03:53:47                      10
================================================================================
[2025-08-27T03:54:46.662+0000] {manager.py:997} INFO - 
================================================================================
DAG File Processing Stats

File Path                                PID    Runtime      # DAGs    # Errors  Last Runtime    Last Run               Last # of DB Queries
---------------------------------------  -----  ---------  --------  ----------  --------------  -------------------  ----------------------
/opt/airflow/dags/etl_batch_dag.py                                1           0  0.26s           2025-08-27T03:54:18                      12
/opt/airflow/dags/streaming_load_dag.py                           1           0  0.20s           2025-08-27T03:54:18                      10
================================================================================
[2025-08-27T03:55:17.398+0000] {manager.py:997} INFO - 
================================================================================
DAG File Processing Stats

File Path                                PID    Runtime      # DAGs    # Errors  Last Runtime    Last Run               Last # of DB Queries
---------------------------------------  -----  ---------  --------  ----------  --------------  -------------------  ----------------------
/opt/airflow/dags/etl_batch_dag.py                                1           0  0.22s           2025-08-27T03:54:48                      12
/opt/airflow/dags/streaming_load_dag.py                           1           0  0.18s           2025-08-27T03:54:48                      10
================================================================================
[2025-08-27T03:55:47.946+0000] {manager.py:997} INFO - 
================================================================================
DAG File Processing Stats

File Path                                PID    Runtime      # DAGs    # Errors  Last Runtime    Last Run               Last # of DB Queries
---------------------------------------  -----  ---------  --------  ----------  --------------  -------------------  ----------------------
/opt/airflow/dags/etl_batch_dag.py                                1           0  0.27s           2025-08-27T03:55:19                      12
/opt/airflow/dags/streaming_load_dag.py                           1           0  0.24s           2025-08-27T03:55:19                      10
================================================================================
[2025-08-27T03:56:18.554+0000] {manager.py:997} INFO - 
================================================================================
DAG File Processing Stats

File Path                                PID    Runtime      # DAGs    # Errors  Last Runtime    Last Run               Last # of DB Queries
---------------------------------------  -----  ---------  --------  ----------  --------------  -------------------  ----------------------
/opt/airflow/dags/etl_batch_dag.py                                1           0  0.18s           2025-08-27T03:55:50                      12
/opt/airflow/dags/streaming_load_dag.py                           1           0  0.16s           2025-08-27T03:55:50                      10
================================================================================
[2025-08-27T03:56:49.347+0000] {manager.py:997} INFO - 
================================================================================
DAG File Processing Stats

File Path                                PID    Runtime      # DAGs    # Errors  Last Runtime    Last Run               Last # of DB Queries
---------------------------------------  -----  ---------  --------  ----------  --------------  -------------------  ----------------------
/opt/airflow/dags/etl_batch_dag.py                                1           0  0.35s           2025-08-27T03:56:20                      12
/opt/airflow/dags/streaming_load_dag.py                           1           0  0.30s           2025-08-27T03:56:20                      10
================================================================================
[2025-08-27T03:57:07.717+0000] {manager.py:821} INFO - Searching for files in /opt/airflow/dags
[2025-08-27T03:57:07.864+0000] {manager.py:824} INFO - There are 2 files in /opt/airflow/dags
[2025-08-27T03:57:20.108+0000] {manager.py:997} INFO - 
================================================================================
DAG File Processing Stats

File Path                                PID    Runtime      # DAGs    # Errors  Last Runtime    Last Run               Last # of DB Queries
---------------------------------------  -----  ---------  --------  ----------  --------------  -------------------  ----------------------
/opt/airflow/dags/etl_batch_dag.py                                1           0  0.34s           2025-08-27T03:56:51                      12
/opt/airflow/dags/streaming_load_dag.py                           1           0  0.31s           2025-08-27T03:56:51                      10
================================================================================
[2025-08-27T03:57:50.891+0000] {manager.py:997} INFO - 
================================================================================
DAG File Processing Stats

File Path                                PID    Runtime      # DAGs    # Errors  Last Runtime    Last Run               Last # of DB Queries
---------------------------------------  -----  ---------  --------  ----------  --------------  -------------------  ----------------------
/opt/airflow/dags/etl_batch_dag.py                                1           0  0.28s           2025-08-27T03:57:22                      12
/opt/airflow/dags/streaming_load_dag.py                           1           0  0.25s           2025-08-27T03:57:22                      10
================================================================================
[2025-08-27T03:58:21.360+0000] {manager.py:997} INFO - 
================================================================================
DAG File Processing Stats

File Path                                PID    Runtime      # DAGs    # Errors  Last Runtime    Last Run               Last # of DB Queries
---------------------------------------  -----  ---------  --------  ----------  --------------  -------------------  ----------------------
/opt/airflow/dags/etl_batch_dag.py                                1           0  0.35s           2025-08-27T03:57:53                      12
/opt/airflow/dags/streaming_load_dag.py                           1           0  0.34s           2025-08-27T03:57:53                      10
================================================================================
[2025-08-27T03:58:52.071+0000] {manager.py:997} INFO - 
================================================================================
DAG File Processing Stats

File Path                                PID    Runtime      # DAGs    # Errors  Last Runtime    Last Run               Last # of DB Queries
---------------------------------------  -----  ---------  --------  ----------  --------------  -------------------  ----------------------
/opt/airflow/dags/etl_batch_dag.py                                1           0  0.31s           2025-08-27T03:58:23                      12
/opt/airflow/dags/streaming_load_dag.py                           1           0  0.27s           2025-08-27T03:58:23                      10
================================================================================
[2025-08-27T03:59:22.713+0000] {manager.py:997} INFO - 
================================================================================
DAG File Processing Stats

File Path                                PID    Runtime      # DAGs    # Errors  Last Runtime    Last Run               Last # of DB Queries
---------------------------------------  -----  ---------  --------  ----------  --------------  -------------------  ----------------------
/opt/airflow/dags/etl_batch_dag.py                                1           0  0.29s           2025-08-27T03:58:54                      12
/opt/airflow/dags/streaming_load_dag.py                           1           0  0.26s           2025-08-27T03:58:54                      10
================================================================================
[2025-08-27T03:59:53.249+0000] {manager.py:997} INFO - 
================================================================================
DAG File Processing Stats

File Path                                PID    Runtime      # DAGs    # Errors  Last Runtime    Last Run               Last # of DB Queries
---------------------------------------  -----  ---------  --------  ----------  --------------  -------------------  ----------------------
/opt/airflow/dags/etl_batch_dag.py                                1           0  0.26s           2025-08-27T03:59:25                      12
/opt/airflow/dags/streaming_load_dag.py                           1           0  0.23s           2025-08-27T03:59:24                      10
================================================================================
[2025-08-27T04:00:23.786+0000] {manager.py:997} INFO - 
================================================================================
DAG File Processing Stats

File Path                                PID    Runtime      # DAGs    # Errors  Last Runtime    Last Run               Last # of DB Queries
---------------------------------------  -----  ---------  --------  ----------  --------------  -------------------  ----------------------
/opt/airflow/dags/etl_batch_dag.py                                1           0  0.25s           2025-08-27T03:59:55                      12
/opt/airflow/dags/streaming_load_dag.py                           1           0  0.22s           2025-08-27T03:59:55                      10
================================================================================
[2025-08-27T04:00:54.247+0000] {manager.py:997} INFO - 
================================================================================
DAG File Processing Stats

File Path                                PID    Runtime      # DAGs    # Errors  Last Runtime    Last Run               Last # of DB Queries
---------------------------------------  -----  ---------  --------  ----------  --------------  -------------------  ----------------------
/opt/airflow/dags/etl_batch_dag.py                                1           0  0.25s           2025-08-27T04:00:26                      12
/opt/airflow/dags/streaming_load_dag.py                           1           0  0.21s           2025-08-27T04:00:26                      10
================================================================================
[2025-08-27T04:01:24.780+0000] {manager.py:997} INFO - 
================================================================================
DAG File Processing Stats

File Path                                PID    Runtime      # DAGs    # Errors  Last Runtime    Last Run               Last # of DB Queries
---------------------------------------  -----  ---------  --------  ----------  --------------  -------------------  ----------------------
/opt/airflow/dags/etl_batch_dag.py                                1           0  0.27s           2025-08-27T04:00:56                      12
/opt/airflow/dags/streaming_load_dag.py                           1           0  0.23s           2025-08-27T04:00:56                      10
================================================================================
[2025-08-27T04:01:55.291+0000] {manager.py:997} INFO - 
================================================================================
DAG File Processing Stats

File Path                                PID    Runtime      # DAGs    # Errors  Last Runtime    Last Run               Last # of DB Queries
---------------------------------------  -----  ---------  --------  ----------  --------------  -------------------  ----------------------
/opt/airflow/dags/etl_batch_dag.py                                1           0  0.24s           2025-08-27T04:01:27                      12
/opt/airflow/dags/streaming_load_dag.py                           1           0  0.21s           2025-08-27T04:01:27                      10
================================================================================
[2025-08-27T04:02:08.582+0000] {manager.py:821} INFO - Searching for files in /opt/airflow/dags
[2025-08-27T04:02:08.617+0000] {manager.py:824} INFO - There are 2 files in /opt/airflow/dags
[2025-08-27T04:02:25.813+0000] {manager.py:997} INFO - 
================================================================================
DAG File Processing Stats

File Path                                PID    Runtime      # DAGs    # Errors  Last Runtime    Last Run               Last # of DB Queries
---------------------------------------  -----  ---------  --------  ----------  --------------  -------------------  ----------------------
/opt/airflow/dags/etl_batch_dag.py                                1           0  0.20s           2025-08-27T04:01:57                      12
/opt/airflow/dags/streaming_load_dag.py                           1           0  0.18s           2025-08-27T04:01:57                      10
================================================================================
[2025-08-27T04:02:56.309+0000] {manager.py:997} INFO - 
================================================================================
DAG File Processing Stats

File Path                                PID    Runtime      # DAGs    # Errors  Last Runtime    Last Run               Last # of DB Queries
---------------------------------------  -----  ---------  --------  ----------  --------------  -------------------  ----------------------
/opt/airflow/dags/etl_batch_dag.py                                1           0  0.22s           2025-08-27T04:02:28                      12
/opt/airflow/dags/streaming_load_dag.py                           1           0  0.20s           2025-08-27T04:02:28                      10
================================================================================
[2025-08-27T04:03:26.676+0000] {manager.py:997} INFO - 
================================================================================
DAG File Processing Stats

File Path                                PID    Runtime      # DAGs    # Errors  Last Runtime    Last Run               Last # of DB Queries
---------------------------------------  -----  ---------  --------  ----------  --------------  -------------------  ----------------------
/opt/airflow/dags/etl_batch_dag.py                                1           0  0.20s           2025-08-27T04:02:58                      12
/opt/airflow/dags/streaming_load_dag.py                           1           0  0.18s           2025-08-27T04:02:58                      10
================================================================================
[2025-08-27T04:03:57.164+0000] {manager.py:997} INFO - 
================================================================================
DAG File Processing Stats

File Path                                PID    Runtime      # DAGs    # Errors  Last Runtime    Last Run               Last # of DB Queries
---------------------------------------  -----  ---------  --------  ----------  --------------  -------------------  ----------------------
/opt/airflow/dags/etl_batch_dag.py                                1           0  0.21s           2025-08-27T04:03:28                      12
/opt/airflow/dags/streaming_load_dag.py                           1           0  0.19s           2025-08-27T04:03:28                      10
================================================================================
[2025-08-27T04:04:27.571+0000] {manager.py:997} INFO - 
================================================================================
DAG File Processing Stats

File Path                                PID    Runtime      # DAGs    # Errors  Last Runtime    Last Run               Last # of DB Queries
---------------------------------------  -----  ---------  --------  ----------  --------------  -------------------  ----------------------
/opt/airflow/dags/etl_batch_dag.py                                1           0  0.19s           2025-08-27T04:03:59                      12
/opt/airflow/dags/streaming_load_dag.py                           1           0  0.17s           2025-08-27T04:03:59                      10
================================================================================
[2025-08-27T04:04:58.055+0000] {manager.py:997} INFO - 
================================================================================
DAG File Processing Stats

File Path                                PID    Runtime      # DAGs    # Errors  Last Runtime    Last Run               Last # of DB Queries
---------------------------------------  -----  ---------  --------  ----------  --------------  -------------------  ----------------------
/opt/airflow/dags/etl_batch_dag.py                                1           0  0.19s           2025-08-27T04:04:29                      12
/opt/airflow/dags/streaming_load_dag.py                           1           0  0.17s           2025-08-27T04:04:29                      10
================================================================================
[2025-08-27T04:05:28.409+0000] {manager.py:997} INFO - 
================================================================================
DAG File Processing Stats

File Path                                PID    Runtime      # DAGs    # Errors  Last Runtime    Last Run               Last # of DB Queries
---------------------------------------  -----  ---------  --------  ----------  --------------  -------------------  ----------------------
/opt/airflow/dags/etl_batch_dag.py                                1           0  0.60s           2025-08-27T04:05:00                      12
/opt/airflow/dags/streaming_load_dag.py                           1           0  0.57s           2025-08-27T04:05:00                      10
================================================================================
[2025-08-27T04:05:58.929+0000] {manager.py:997} INFO - 
================================================================================
DAG File Processing Stats

File Path                                PID    Runtime      # DAGs    # Errors  Last Runtime    Last Run               Last # of DB Queries
---------------------------------------  -----  ---------  --------  ----------  --------------  -------------------  ----------------------
/opt/airflow/dags/etl_batch_dag.py                                1           0  0.59s           2025-08-27T04:05:31                      12
/opt/airflow/dags/streaming_load_dag.py                           1           0  0.55s           2025-08-27T04:05:31                      10
================================================================================
[2025-08-27T04:06:29.289+0000] {manager.py:997} INFO - 
================================================================================
DAG File Processing Stats

File Path                                PID    Runtime      # DAGs    # Errors  Last Runtime    Last Run               Last # of DB Queries
---------------------------------------  -----  ---------  --------  ----------  --------------  -------------------  ----------------------
/opt/airflow/dags/etl_batch_dag.py                                1           0  0.22s           2025-08-27T04:06:02                      12
/opt/airflow/dags/streaming_load_dag.py                           1           0  0.19s           2025-08-27T04:06:02                      10
================================================================================
[2025-08-27T04:07:00.150+0000] {manager.py:997} INFO - 
================================================================================
DAG File Processing Stats

File Path                                PID    Runtime      # DAGs    # Errors  Last Runtime    Last Run               Last # of DB Queries
---------------------------------------  -----  ---------  --------  ----------  --------------  -------------------  ----------------------
/opt/airflow/dags/etl_batch_dag.py                                1           0  0.46s           2025-08-27T04:06:32                      12
/opt/airflow/dags/streaming_load_dag.py                           1           0  0.38s           2025-08-27T04:06:32                      10
================================================================================
[2025-08-27T04:07:09.458+0000] {manager.py:821} INFO - Searching for files in /opt/airflow/dags
[2025-08-27T04:07:09.483+0000] {manager.py:824} INFO - There are 2 files in /opt/airflow/dags
[2025-08-27T04:07:30.738+0000] {manager.py:997} INFO - 
================================================================================
DAG File Processing Stats

File Path                                PID    Runtime      # DAGs    # Errors  Last Runtime    Last Run               Last # of DB Queries
---------------------------------------  -----  ---------  --------  ----------  --------------  -------------------  ----------------------
/opt/airflow/dags/etl_batch_dag.py                                1           0  0.23s           2025-08-27T04:07:03                      12
/opt/airflow/dags/streaming_load_dag.py                           1           0  0.18s           2025-08-27T04:07:03                      10
================================================================================
[2025-08-27T04:08:01.097+0000] {manager.py:997} INFO - 
================================================================================
DAG File Processing Stats

File Path                                PID    Runtime      # DAGs    # Errors  Last Runtime    Last Run               Last # of DB Queries
---------------------------------------  -----  ---------  --------  ----------  --------------  -------------------  ----------------------
/opt/airflow/dags/etl_batch_dag.py                                1           0  0.22s           2025-08-27T04:07:33                      12
/opt/airflow/dags/streaming_load_dag.py                           1           0  0.18s           2025-08-27T04:07:33                      10
================================================================================
